compiler VM loaded 2 image(s); start PC=$C2AA
queued key $E5 at PC=$A2E0
queued 36 scripted CIO byte(s) at PC=$B2F5
captured symbol snapshot `segvec` at PC=$04C6: proc=<none>, 0 local(s)
captured symbol snapshot `segvec` at PC=$04C6: proc=Abs, 1 local(s)
captured symbol snapshot `segvec` at PC=$04C6: proc=Circle, 9 local(s)
stop: max steps reached
regs: PC=$A72E A=$00 X=$00 Y=$00 SP=$F9 P=$B0
cart: window=$A000-$BFFF bank=2/3 bank_size=4096
recent instructions:
  53509153 PC=$A70E OP=$B1 A=$01 X=$00 Y=$00 SP=$F9 P=$33
  53509156 PC=$A710 OP=$F0 A=$00 X=$00 Y=$00 SP=$F9 P=$33
  53509158 PC=$A72C OP=$E0 A=$00 X=$00 Y=$00 SP=$F9 P=$33
  53509160 PC=$A72E OP=$F0 A=$00 X=$00 Y=$00 SP=$F9 P=$B0
  53509163 PC=$A730 OP=$D0 A=$00 X=$00 Y=$00 SP=$F9 P=$B0
  53509165 PC=$A6D2 OP=$A0 A=$00 X=$00 Y=$00 SP=$F9 P=$B0
  53509167 PC=$A6D4 OP=$18 A=$00 X=$00 Y=$00 SP=$F9 P=$32
  53509172 PC=$A6D5 OP=$B1 A=$00 X=$00 Y=$00 SP=$F9 P=$32
  53509174 PC=$A6D7 OP=$69 A=$00 X=$00 Y=$00 SP=$F9 P=$32
  53509176 PC=$A6D9 OP=$E0 A=$01 X=$00 Y=$00 SP=$F9 P=$30
  53509178 PC=$A6DB OP=$F0 A=$01 X=$00 Y=$00 SP=$F9 P=$B0
  53509180 PC=$A6DD OP=$E0 A=$01 X=$00 Y=$00 SP=$F9 P=$B0
  53509182 PC=$A6DF OP=$F0 A=$01 X=$00 Y=$00 SP=$F9 P=$30
  53509185 PC=$A6E1 OP=$C4 A=$01 X=$00 Y=$00 SP=$F9 P=$30
  53509188 PC=$A6E3 OP=$F0 A=$01 X=$00 Y=$00 SP=$F9 P=$33
  53509191 PC=$A70A OP=$86 A=$01 X=$00 Y=$00 SP=$F9 P=$33
  53509193 PC=$A70C OP=$A0 A=$01 X=$00 Y=$00 SP=$F9 P=$33
  53509198 PC=$A70E OP=$B1 A=$01 X=$00 Y=$00 SP=$F9 P=$33
  53509201 PC=$A710 OP=$F0 A=$00 X=$00 Y=$00 SP=$F9 P=$33
  53509203 PC=$A72C OP=$E0 A=$00 X=$00 Y=$00 SP=$F9 P=$33
CIO summary: calls=192 handled=190 passthrough=2 open=8 close=9 status=0 read=117 write=58 eof=2 bytes_read=1282 bytes_written=780
recent CIO:
  cyc=2435093 dcyc=170 x=$00 ch=0 cmd=$0B ret=$A6F9 aux=$0C/$AC buf=$0901 len=0 dev=- handled A=$C3 Y=$01 write E: 1 byte(s)
  cyc=2435153 dcyc=60 x=$70 ch=7 cmd=$07 ret=$A2E9 aux=$04/$04 buf=$A831 len=0 dev=Q: handled A=$4C Y=$01 read queued input $4C read="L"
  cyc=2435323 dcyc=170 x=$00 ch=0 cmd=$0B ret=$A6F9 aux=$0C/$AC buf=$0901 len=0 dev=- handled A=$CC Y=$01 write E: 1 byte(s)
  cyc=2435383 dcyc=60 x=$70 ch=7 cmd=$07 ret=$A2E9 aux=$04/$04 buf=$A831 len=0 dev=Q: handled A=$45 Y=$01 read queued input $45 read="E"
  cyc=2435553 dcyc=170 x=$00 ch=0 cmd=$0B ret=$A6F9 aux=$0C/$AC buf=$0901 len=0 dev=- handled A=$C5 Y=$01 write E: 1 byte(s)
  cyc=2435613 dcyc=60 x=$70 ch=7 cmd=$07 ret=$A2E9 aux=$04/$04 buf=$A831 len=0 dev=Q: handled A=$31 Y=$01 read queued input $31 read="1"
  cyc=2435783 dcyc=170 x=$00 ch=0 cmd=$0B ret=$A6F9 aux=$0C/$AC buf=$0901 len=0 dev=- handled A=$B1 Y=$01 write E: 1 byte(s)
  cyc=2435843 dcyc=60 x=$70 ch=7 cmd=$07 ret=$A2E9 aux=$04/$04 buf=$A831 len=0 dev=Q: handled A=$2E Y=$01 read queued input $2E read="."
  cyc=2436013 dcyc=170 x=$00 ch=0 cmd=$0B ret=$A6F9 aux=$0C/$AC buf=$0901 len=0 dev=- handled A=$AE Y=$01 write E: 1 byte(s)
  cyc=2436073 dcyc=60 x=$70 ch=7 cmd=$07 ret=$A2E9 aux=$04/$04 buf=$A831 len=0 dev=Q: handled A=$43 Y=$01 read queued input $43 read="C"
  cyc=2436243 dcyc=170 x=$00 ch=0 cmd=$0B ret=$A6F9 aux=$0C/$AC buf=$0901 len=0 dev=- handled A=$C3 Y=$01 write E: 1 byte(s)
  cyc=2436303 dcyc=60 x=$70 ch=7 cmd=$07 ret=$A2E9 aux=$04/$04 buf=$A831 len=0 dev=Q: handled A=$4F Y=$01 read queued input $4F read="O"
  cyc=2436473 dcyc=170 x=$00 ch=0 cmd=$0B ret=$A6F9 aux=$0C/$AC buf=$0901 len=0 dev=- handled A=$CF Y=$01 write E: 1 byte(s)
  cyc=2436533 dcyc=60 x=$70 ch=7 cmd=$07 ret=$A2E9 aux=$04/$04 buf=$A831 len=0 dev=Q: handled A=$4D Y=$01 read queued input $4D read="M"
  cyc=2436703 dcyc=170 x=$00 ch=0 cmd=$0B ret=$A6F9 aux=$0C/$AC buf=$0901 len=0 dev=- handled A=$CD Y=$01 write E: 1 byte(s)
  cyc=2436763 dcyc=60 x=$70 ch=7 cmd=$07 ret=$A2E9 aux=$04/$04 buf=$A831 len=0 dev=Q: handled A=$22 Y=$01 read queued input $22 read="\""
  cyc=2436933 dcyc=170 x=$00 ch=0 cmd=$0B ret=$A6F9 aux=$0C/$AC buf=$0901 len=0 dev=- handled A=$A2 Y=$01 write E: 1 byte(s)
  cyc=2436993 dcyc=60 x=$70 ch=7 cmd=$07 ret=$A2E9 aux=$04/$04 buf=$A831 len=0 dev=Q: handled A=$9B Y=$01 read queued input $9B read="\n"
  cyc=2437206 dcyc=213 x=$00 ch=0 cmd=$0B ret=$B2B2 aux=$0C/$AC buf=$0901 len=0 dev=- handled A=$1E Y=$01 write E: 1 byte(s)
  cyc=2437264 dcyc=58 x=$00 ch=0 cmd=$0B ret=$AD37 aux=$0C/$AC buf=$0901 len=0 dev=- handled A=$1F Y=$01 write E: 1 byte(s)
  cyc=2439702 dcyc=2438 x=$10 ch=1 cmd=$0C ret=$B15A aux=$04/$AE buf=$B0B1 len=155 dev=CIRCLE1.ACT@196 handled A=$B0 Y=$01 close harness device
  cyc=2439834 dcyc=132 x=$10 ch=1 cmd=$03 ret=$B19A aux=$08/$AE buf=$946A len=13 dev=- handled A=$94 Y=$01 open harness device
  cyc=2439943 dcyc=109 x=$00 ch=0 cmd=$0B ret=$AE50 aux=$0C/$AC buf=$0901 len=0 dev=- handled A=$9B Y=$01 write E: 1 byte(s)
  cyc=2440116 dcyc=173 x=$10 ch=1 cmd=$0B ret=$AECE aux=$08/$AE buf=$00AA len=6 dev=CIRCLE1.COM@0 handled A=$00 Y=$01 write host 6 byte(s)
  cyc=2440181 dcyc=65 x=$10 ch=1 cmd=$0B ret=$AEA2 aux=$08/$AE buf=$3000 len=692 dev=CIRCLE1.COM@6 handled A=$02 Y=$01 write host 692 byte(s)
  cyc=2440370 dcyc=189 x=$10 ch=1 cmd=$0B ret=$AECE aux=$08/$AE buf=$00AA len=6 dev=CIRCLE1.COM@698 handled A=$00 Y=$01 write host 6 byte(s)
  cyc=2440480 dcyc=110 x=$10 ch=1 cmd=$0C ret=$AD5B aux=$08/$AE buf=$B0B1 len=155 dev=CIRCLE1.COM@704 handled A=$B0 Y=$01 close harness device
  cyc=2440594 dcyc=114 x=$70 ch=7 cmd=$0C ret=$A823 aux=$04/$04 buf=$B0B1 len=155 dev=Q: handled A=$B0 Y=$01 close harness device
  cyc=2440706 dcyc=112 x=$70 ch=7 cmd=$03 ret=$AD23 aux=$04/$AE buf=$A831 len=2 dev=- handled A=$A8 Y=$01 open harness device
  cyc=2440776 dcyc=70 x=$00 ch=0 cmd=$0B ret=$AD2D aux=$0C/$AC buf=$0901 len=0 dev=- handled A=$FD Y=$01 write E: 1 byte(s)
  cyc=2441646 dcyc=870 x=$00 ch=0 cmd=$0B ret=$B08D aux=$0C/$AC buf=$0901 len=0 dev=- handled A=$1F Y=$01 write E: 1 byte(s)
  cyc=2441719 dcyc=73 x=$70 ch=7 cmd=$07 ret=$A2E9 aux=$04/$AE buf=$A831 len=0 dev=Q: pass A=-- Y=-- keyboard read waiting
speaker writes: 1 last=$00
CIO E: channel 0 output:
  .............................
  INCLUDE "D:CIRCLE.ACT".....................
  ..
captured symbol snapshot `stop` at PC=$A72E: proc=CircleDemo, 1 local(s)
wrote host output `CIRCLE1.COM`: 704 byte(s) to samples/toolkit/survey/outputs/vm/CIRCLE1.COM
wrote symbol dump: 3 global(s), 1 local(s) to samples/toolkit/survey/outputs/vm/CIRCLE1.symbols.json
wrote 3 symbol snapshot(s) to samples/toolkit/survey/outputs/vm/CIRCLE1.symbol-snapshots.json
stopped after 20000000 step(s), cycles=53509203, PC=$A72E
