compiler VM loaded 2 image(s); start PC=$C2AA
queued key $E5 at PC=$A2E0
queued 38 scripted CIO byte(s) at PC=$B2F5
captured symbol snapshot `segvec` at PC=$04C6: proc=<none>, 0 local(s)
captured symbol snapshot `segvec` at PC=$04C6: proc=InitP, 0 local(s)
captured symbol snapshot `segvec` at PC=$04C6: proc=InitGr8, 13 local(s)
captured symbol snapshot `segvec` at PC=$04C6: proc=Plot8, 4 local(s)
captured symbol snapshot `segvec` at PC=$04C6: proc=Erase8, 4 local(s)
captured symbol snapshot `segvec` at PC=$04C6: proc=GenP, 3 local(s)
captured symbol snapshot `segvec` at PC=$04C6: proc=GenE, 2 local(s)
captured symbol snapshot `segvec` at PC=$04C6: proc=GetParam, 5 local(s)
captured symbol snapshot `segvec` at PC=$04C6: proc=Params, 0 local(s)
stop: max steps reached
regs: PC=$A70E A=$01 X=$00 Y=$00 SP=$F9 P=$33
cart: window=$A000-$BFFF bank=2/3 bank_size=4096
recent instructions:
  53808374 PC=$A6E3 OP=$F0 A=$01 X=$00 Y=$00 SP=$F9 P=$33
  53808377 PC=$A70A OP=$86 A=$01 X=$00 Y=$00 SP=$F9 P=$33
  53808379 PC=$A70C OP=$A0 A=$01 X=$00 Y=$00 SP=$F9 P=$33
  53808384 PC=$A70E OP=$B1 A=$01 X=$00 Y=$00 SP=$F9 P=$33
  53808387 PC=$A710 OP=$F0 A=$00 X=$00 Y=$00 SP=$F9 P=$33
  53808389 PC=$A72C OP=$E0 A=$00 X=$00 Y=$00 SP=$F9 P=$33
  53808391 PC=$A72E OP=$F0 A=$00 X=$00 Y=$00 SP=$F9 P=$B0
  53808394 PC=$A730 OP=$D0 A=$00 X=$00 Y=$00 SP=$F9 P=$B0
  53808396 PC=$A6D2 OP=$A0 A=$00 X=$00 Y=$00 SP=$F9 P=$B0
  53808398 PC=$A6D4 OP=$18 A=$00 X=$00 Y=$00 SP=$F9 P=$32
  53808403 PC=$A6D5 OP=$B1 A=$00 X=$00 Y=$00 SP=$F9 P=$32
  53808405 PC=$A6D7 OP=$69 A=$00 X=$00 Y=$00 SP=$F9 P=$32
  53808407 PC=$A6D9 OP=$E0 A=$01 X=$00 Y=$00 SP=$F9 P=$30
  53808409 PC=$A6DB OP=$F0 A=$01 X=$00 Y=$00 SP=$F9 P=$B0
  53808411 PC=$A6DD OP=$E0 A=$01 X=$00 Y=$00 SP=$F9 P=$B0
  53808413 PC=$A6DF OP=$F0 A=$01 X=$00 Y=$00 SP=$F9 P=$30
  53808416 PC=$A6E1 OP=$C4 A=$01 X=$00 Y=$00 SP=$F9 P=$30
  53808419 PC=$A6E3 OP=$F0 A=$01 X=$00 Y=$00 SP=$F9 P=$33
  53808422 PC=$A70A OP=$86 A=$01 X=$00 Y=$00 SP=$F9 P=$33
  53808424 PC=$A70C OP=$A0 A=$01 X=$00 Y=$00 SP=$F9 P=$33
CIO summary: calls=462 handled=460 passthrough=2 open=7 close=8 status=0 read=388 write=59 eof=1 bytes_read=5695 bytes_written=2994
recent CIO:
  cyc=3985479 dcyc=170 x=$00 ch=0 cmd=$0B ret=$A6F9 aux=$0C/$AC buf=$B328 len=0 dev=- handled A=$C3 Y=$01 write E: 1 byte(s)
  cyc=3985539 dcyc=60 x=$70 ch=7 cmd=$07 ret=$A2E9 aux=$04/$04 buf=$A831 len=0 dev=Q: handled A=$4F Y=$01 read queued input $4F read="O"
  cyc=3985709 dcyc=170 x=$00 ch=0 cmd=$0B ret=$A6F9 aux=$0C/$AC buf=$B328 len=0 dev=- handled A=$CF Y=$01 write E: 1 byte(s)
  cyc=3985769 dcyc=60 x=$70 ch=7 cmd=$07 ret=$A2E9 aux=$04/$04 buf=$A831 len=0 dev=Q: handled A=$50 Y=$01 read queued input $50 read="P"
  cyc=3985939 dcyc=170 x=$00 ch=0 cmd=$0B ret=$A6F9 aux=$0C/$AC buf=$B328 len=0 dev=- handled A=$D0 Y=$01 write E: 1 byte(s)
  cyc=3985999 dcyc=60 x=$70 ch=7 cmd=$07 ret=$A2E9 aux=$04/$04 buf=$A831 len=0 dev=Q: handled A=$45 Y=$01 read queued input $45 read="E"
  cyc=3986169 dcyc=170 x=$00 ch=0 cmd=$0B ret=$A6F9 aux=$0C/$AC buf=$B328 len=0 dev=- handled A=$C5 Y=$01 write E: 1 byte(s)
  cyc=3986229 dcyc=60 x=$70 ch=7 cmd=$07 ret=$A2E9 aux=$04/$04 buf=$A831 len=0 dev=Q: handled A=$2E Y=$01 read queued input $2E read="."
  cyc=3986399 dcyc=170 x=$00 ch=0 cmd=$0B ret=$A6F9 aux=$0C/$AC buf=$B328 len=0 dev=- handled A=$AE Y=$01 write E: 1 byte(s)
  cyc=3986459 dcyc=60 x=$70 ch=7 cmd=$07 ret=$A2E9 aux=$04/$04 buf=$A831 len=0 dev=Q: handled A=$43 Y=$01 read queued input $43 read="C"
  cyc=3986629 dcyc=170 x=$00 ch=0 cmd=$0B ret=$A6F9 aux=$0C/$AC buf=$B328 len=0 dev=- handled A=$C3 Y=$01 write E: 1 byte(s)
  cyc=3986689 dcyc=60 x=$70 ch=7 cmd=$07 ret=$A2E9 aux=$04/$04 buf=$A831 len=0 dev=Q: handled A=$4F Y=$01 read queued input $4F read="O"
  cyc=3986859 dcyc=170 x=$00 ch=0 cmd=$0B ret=$A6F9 aux=$0C/$AC buf=$B328 len=0 dev=- handled A=$CF Y=$01 write E: 1 byte(s)
  cyc=3986919 dcyc=60 x=$70 ch=7 cmd=$07 ret=$A2E9 aux=$04/$04 buf=$A831 len=0 dev=Q: handled A=$4D Y=$01 read queued input $4D read="M"
  cyc=3987089 dcyc=170 x=$00 ch=0 cmd=$0B ret=$A6F9 aux=$0C/$AC buf=$B328 len=0 dev=- handled A=$CD Y=$01 write E: 1 byte(s)
  cyc=3987149 dcyc=60 x=$70 ch=7 cmd=$07 ret=$A2E9 aux=$04/$04 buf=$A831 len=0 dev=Q: handled A=$22 Y=$01 read queued input $22 read="\""
  cyc=3987319 dcyc=170 x=$00 ch=0 cmd=$0B ret=$A6F9 aux=$0C/$AC buf=$B328 len=0 dev=- handled A=$A2 Y=$01 write E: 1 byte(s)
  cyc=3987379 dcyc=60 x=$70 ch=7 cmd=$07 ret=$A2E9 aux=$04/$04 buf=$A831 len=0 dev=Q: handled A=$9B Y=$01 read queued input $9B read="\n"
  cyc=3987592 dcyc=213 x=$00 ch=0 cmd=$0B ret=$B2B2 aux=$0C/$AC buf=$B328 len=0 dev=- handled A=$1E Y=$01 write E: 1 byte(s)
  cyc=3987650 dcyc=58 x=$00 ch=0 cmd=$0B ret=$AD37 aux=$0C/$AC buf=$B328 len=0 dev=- handled A=$1F Y=$01 write E: 1 byte(s)
  cyc=3990158 dcyc=2508 x=$10 ch=1 cmd=$0C ret=$B15A aux=$04/$AE buf=$B0B1 len=155 dev=KALSCOPE.ACT@5656 handled A=$B0 Y=$01 close harness device
  cyc=3990290 dcyc=132 x=$10 ch=1 cmd=$03 ret=$B19A aux=$08/$AE buf=$95FA len=14 dev=- handled A=$95 Y=$01 open harness device
  cyc=3990399 dcyc=109 x=$00 ch=0 cmd=$0B ret=$AE50 aux=$0C/$AC buf=$B328 len=0 dev=- handled A=$9B Y=$01 write E: 1 byte(s)
  cyc=3990572 dcyc=173 x=$10 ch=1 cmd=$0B ret=$AECE aux=$08/$AE buf=$00AA len=6 dev=KALSCOPE.COM@0 handled A=$00 Y=$01 write host 6 byte(s)
  cyc=3990637 dcyc=65 x=$10 ch=1 cmd=$0B ret=$AEA2 aux=$08/$AE buf=$5000 len=2926 dev=KALSCOPE.COM@6 handled A=$0B Y=$01 write host 2926 byte(s)
  cyc=3990826 dcyc=189 x=$10 ch=1 cmd=$0B ret=$AECE aux=$08/$AE buf=$00AA len=6 dev=KALSCOPE.COM@2932 handled A=$00 Y=$01 write host 6 byte(s)
  cyc=3990936 dcyc=110 x=$10 ch=1 cmd=$0C ret=$AD5B aux=$08/$AE buf=$B0B1 len=155 dev=KALSCOPE.COM@2938 handled A=$B0 Y=$01 close harness device
  cyc=3991050 dcyc=114 x=$70 ch=7 cmd=$0C ret=$A823 aux=$04/$04 buf=$B0B1 len=155 dev=Q: handled A=$B0 Y=$01 close harness device
  cyc=3991162 dcyc=112 x=$70 ch=7 cmd=$03 ret=$AD23 aux=$04/$AE buf=$A831 len=2 dev=- handled A=$A8 Y=$01 open harness device
  cyc=3991232 dcyc=70 x=$00 ch=0 cmd=$0B ret=$AD2D aux=$0C/$AC buf=$B328 len=0 dev=- handled A=$FD Y=$01 write E: 1 byte(s)
  cyc=3992102 dcyc=870 x=$00 ch=0 cmd=$0B ret=$B08D aux=$0C/$AC buf=$B328 len=0 dev=- handled A=$1F Y=$01 write E: 1 byte(s)
  cyc=3992175 dcyc=73 x=$70 ch=7 cmd=$07 ret=$A2E9 aux=$04/$AE buf=$A831 len=0 dev=Q: pass A=-- Y=-- keyboard read waiting
speaker writes: 1 last=$00
CIO E: channel 0 output:
  ..............................
  ......................
  ..
captured symbol snapshot `stop` at PC=$A70E: proc=Kal3, 7 local(s)
wrote host output `KALSCOPE.COM`: 2938 byte(s) to samples/toolkit/survey/outputs/vm/KALSCOPE.COM
wrote symbol dump: 47 global(s), 7 local(s) to samples/toolkit/survey/outputs/vm/KALSCOPE.symbols.json
wrote 9 symbol snapshot(s) to samples/toolkit/survey/outputs/vm/KALSCOPE.symbol-snapshots.json
stopped after 20000000 step(s), cycles=53808424, PC=$A70E
