compiler VM loaded 2 image(s); start PC=$C2AA
queued key $E5 at PC=$A2E0
queued 38 scripted CIO byte(s) at PC=$B2F5
captured symbol snapshot `segvec` at PC=$04C6: proc=<none>, 0 local(s)
captured symbol snapshot `segvec` at PC=$04C6: proc=DL15, 0 local(s)
captured symbol snapshot `segvec` at PC=$04C6: proc=Graphics15, 8 local(s)
captured symbol snapshot `segvec` at PC=$04C6: proc=PMGraphics, 11 local(s)
captured symbol snapshot `segvec` at PC=$04C6: proc=PMColor, 4 local(s)
captured symbol snapshot `segvec` at PC=$04C6: proc=PMAdr, 1 local(s)
captured symbol snapshot `segvec` at PC=$04C6: proc=PMClear, 3 local(s)
captured symbol snapshot `segvec` at PC=$04C6: proc=PMMove, 11 local(s)
captured symbol snapshot `segvec` at PC=$04C6: proc=PMCreate, 13 local(s)
captured symbol snapshot `segvec` at PC=$04C6: proc=PMHit, 4 local(s)
captured symbol snapshot `segvec` at PC=$04C6: proc=Graphics, 1 local(s)
captured symbol snapshot `segvec` at PC=$04C6: proc=Rename, 1 local(s)
captured symbol snapshot `segvec` at PC=$04C6: proc=Erase, 1 local(s)
captured symbol snapshot `segvec` at PC=$04C6: proc=Protect, 1 local(s)
captured symbol snapshot `segvec` at PC=$04C6: proc=UnProtect, 1 local(s)
captured symbol snapshot `segvec` at PC=$04C6: proc=Format, 1 local(s)
captured symbol snapshot `segvec` at PC=$04C6: proc=CIO, 2 local(s)
captured symbol snapshot `segvec` at PC=$04C6: proc=Burst, 19 local(s)
captured symbol snapshot `segvec` at PC=$04C6: proc=BGet, 4 local(s)
captured symbol snapshot `segvec` at PC=$04C6: proc=BPut, 3 local(s)
captured symbol snapshot `segvec` at PC=$04C6: proc=PutFinger, 8 local(s)
captured symbol snapshot `segvec` at PC=$04C6: proc=PlayNote, 3 local(s)
stop: max steps reached
regs: PC=$A70E A=$01 X=$00 Y=$00 SP=$F9 P=$33
cart: window=$A000-$BFFF bank=2/3 bank_size=4096
recent instructions:
  54257923 PC=$A6E3 OP=$F0 A=$01 X=$00 Y=$00 SP=$F9 P=$33
  54257926 PC=$A70A OP=$86 A=$01 X=$00 Y=$00 SP=$F9 P=$33
  54257928 PC=$A70C OP=$A0 A=$01 X=$00 Y=$00 SP=$F9 P=$33
  54257933 PC=$A70E OP=$B1 A=$01 X=$00 Y=$00 SP=$F9 P=$33
  54257936 PC=$A710 OP=$F0 A=$00 X=$00 Y=$00 SP=$F9 P=$33
  54257938 PC=$A72C OP=$E0 A=$00 X=$00 Y=$00 SP=$F9 P=$33
  54257940 PC=$A72E OP=$F0 A=$00 X=$00 Y=$00 SP=$F9 P=$B0
  54257943 PC=$A730 OP=$D0 A=$00 X=$00 Y=$00 SP=$F9 P=$B0
  54257945 PC=$A6D2 OP=$A0 A=$00 X=$00 Y=$00 SP=$F9 P=$B0
  54257947 PC=$A6D4 OP=$18 A=$00 X=$00 Y=$00 SP=$F9 P=$32
  54257952 PC=$A6D5 OP=$B1 A=$00 X=$00 Y=$00 SP=$F9 P=$32
  54257954 PC=$A6D7 OP=$69 A=$00 X=$00 Y=$00 SP=$F9 P=$32
  54257956 PC=$A6D9 OP=$E0 A=$01 X=$00 Y=$00 SP=$F9 P=$30
  54257958 PC=$A6DB OP=$F0 A=$01 X=$00 Y=$00 SP=$F9 P=$B0
  54257960 PC=$A6DD OP=$E0 A=$01 X=$00 Y=$00 SP=$F9 P=$B0
  54257962 PC=$A6DF OP=$F0 A=$01 X=$00 Y=$00 SP=$F9 P=$30
  54257965 PC=$A6E1 OP=$C4 A=$01 X=$00 Y=$00 SP=$F9 P=$30
  54257968 PC=$A6E3 OP=$F0 A=$01 X=$00 Y=$00 SP=$F9 P=$33
  54257971 PC=$A70A OP=$86 A=$01 X=$00 Y=$00 SP=$F9 P=$33
  54257973 PC=$A70C OP=$A0 A=$01 X=$00 Y=$00 SP=$F9 P=$33
CIO summary: calls=784 handled=782 passthrough=2 open=9 close=10 status=0 read=704 write=61 eof=3 bytes_read=13190 bytes_written=3785
recent CIO:
  cyc=6201503 dcyc=170 x=$00 ch=0 cmd=$0B ret=$A6F9 aux=$0C/$AC buf=$0901 len=0 dev=- handled A=$C3 Y=$01 write E: 1 byte(s)
  cyc=6201563 dcyc=60 x=$70 ch=7 cmd=$07 ret=$A2E9 aux=$04/$04 buf=$A831 len=0 dev=Q: handled A=$44 Y=$01 read queued input $44 read="D"
  cyc=6201733 dcyc=170 x=$00 ch=0 cmd=$0B ret=$A6F9 aux=$0C/$AC buf=$0901 len=0 dev=- handled A=$C4 Y=$01 write E: 1 byte(s)
  cyc=6201793 dcyc=60 x=$70 ch=7 cmd=$07 ret=$A2E9 aux=$04/$04 buf=$A831 len=0 dev=Q: handled A=$45 Y=$01 read queued input $45 read="E"
  cyc=6201963 dcyc=170 x=$00 ch=0 cmd=$0B ret=$A6F9 aux=$0C/$AC buf=$0901 len=0 dev=- handled A=$C5 Y=$01 write E: 1 byte(s)
  cyc=6202023 dcyc=60 x=$70 ch=7 cmd=$07 ret=$A2E9 aux=$04/$04 buf=$A831 len=0 dev=Q: handled A=$4D Y=$01 read queued input $4D read="M"
  cyc=6202193 dcyc=170 x=$00 ch=0 cmd=$0B ret=$A6F9 aux=$0C/$AC buf=$0901 len=0 dev=- handled A=$CD Y=$01 write E: 1 byte(s)
  cyc=6202253 dcyc=60 x=$70 ch=7 cmd=$07 ret=$A2E9 aux=$04/$04 buf=$A831 len=0 dev=Q: handled A=$2E Y=$01 read queued input $2E read="."
  cyc=6202423 dcyc=170 x=$00 ch=0 cmd=$0B ret=$A6F9 aux=$0C/$AC buf=$0901 len=0 dev=- handled A=$AE Y=$01 write E: 1 byte(s)
  cyc=6202483 dcyc=60 x=$70 ch=7 cmd=$07 ret=$A2E9 aux=$04/$04 buf=$A831 len=0 dev=Q: handled A=$43 Y=$01 read queued input $43 read="C"
  cyc=6202653 dcyc=170 x=$00 ch=0 cmd=$0B ret=$A6F9 aux=$0C/$AC buf=$0901 len=0 dev=- handled A=$C3 Y=$01 write E: 1 byte(s)
  cyc=6202713 dcyc=60 x=$70 ch=7 cmd=$07 ret=$A2E9 aux=$04/$04 buf=$A831 len=0 dev=Q: handled A=$4F Y=$01 read queued input $4F read="O"
  cyc=6202883 dcyc=170 x=$00 ch=0 cmd=$0B ret=$A6F9 aux=$0C/$AC buf=$0901 len=0 dev=- handled A=$CF Y=$01 write E: 1 byte(s)
  cyc=6202943 dcyc=60 x=$70 ch=7 cmd=$07 ret=$A2E9 aux=$04/$04 buf=$A831 len=0 dev=Q: handled A=$4D Y=$01 read queued input $4D read="M"
  cyc=6203113 dcyc=170 x=$00 ch=0 cmd=$0B ret=$A6F9 aux=$0C/$AC buf=$0901 len=0 dev=- handled A=$CD Y=$01 write E: 1 byte(s)
  cyc=6203173 dcyc=60 x=$70 ch=7 cmd=$07 ret=$A2E9 aux=$04/$04 buf=$A831 len=0 dev=Q: handled A=$22 Y=$01 read queued input $22 read="\""
  cyc=6203343 dcyc=170 x=$00 ch=0 cmd=$0B ret=$A6F9 aux=$0C/$AC buf=$0901 len=0 dev=- handled A=$A2 Y=$01 write E: 1 byte(s)
  cyc=6203403 dcyc=60 x=$70 ch=7 cmd=$07 ret=$A2E9 aux=$04/$04 buf=$A831 len=0 dev=Q: handled A=$9B Y=$01 read queued input $9B read="\n"
  cyc=6203616 dcyc=213 x=$00 ch=0 cmd=$0B ret=$B2B2 aux=$0C/$AC buf=$0901 len=0 dev=- handled A=$1E Y=$01 write E: 1 byte(s)
  cyc=6203674 dcyc=58 x=$00 ch=0 cmd=$0B ret=$AD37 aux=$0C/$AC buf=$0901 len=0 dev=- handled A=$1F Y=$01 write E: 1 byte(s)
  cyc=6206182 dcyc=2508 x=$10 ch=1 cmd=$0C ret=$B15A aux=$04/$AE buf=$B0B1 len=155 dev=MUSICDEM.ACT@5560 handled A=$B0 Y=$01 close harness device
  cyc=6206314 dcyc=132 x=$10 ch=1 cmd=$03 ret=$B19A aux=$08/$AE buf=$9639 len=14 dev=- handled A=$96 Y=$01 open harness device
  cyc=6206423 dcyc=109 x=$00 ch=0 cmd=$0B ret=$AE50 aux=$0C/$AC buf=$0901 len=0 dev=- handled A=$9B Y=$01 write E: 1 byte(s)
  cyc=6206596 dcyc=173 x=$10 ch=1 cmd=$0B ret=$AECE aux=$08/$AE buf=$00AA len=6 dev=MUSICDEM.COM@0 handled A=$00 Y=$01 write host 6 byte(s)
  cyc=6206661 dcyc=65 x=$10 ch=1 cmd=$0B ret=$AEA2 aux=$08/$AE buf=$3000 len=3684 dev=MUSICDEM.COM@6 handled A=$0E Y=$01 write host 3684 byte(s)
  cyc=6206850 dcyc=189 x=$10 ch=1 cmd=$0B ret=$AECE aux=$08/$AE buf=$00AA len=6 dev=MUSICDEM.COM@3690 handled A=$00 Y=$01 write host 6 byte(s)
  cyc=6206960 dcyc=110 x=$10 ch=1 cmd=$0C ret=$AD5B aux=$08/$AE buf=$B0B1 len=155 dev=MUSICDEM.COM@3696 handled A=$B0 Y=$01 close harness device
  cyc=6207074 dcyc=114 x=$70 ch=7 cmd=$0C ret=$A823 aux=$04/$04 buf=$B0B1 len=155 dev=Q: handled A=$B0 Y=$01 close harness device
  cyc=6207186 dcyc=112 x=$70 ch=7 cmd=$03 ret=$AD23 aux=$04/$AE buf=$A831 len=2 dev=- handled A=$A8 Y=$01 open harness device
  cyc=6207256 dcyc=70 x=$00 ch=0 cmd=$0B ret=$AD2D aux=$0C/$AC buf=$0901 len=0 dev=- handled A=$FD Y=$01 write E: 1 byte(s)
  cyc=6208126 dcyc=870 x=$00 ch=0 cmd=$0B ret=$B08D aux=$0C/$AC buf=$0901 len=0 dev=- handled A=$1F Y=$01 write E: 1 byte(s)
  cyc=6208199 dcyc=73 x=$70 ch=7 cmd=$07 ret=$A2E9 aux=$04/$AE buf=$A831 len=0 dev=Q: pass A=-- Y=-- keyboard read waiting
speaker writes: 1 last=$00
CIO E: channel 0 output:
  ..............................
  INCLUDE "PMG.ACT"INCLUDE "IO.ACT"......................
  ..
captured symbol snapshot `stop` at PC=$A70E: proc=main, 2 local(s)
wrote host output `MUSICDEM.COM`: 3696 byte(s) to samples/toolkit/survey/outputs/vm/MUSICDEM.COM
wrote symbol dump: 38 global(s), 2 local(s) to samples/toolkit/survey/outputs/vm/MUSICDEM.symbols.json
wrote 22 symbol snapshot(s) to samples/toolkit/survey/outputs/vm/MUSICDEM.symbol-snapshots.json
stopped after 20000000 step(s), cycles=54257973, PC=$A70E
