compiler VM loaded 2 image(s); start PC=$C2AA
queued key $E5 at PC=$A2E0
queued 34 scripted CIO byte(s) at PC=$B2F5
captured symbol snapshot `segvec` at PC=$04C6: proc=<none>, 0 local(s)
captured symbol snapshot `segvec` at PC=$04C6: proc=PMGraphics, 11 local(s)
captured symbol snapshot `segvec` at PC=$04C6: proc=PMColor, 4 local(s)
captured symbol snapshot `segvec` at PC=$04C6: proc=PMAdr, 1 local(s)
captured symbol snapshot `segvec` at PC=$04C6: proc=PMClear, 3 local(s)
captured symbol snapshot `segvec` at PC=$04C6: proc=PMMove, 11 local(s)
captured symbol snapshot `segvec` at PC=$04C6: proc=PMCreate, 13 local(s)
captured symbol snapshot `segvec` at PC=$04C6: proc=PMHit, 4 local(s)
captured symbol snapshot `segvec` at PC=$04C6: proc=Graphics, 1 local(s)
stop: max steps reached
regs: PC=$A710 A=$00 X=$00 Y=$00 SP=$F9 P=$33
cart: window=$A000-$BFFF bank=2/3 bank_size=4096
recent instructions:
  53743827 PC=$A70A OP=$86 A=$01 X=$00 Y=$00 SP=$F9 P=$33
  53743829 PC=$A70C OP=$A0 A=$01 X=$00 Y=$00 SP=$F9 P=$33
  53743834 PC=$A70E OP=$B1 A=$01 X=$00 Y=$00 SP=$F9 P=$33
  53743837 PC=$A710 OP=$F0 A=$00 X=$00 Y=$00 SP=$F9 P=$33
  53743839 PC=$A72C OP=$E0 A=$00 X=$00 Y=$00 SP=$F9 P=$33
  53743841 PC=$A72E OP=$F0 A=$00 X=$00 Y=$00 SP=$F9 P=$B0
  53743844 PC=$A730 OP=$D0 A=$00 X=$00 Y=$00 SP=$F9 P=$B0
  53743846 PC=$A6D2 OP=$A0 A=$00 X=$00 Y=$00 SP=$F9 P=$B0
  53743848 PC=$A6D4 OP=$18 A=$00 X=$00 Y=$00 SP=$F9 P=$32
  53743853 PC=$A6D5 OP=$B1 A=$00 X=$00 Y=$00 SP=$F9 P=$32
  53743855 PC=$A6D7 OP=$69 A=$00 X=$00 Y=$00 SP=$F9 P=$32
  53743857 PC=$A6D9 OP=$E0 A=$01 X=$00 Y=$00 SP=$F9 P=$30
  53743859 PC=$A6DB OP=$F0 A=$01 X=$00 Y=$00 SP=$F9 P=$B0
  53743861 PC=$A6DD OP=$E0 A=$01 X=$00 Y=$00 SP=$F9 P=$B0
  53743863 PC=$A6DF OP=$F0 A=$01 X=$00 Y=$00 SP=$F9 P=$30
  53743866 PC=$A6E1 OP=$C4 A=$01 X=$00 Y=$00 SP=$F9 P=$30
  53743869 PC=$A6E3 OP=$F0 A=$01 X=$00 Y=$00 SP=$F9 P=$33
  53743872 PC=$A70A OP=$86 A=$01 X=$00 Y=$00 SP=$F9 P=$33
  53743874 PC=$A70C OP=$A0 A=$01 X=$00 Y=$00 SP=$F9 P=$33
  53743879 PC=$A70E OP=$B1 A=$01 X=$00 Y=$00 SP=$F9 P=$33
CIO summary: calls=484 handled=482 passthrough=2 open=8 close=9 status=0 read=411 write=56 eof=2 bytes_read=6790 bytes_written=2236
recent CIO:
  cyc=3717894 dcyc=170 x=$00 ch=0 cmd=$0B ret=$A6F9 aux=$0C/$AC buf=$0901 len=0 dev=- handled A=$C7 Y=$01 write E: 1 byte(s)
  cyc=3717954 dcyc=60 x=$70 ch=7 cmd=$07 ret=$A2E9 aux=$04/$04 buf=$A831 len=0 dev=Q: handled A=$44 Y=$01 read queued input $44 read="D"
  cyc=3718124 dcyc=170 x=$00 ch=0 cmd=$0B ret=$A6F9 aux=$0C/$AC buf=$0901 len=0 dev=- handled A=$C4 Y=$01 write E: 1 byte(s)
  cyc=3718184 dcyc=60 x=$70 ch=7 cmd=$07 ret=$A2E9 aux=$04/$04 buf=$A831 len=0 dev=Q: handled A=$4D Y=$01 read queued input $4D read="M"
  cyc=3718354 dcyc=170 x=$00 ch=0 cmd=$0B ret=$A6F9 aux=$0C/$AC buf=$0901 len=0 dev=- handled A=$CD Y=$01 write E: 1 byte(s)
  cyc=3718414 dcyc=60 x=$70 ch=7 cmd=$07 ret=$A2E9 aux=$04/$04 buf=$A831 len=0 dev=Q: handled A=$31 Y=$01 read queued input $31 read="1"
  cyc=3718584 dcyc=170 x=$00 ch=0 cmd=$0B ret=$A6F9 aux=$0C/$AC buf=$0901 len=0 dev=- handled A=$B1 Y=$01 write E: 1 byte(s)
  cyc=3718644 dcyc=60 x=$70 ch=7 cmd=$07 ret=$A2E9 aux=$04/$04 buf=$A831 len=0 dev=Q: handled A=$2E Y=$01 read queued input $2E read="."
  cyc=3718814 dcyc=170 x=$00 ch=0 cmd=$0B ret=$A6F9 aux=$0C/$AC buf=$0901 len=0 dev=- handled A=$AE Y=$01 write E: 1 byte(s)
  cyc=3718874 dcyc=60 x=$70 ch=7 cmd=$07 ret=$A2E9 aux=$04/$04 buf=$A831 len=0 dev=Q: handled A=$43 Y=$01 read queued input $43 read="C"
  cyc=3719044 dcyc=170 x=$00 ch=0 cmd=$0B ret=$A6F9 aux=$0C/$AC buf=$0901 len=0 dev=- handled A=$C3 Y=$01 write E: 1 byte(s)
  cyc=3719104 dcyc=60 x=$70 ch=7 cmd=$07 ret=$A2E9 aux=$04/$04 buf=$A831 len=0 dev=Q: handled A=$4F Y=$01 read queued input $4F read="O"
  cyc=3719274 dcyc=170 x=$00 ch=0 cmd=$0B ret=$A6F9 aux=$0C/$AC buf=$0901 len=0 dev=- handled A=$CF Y=$01 write E: 1 byte(s)
  cyc=3719334 dcyc=60 x=$70 ch=7 cmd=$07 ret=$A2E9 aux=$04/$04 buf=$A831 len=0 dev=Q: handled A=$4D Y=$01 read queued input $4D read="M"
  cyc=3719504 dcyc=170 x=$00 ch=0 cmd=$0B ret=$A6F9 aux=$0C/$AC buf=$0901 len=0 dev=- handled A=$CD Y=$01 write E: 1 byte(s)
  cyc=3719564 dcyc=60 x=$70 ch=7 cmd=$07 ret=$A2E9 aux=$04/$04 buf=$A831 len=0 dev=Q: handled A=$22 Y=$01 read queued input $22 read="\""
  cyc=3719734 dcyc=170 x=$00 ch=0 cmd=$0B ret=$A6F9 aux=$0C/$AC buf=$0901 len=0 dev=- handled A=$A2 Y=$01 write E: 1 byte(s)
  cyc=3719794 dcyc=60 x=$70 ch=7 cmd=$07 ret=$A2E9 aux=$04/$04 buf=$A831 len=0 dev=Q: handled A=$9B Y=$01 read queued input $9B read="\n"
  cyc=3720007 dcyc=213 x=$00 ch=0 cmd=$0B ret=$B2B2 aux=$0C/$AC buf=$0901 len=0 dev=- handled A=$1E Y=$01 write E: 1 byte(s)
  cyc=3720065 dcyc=58 x=$00 ch=0 cmd=$0B ret=$AD37 aux=$0C/$AC buf=$0901 len=0 dev=- handled A=$1F Y=$01 write E: 1 byte(s)
  cyc=3722433 dcyc=2368 x=$10 ch=1 cmd=$0C ret=$B15A aux=$04/$AE buf=$B0B1 len=155 dev=PMGDM1.ACT@1062 handled A=$B0 Y=$01 close harness device
  cyc=3722565 dcyc=132 x=$10 ch=1 cmd=$03 ret=$B19A aux=$08/$AE buf=$954E len=12 dev=- handled A=$95 Y=$01 open harness device
  cyc=3722674 dcyc=109 x=$00 ch=0 cmd=$0B ret=$AE50 aux=$0C/$AC buf=$0901 len=0 dev=- handled A=$9B Y=$01 write E: 1 byte(s)
  cyc=3722847 dcyc=173 x=$10 ch=1 cmd=$0B ret=$AECE aux=$08/$AE buf=$00AA len=6 dev=PMGDM1.COM@0 handled A=$00 Y=$01 write host 6 byte(s)
  cyc=3722912 dcyc=65 x=$10 ch=1 cmd=$0B ret=$AEA2 aux=$08/$AE buf=$3000 len=2155 dev=PMGDM1.COM@6 handled A=$08 Y=$01 write host 2155 byte(s)
  cyc=3723101 dcyc=189 x=$10 ch=1 cmd=$0B ret=$AECE aux=$08/$AE buf=$00AA len=6 dev=PMGDM1.COM@2161 handled A=$00 Y=$01 write host 6 byte(s)
  cyc=3723211 dcyc=110 x=$10 ch=1 cmd=$0C ret=$AD5B aux=$08/$AE buf=$B0B1 len=155 dev=PMGDM1.COM@2167 handled A=$B0 Y=$01 close harness device
  cyc=3723325 dcyc=114 x=$70 ch=7 cmd=$0C ret=$A823 aux=$04/$04 buf=$B0B1 len=155 dev=Q: handled A=$B0 Y=$01 close harness device
  cyc=3723437 dcyc=112 x=$70 ch=7 cmd=$03 ret=$AD23 aux=$04/$AE buf=$A831 len=2 dev=- handled A=$A8 Y=$01 open harness device
  cyc=3723507 dcyc=70 x=$00 ch=0 cmd=$0B ret=$AD2D aux=$0C/$AC buf=$0901 len=0 dev=- handled A=$FD Y=$01 write E: 1 byte(s)
  cyc=3724377 dcyc=870 x=$00 ch=0 cmd=$0B ret=$B08D aux=$0C/$AC buf=$0901 len=0 dev=- handled A=$1F Y=$01 write E: 1 byte(s)
  cyc=3724450 dcyc=73 x=$70 ch=7 cmd=$07 ret=$A2E9 aux=$04/$AE buf=$A831 len=0 dev=Q: pass A=-- Y=-- keyboard read waiting
speaker writes: 1 last=$00
CIO E: channel 0 output:
  ............................
  INCLUDE "PMG.ACT"....................
  ..
captured symbol snapshot `stop` at PC=$A710: proc=main, 5 local(s)
wrote host output `PMGDM1.COM`: 2167 byte(s) to samples/toolkit/survey/outputs/vm/PMGDM1.COM
wrote symbol dump: 19 global(s), 5 local(s) to samples/toolkit/survey/outputs/vm/PMGDM1.symbols.json
wrote 9 symbol snapshot(s) to samples/toolkit/survey/outputs/vm/PMGDM1.symbol-snapshots.json
stopped after 20000000 step(s), cycles=53743879, PC=$A710
