compiler VM loaded 2 image(s); start PC=$C2AA
queued key $E5 at PC=$A2E0
queued 36 scripted CIO byte(s) at PC=$B2F5
captured symbol snapshot `segvec` at PC=$04C6: proc=<none>, 0 local(s)
captured symbol snapshot `segvec` at PC=$04C6: proc=ROM_AFP, 0 local(s)
captured symbol snapshot `segvec` at PC=$04C6: proc=ROM_FASC, 0 local(s)
captured symbol snapshot `segvec` at PC=$04C6: proc=ROM_IFP, 0 local(s)
captured symbol snapshot `segvec` at PC=$04C6: proc=ROM_FPI, 0 local(s)
captured symbol snapshot `segvec` at PC=$04C6: proc=ROM_FSUB, 0 local(s)
captured symbol snapshot `segvec` at PC=$04C6: proc=ROM_FADD, 0 local(s)
captured symbol snapshot `segvec` at PC=$04C6: proc=ROM_FMULT, 0 local(s)
captured symbol snapshot `segvec` at PC=$04C6: proc=ROM_FDIV, 0 local(s)
captured symbol snapshot `segvec` at PC=$04C6: proc=ROM_EXP, 0 local(s)
captured symbol snapshot `segvec` at PC=$04C6: proc=ROM_EXP10, 0 local(s)
captured symbol snapshot `segvec` at PC=$04C6: proc=ROM_LOG, 0 local(s)
captured symbol snapshot `segvec` at PC=$04C6: proc=ROM_LOG10, 0 local(s)
captured symbol snapshot `segvec` at PC=$04C6: proc=ROM_INIT, 0 local(s)
captured symbol snapshot `segvec` at PC=$04C6: proc=Junk, 0 local(s)
captured symbol snapshot `segvec` at PC=$04C6: proc=RealAssign, 2 local(s)
captured symbol snapshot `segvec` at PC=$04C6: proc=IntToReal, 2 local(s)
captured symbol snapshot `segvec` at PC=$04C6: proc=RealToInt, 1 local(s)
captured symbol snapshot `segvec` at PC=$04C6: proc=RealSub, 3 local(s)
captured symbol snapshot `segvec` at PC=$04C6: proc=RealAdd, 3 local(s)
captured symbol snapshot `segvec` at PC=$04C6: proc=RealMult, 3 local(s)
captured symbol snapshot `segvec` at PC=$04C6: proc=RealDiv, 3 local(s)
captured symbol snapshot `segvec` at PC=$04C6: proc=StrR, 5 local(s)
captured symbol snapshot `segvec` at PC=$04C6: proc=ValR, 3 local(s)
captured symbol snapshot `segvec` at PC=$04C6: proc=Exp, 2 local(s)
captured symbol snapshot `segvec` at PC=$04C6: proc=Exp10, 2 local(s)
captured symbol snapshot `segvec` at PC=$04C6: proc=Ln, 2 local(s)
captured symbol snapshot `segvec` at PC=$04C6: proc=Log10, 2 local(s)
captured symbol snapshot `segvec` at PC=$04C6: proc=Power, 3 local(s)
captured symbol snapshot `segvec` at PC=$04C6: proc=PrintRD, 3 local(s)
captured symbol snapshot `segvec` at PC=$04C6: proc=PrintR, 1 local(s)
captured symbol snapshot `segvec` at PC=$04C6: proc=PrintRDE, 2 local(s)
captured symbol snapshot `segvec` at PC=$04C6: proc=PrintRE, 1 local(s)
captured symbol snapshot `segvec` at PC=$04C6: proc=InputRD, 3 local(s)
captured symbol snapshot `segvec` at PC=$04C6: proc=InputR, 1 local(s)
stop: max steps reached
regs: PC=$A6D5 A=$00 X=$00 Y=$00 SP=$F9 P=$32
cart: window=$A000-$BFFF bank=2/3 bank_size=4096
recent instructions:
  53731195 PC=$A730 OP=$D0 A=$00 X=$00 Y=$00 SP=$F9 P=$B0
  53731197 PC=$A6D2 OP=$A0 A=$00 X=$00 Y=$00 SP=$F9 P=$B0
  53731199 PC=$A6D4 OP=$18 A=$00 X=$00 Y=$00 SP=$F9 P=$32
  53731204 PC=$A6D5 OP=$B1 A=$00 X=$00 Y=$00 SP=$F9 P=$32
  53731206 PC=$A6D7 OP=$69 A=$00 X=$00 Y=$00 SP=$F9 P=$32
  53731208 PC=$A6D9 OP=$E0 A=$01 X=$00 Y=$00 SP=$F9 P=$30
  53731210 PC=$A6DB OP=$F0 A=$01 X=$00 Y=$00 SP=$F9 P=$B0
  53731212 PC=$A6DD OP=$E0 A=$01 X=$00 Y=$00 SP=$F9 P=$B0
  53731214 PC=$A6DF OP=$F0 A=$01 X=$00 Y=$00 SP=$F9 P=$30
  53731217 PC=$A6E1 OP=$C4 A=$01 X=$00 Y=$00 SP=$F9 P=$30
  53731220 PC=$A6E3 OP=$F0 A=$01 X=$00 Y=$00 SP=$F9 P=$33
  53731223 PC=$A70A OP=$86 A=$01 X=$00 Y=$00 SP=$F9 P=$33
  53731225 PC=$A70C OP=$A0 A=$01 X=$00 Y=$00 SP=$F9 P=$33
  53731230 PC=$A70E OP=$B1 A=$01 X=$00 Y=$00 SP=$F9 P=$33
  53731233 PC=$A710 OP=$F0 A=$00 X=$00 Y=$00 SP=$F9 P=$33
  53731235 PC=$A72C OP=$E0 A=$00 X=$00 Y=$00 SP=$F9 P=$33
  53731237 PC=$A72E OP=$F0 A=$00 X=$00 Y=$00 SP=$F9 P=$B0
  53731240 PC=$A730 OP=$D0 A=$00 X=$00 Y=$00 SP=$F9 P=$B0
  53731242 PC=$A6D2 OP=$A0 A=$00 X=$00 Y=$00 SP=$F9 P=$B0
  53731244 PC=$A6D4 OP=$18 A=$00 X=$00 Y=$00 SP=$F9 P=$32
CIO summary: calls=480 handled=478 passthrough=2 open=8 close=9 status=0 read=405 write=58 eof=2 bytes_read=6071 bytes_written=2300
recent CIO:
  cyc=3624220 dcyc=170 x=$00 ch=0 cmd=$0B ret=$A6F9 aux=$0C/$AC buf=$0901 len=0 dev=- handled A=$CC Y=$01 write E: 1 byte(s)
  cyc=3624280 dcyc=60 x=$70 ch=7 cmd=$07 ret=$A2E9 aux=$04/$04 buf=$A831 len=0 dev=Q: handled A=$44 Y=$01 read queued input $44 read="D"
  cyc=3624450 dcyc=170 x=$00 ch=0 cmd=$0B ret=$A6F9 aux=$0C/$AC buf=$0901 len=0 dev=- handled A=$C4 Y=$01 write E: 1 byte(s)
  cyc=3624510 dcyc=60 x=$70 ch=7 cmd=$07 ret=$A2E9 aux=$04/$04 buf=$A831 len=0 dev=Q: handled A=$4D Y=$01 read queued input $4D read="M"
  cyc=3624680 dcyc=170 x=$00 ch=0 cmd=$0B ret=$A6F9 aux=$0C/$AC buf=$0901 len=0 dev=- handled A=$CD Y=$01 write E: 1 byte(s)
  cyc=3624740 dcyc=60 x=$70 ch=7 cmd=$07 ret=$A2E9 aux=$04/$04 buf=$A831 len=0 dev=Q: handled A=$31 Y=$01 read queued input $31 read="1"
  cyc=3624910 dcyc=170 x=$00 ch=0 cmd=$0B ret=$A6F9 aux=$0C/$AC buf=$0901 len=0 dev=- handled A=$B1 Y=$01 write E: 1 byte(s)
  cyc=3624970 dcyc=60 x=$70 ch=7 cmd=$07 ret=$A2E9 aux=$04/$04 buf=$A831 len=0 dev=Q: handled A=$2E Y=$01 read queued input $2E read="."
  cyc=3625140 dcyc=170 x=$00 ch=0 cmd=$0B ret=$A6F9 aux=$0C/$AC buf=$0901 len=0 dev=- handled A=$AE Y=$01 write E: 1 byte(s)
  cyc=3625200 dcyc=60 x=$70 ch=7 cmd=$07 ret=$A2E9 aux=$04/$04 buf=$A831 len=0 dev=Q: handled A=$43 Y=$01 read queued input $43 read="C"
  cyc=3625370 dcyc=170 x=$00 ch=0 cmd=$0B ret=$A6F9 aux=$0C/$AC buf=$0901 len=0 dev=- handled A=$C3 Y=$01 write E: 1 byte(s)
  cyc=3625430 dcyc=60 x=$70 ch=7 cmd=$07 ret=$A2E9 aux=$04/$04 buf=$A831 len=0 dev=Q: handled A=$4F Y=$01 read queued input $4F read="O"
  cyc=3625600 dcyc=170 x=$00 ch=0 cmd=$0B ret=$A6F9 aux=$0C/$AC buf=$0901 len=0 dev=- handled A=$CF Y=$01 write E: 1 byte(s)
  cyc=3625660 dcyc=60 x=$70 ch=7 cmd=$07 ret=$A2E9 aux=$04/$04 buf=$A831 len=0 dev=Q: handled A=$4D Y=$01 read queued input $4D read="M"
  cyc=3625830 dcyc=170 x=$00 ch=0 cmd=$0B ret=$A6F9 aux=$0C/$AC buf=$0901 len=0 dev=- handled A=$CD Y=$01 write E: 1 byte(s)
  cyc=3625890 dcyc=60 x=$70 ch=7 cmd=$07 ret=$A2E9 aux=$04/$04 buf=$A831 len=0 dev=Q: handled A=$22 Y=$01 read queued input $22 read="\""
  cyc=3626060 dcyc=170 x=$00 ch=0 cmd=$0B ret=$A6F9 aux=$0C/$AC buf=$0901 len=0 dev=- handled A=$A2 Y=$01 write E: 1 byte(s)
  cyc=3626120 dcyc=60 x=$70 ch=7 cmd=$07 ret=$A2E9 aux=$04/$04 buf=$A831 len=0 dev=Q: handled A=$9B Y=$01 read queued input $9B read="\n"
  cyc=3626333 dcyc=213 x=$00 ch=0 cmd=$0B ret=$B2B2 aux=$0C/$AC buf=$0901 len=0 dev=- handled A=$1E Y=$01 write E: 1 byte(s)
  cyc=3626391 dcyc=58 x=$00 ch=0 cmd=$0B ret=$AD37 aux=$0C/$AC buf=$0901 len=0 dev=- handled A=$1F Y=$01 write E: 1 byte(s)
  cyc=3628829 dcyc=2438 x=$10 ch=1 cmd=$0C ret=$B15A aux=$04/$AE buf=$B0B1 len=155 dev=REALDM1.ACT@1039 handled A=$B0 Y=$01 close harness device
  cyc=3628961 dcyc=132 x=$10 ch=1 cmd=$03 ret=$B19A aux=$08/$AE buf=$9678 len=13 dev=- handled A=$96 Y=$01 open harness device
  cyc=3629070 dcyc=109 x=$00 ch=0 cmd=$0B ret=$AE50 aux=$0C/$AC buf=$0901 len=0 dev=- handled A=$9B Y=$01 write E: 1 byte(s)
  cyc=3629243 dcyc=173 x=$10 ch=1 cmd=$0B ret=$AECE aux=$08/$AE buf=$00AA len=6 dev=REALDM1.COM@0 handled A=$00 Y=$01 write host 6 byte(s)
  cyc=3629308 dcyc=65 x=$10 ch=1 cmd=$0B ret=$AEA2 aux=$08/$AE buf=$3000 len=2216 dev=REALDM1.COM@6 handled A=$08 Y=$01 write host 2216 byte(s)
  cyc=3629497 dcyc=189 x=$10 ch=1 cmd=$0B ret=$AECE aux=$08/$AE buf=$00AA len=6 dev=REALDM1.COM@2222 handled A=$00 Y=$01 write host 6 byte(s)
  cyc=3629607 dcyc=110 x=$10 ch=1 cmd=$0C ret=$AD5B aux=$08/$AE buf=$B0B1 len=155 dev=REALDM1.COM@2228 handled A=$B0 Y=$01 close harness device
  cyc=3629721 dcyc=114 x=$70 ch=7 cmd=$0C ret=$A823 aux=$04/$04 buf=$B0B1 len=155 dev=Q: handled A=$B0 Y=$01 close harness device
  cyc=3629833 dcyc=112 x=$70 ch=7 cmd=$03 ret=$AD23 aux=$04/$AE buf=$A831 len=2 dev=- handled A=$A8 Y=$01 open harness device
  cyc=3629903 dcyc=70 x=$00 ch=0 cmd=$0B ret=$AD2D aux=$0C/$AC buf=$0901 len=0 dev=- handled A=$FD Y=$01 write E: 1 byte(s)
  cyc=3630773 dcyc=870 x=$00 ch=0 cmd=$0B ret=$B08D aux=$0C/$AC buf=$0901 len=0 dev=- handled A=$1F Y=$01 write E: 1 byte(s)
  cyc=3630846 dcyc=73 x=$70 ch=7 cmd=$07 ret=$A2E9 aux=$04/$AE buf=$A831 len=0 dev=Q: pass A=-- Y=-- keyboard read waiting
speaker writes: 1 last=$00
CIO E: channel 0 output:
  .............................
  INCLUDE "REAL.ACT".....................
  ..
captured symbol snapshot `stop` at PC=$A6D5: proc=RealDemo, 3 local(s)
wrote host output `REALDM1.COM`: 2228 byte(s) to samples/toolkit/survey/outputs/vm/REALDM1.COM
wrote symbol dump: 45 global(s), 3 local(s) to samples/toolkit/survey/outputs/vm/REALDM1.symbols.json
wrote 35 symbol snapshot(s) to samples/toolkit/survey/outputs/vm/REALDM1.symbol-snapshots.json
stopped after 20000000 step(s), cycles=53731244, PC=$A6D5
