compiler VM loaded 2 image(s); start PC=$C2AA
queued key $E5 at PC=$A2E0
queued 36 scripted CIO byte(s) at PC=$B2F5
captured symbol snapshot `segvec` at PC=$04C6: proc=<none>, 0 local(s)
captured symbol snapshot `segvec` at PC=$04C6: proc=Turn, 1 local(s)
captured symbol snapshot `segvec` at PC=$04C6: proc=Right, 1 local(s)
captured symbol snapshot `segvec` at PC=$04C6: proc=Left, 1 local(s)
captured symbol snapshot `segvec` at PC=$04C6: proc=TG_ISin, 2 local(s)
captured symbol snapshot `segvec` at PC=$04C6: proc=TG_ICos, 2 local(s)
captured symbol snapshot `segvec` at PC=$04C6: proc=Forward, 3 local(s)
captured symbol snapshot `segvec` at PC=$04C6: proc=SetTurtle, 4 local(s)
stop: max steps reached
regs: PC=$A6E1 A=$01 X=$00 Y=$00 SP=$F9 P=$30
cart: window=$A000-$BFFF bank=2/3 bank_size=4096
recent instructions:
  53647203 PC=$A6DB OP=$F0 A=$01 X=$00 Y=$00 SP=$F9 P=$B0
  53647205 PC=$A6DD OP=$E0 A=$01 X=$00 Y=$00 SP=$F9 P=$B0
  53647207 PC=$A6DF OP=$F0 A=$01 X=$00 Y=$00 SP=$F9 P=$30
  53647210 PC=$A6E1 OP=$C4 A=$01 X=$00 Y=$00 SP=$F9 P=$30
  53647213 PC=$A6E3 OP=$F0 A=$01 X=$00 Y=$00 SP=$F9 P=$33
  53647216 PC=$A70A OP=$86 A=$01 X=$00 Y=$00 SP=$F9 P=$33
  53647218 PC=$A70C OP=$A0 A=$01 X=$00 Y=$00 SP=$F9 P=$33
  53647223 PC=$A70E OP=$B1 A=$01 X=$00 Y=$00 SP=$F9 P=$33
  53647226 PC=$A710 OP=$F0 A=$00 X=$00 Y=$00 SP=$F9 P=$33
  53647228 PC=$A72C OP=$E0 A=$00 X=$00 Y=$00 SP=$F9 P=$33
  53647230 PC=$A72E OP=$F0 A=$00 X=$00 Y=$00 SP=$F9 P=$B0
  53647233 PC=$A730 OP=$D0 A=$00 X=$00 Y=$00 SP=$F9 P=$B0
  53647235 PC=$A6D2 OP=$A0 A=$00 X=$00 Y=$00 SP=$F9 P=$B0
  53647237 PC=$A6D4 OP=$18 A=$00 X=$00 Y=$00 SP=$F9 P=$32
  53647242 PC=$A6D5 OP=$B1 A=$00 X=$00 Y=$00 SP=$F9 P=$32
  53647244 PC=$A6D7 OP=$69 A=$00 X=$00 Y=$00 SP=$F9 P=$32
  53647246 PC=$A6D9 OP=$E0 A=$01 X=$00 Y=$00 SP=$F9 P=$30
  53647248 PC=$A6DB OP=$F0 A=$01 X=$00 Y=$00 SP=$F9 P=$B0
  53647250 PC=$A6DD OP=$E0 A=$01 X=$00 Y=$00 SP=$F9 P=$B0
  53647252 PC=$A6DF OP=$F0 A=$01 X=$00 Y=$00 SP=$F9 P=$30
CIO summary: calls=285 handled=283 passthrough=2 open=8 close=9 status=0 read=210 write=58 eof=2 bytes_read=3074 bytes_written=1266
recent CIO:
  cyc=3035538 dcyc=170 x=$00 ch=0 cmd=$0B ret=$A6F9 aux=$0C/$AC buf=$0901 len=0 dev=- handled A=$D4 Y=$01 write E: 1 byte(s)
  cyc=3035598 dcyc=60 x=$70 ch=7 cmd=$07 ret=$A2E9 aux=$04/$04 buf=$A831 len=0 dev=Q: handled A=$4C Y=$01 read queued input $4C read="L"
  cyc=3035768 dcyc=170 x=$00 ch=0 cmd=$0B ret=$A6F9 aux=$0C/$AC buf=$0901 len=0 dev=- handled A=$CC Y=$01 write E: 1 byte(s)
  cyc=3035828 dcyc=60 x=$70 ch=7 cmd=$07 ret=$A2E9 aux=$04/$04 buf=$A831 len=0 dev=Q: handled A=$45 Y=$01 read queued input $45 read="E"
  cyc=3035998 dcyc=170 x=$00 ch=0 cmd=$0B ret=$A6F9 aux=$0C/$AC buf=$0901 len=0 dev=- handled A=$C5 Y=$01 write E: 1 byte(s)
  cyc=3036058 dcyc=60 x=$70 ch=7 cmd=$07 ret=$A2E9 aux=$04/$04 buf=$A831 len=0 dev=Q: handled A=$31 Y=$01 read queued input $31 read="1"
  cyc=3036228 dcyc=170 x=$00 ch=0 cmd=$0B ret=$A6F9 aux=$0C/$AC buf=$0901 len=0 dev=- handled A=$B1 Y=$01 write E: 1 byte(s)
  cyc=3036288 dcyc=60 x=$70 ch=7 cmd=$07 ret=$A2E9 aux=$04/$04 buf=$A831 len=0 dev=Q: handled A=$2E Y=$01 read queued input $2E read="."
  cyc=3036458 dcyc=170 x=$00 ch=0 cmd=$0B ret=$A6F9 aux=$0C/$AC buf=$0901 len=0 dev=- handled A=$AE Y=$01 write E: 1 byte(s)
  cyc=3036518 dcyc=60 x=$70 ch=7 cmd=$07 ret=$A2E9 aux=$04/$04 buf=$A831 len=0 dev=Q: handled A=$43 Y=$01 read queued input $43 read="C"
  cyc=3036688 dcyc=170 x=$00 ch=0 cmd=$0B ret=$A6F9 aux=$0C/$AC buf=$0901 len=0 dev=- handled A=$C3 Y=$01 write E: 1 byte(s)
  cyc=3036748 dcyc=60 x=$70 ch=7 cmd=$07 ret=$A2E9 aux=$04/$04 buf=$A831 len=0 dev=Q: handled A=$4F Y=$01 read queued input $4F read="O"
  cyc=3036918 dcyc=170 x=$00 ch=0 cmd=$0B ret=$A6F9 aux=$0C/$AC buf=$0901 len=0 dev=- handled A=$CF Y=$01 write E: 1 byte(s)
  cyc=3036978 dcyc=60 x=$70 ch=7 cmd=$07 ret=$A2E9 aux=$04/$04 buf=$A831 len=0 dev=Q: handled A=$4D Y=$01 read queued input $4D read="M"
  cyc=3037148 dcyc=170 x=$00 ch=0 cmd=$0B ret=$A6F9 aux=$0C/$AC buf=$0901 len=0 dev=- handled A=$CD Y=$01 write E: 1 byte(s)
  cyc=3037208 dcyc=60 x=$70 ch=7 cmd=$07 ret=$A2E9 aux=$04/$04 buf=$A831 len=0 dev=Q: handled A=$22 Y=$01 read queued input $22 read="\""
  cyc=3037378 dcyc=170 x=$00 ch=0 cmd=$0B ret=$A6F9 aux=$0C/$AC buf=$0901 len=0 dev=- handled A=$A2 Y=$01 write E: 1 byte(s)
  cyc=3037438 dcyc=60 x=$70 ch=7 cmd=$07 ret=$A2E9 aux=$04/$04 buf=$A831 len=0 dev=Q: handled A=$9B Y=$01 read queued input $9B read="\n"
  cyc=3037651 dcyc=213 x=$00 ch=0 cmd=$0B ret=$B2B2 aux=$0C/$AC buf=$0901 len=0 dev=- handled A=$1E Y=$01 write E: 1 byte(s)
  cyc=3037709 dcyc=58 x=$00 ch=0 cmd=$0B ret=$AD37 aux=$0C/$AC buf=$0901 len=0 dev=- handled A=$1F Y=$01 write E: 1 byte(s)
  cyc=3040147 dcyc=2438 x=$10 ch=1 cmd=$0C ret=$B15A aux=$04/$AE buf=$B0B1 len=155 dev=TURTLE1.ACT@462 handled A=$B0 Y=$01 close harness device
  cyc=3040279 dcyc=132 x=$10 ch=1 cmd=$03 ret=$B19A aux=$08/$AE buf=$94DD len=13 dev=- handled A=$94 Y=$01 open harness device
  cyc=3040388 dcyc=109 x=$00 ch=0 cmd=$0B ret=$AE50 aux=$0C/$AC buf=$0901 len=0 dev=- handled A=$9B Y=$01 write E: 1 byte(s)
  cyc=3040561 dcyc=173 x=$10 ch=1 cmd=$0B ret=$AECE aux=$08/$AE buf=$00AA len=6 dev=TURTLE1.COM@0 handled A=$00 Y=$01 write host 6 byte(s)
  cyc=3040626 dcyc=65 x=$10 ch=1 cmd=$0B ret=$AEA2 aux=$08/$AE buf=$3000 len=1178 dev=TURTLE1.COM@6 handled A=$04 Y=$01 write host 1178 byte(s)
  cyc=3040815 dcyc=189 x=$10 ch=1 cmd=$0B ret=$AECE aux=$08/$AE buf=$00AA len=6 dev=TURTLE1.COM@1184 handled A=$00 Y=$01 write host 6 byte(s)
  cyc=3040925 dcyc=110 x=$10 ch=1 cmd=$0C ret=$AD5B aux=$08/$AE buf=$B0B1 len=155 dev=TURTLE1.COM@1190 handled A=$B0 Y=$01 close harness device
  cyc=3041039 dcyc=114 x=$70 ch=7 cmd=$0C ret=$A823 aux=$04/$04 buf=$B0B1 len=155 dev=Q: handled A=$B0 Y=$01 close harness device
  cyc=3041151 dcyc=112 x=$70 ch=7 cmd=$03 ret=$AD23 aux=$04/$AE buf=$A831 len=2 dev=- handled A=$A8 Y=$01 open harness device
  cyc=3041221 dcyc=70 x=$00 ch=0 cmd=$0B ret=$AD2D aux=$0C/$AC buf=$0901 len=0 dev=- handled A=$FD Y=$01 write E: 1 byte(s)
  cyc=3042091 dcyc=870 x=$00 ch=0 cmd=$0B ret=$B08D aux=$0C/$AC buf=$0901 len=0 dev=- handled A=$1F Y=$01 write E: 1 byte(s)
  cyc=3042164 dcyc=73 x=$70 ch=7 cmd=$07 ret=$A2E9 aux=$04/$AE buf=$A831 len=0 dev=Q: pass A=-- Y=-- keyboard read waiting
speaker writes: 1 last=$00
CIO E: channel 0 output:
  .............................
  INCLUDE "D:TURTLE.ACT".....................
  ..
captured symbol snapshot `stop` at PC=$A6E1: proc=TurtleDemo, 1 local(s)
wrote host output `TURTLE1.COM`: 1190 byte(s) to samples/toolkit/survey/outputs/vm/TURTLE1.COM
wrote symbol dump: 12 global(s), 1 local(s) to samples/toolkit/survey/outputs/vm/TURTLE1.symbols.json
wrote 8 symbol snapshot(s) to samples/toolkit/survey/outputs/vm/TURTLE1.symbol-snapshots.json
stopped after 20000000 step(s), cycles=53647252, PC=$A6E1
