3000  00        .BYTE $00
3001  00        .BYTE $00
3002  00        .BYTE $00
3003  00        .BYTE $00
3004  00        .BYTE $00
3005  00        .BYTE $00
3006  00        .BYTE $00
3007  00        .BYTE $00
3008  00        .BYTE $00
3009  4C 0C 30  JMP $300C
300C  20 F5 A0  JSR $A0F5
300F  06 30 02  .BYTE $06,$30,$02
3012  AD 06 30  LDA $3006
3015  8D 00 30  STA $3000
3018  18        CLC
3019  AD 07 30  LDA $3007
301C  6D 08 30  ADC $3008
301F  8D 01 30  STA $3001
3022  60        RTS
3023  00        .BYTE $00
3024  00        .BYTE $00
3025  00        .BYTE $00
3026  00        .BYTE $00
3027  00        .BYTE $00
3028  00        .BYTE $00
3029  4C 2C 30  JMP $302C
302C  20 F5 A0  JSR $A0F5
302F  23 30 05  .BYTE $23,$30,$05
3032  AD 23 30  LDA $3023
3035  8D 00 30  STA $3000
3038  AD 25 30  LDA $3025
303B  8D 03 30  STA $3003
303E  AD 24 30  LDA $3024
3041  8D 02 30  STA $3002
3044  AD 26 30  LDA $3026
3047  8D 01 30  STA $3001
304A  AD 28 30  LDA $3028
304D  8D 05 30  STA $3005
3050  AD 27 30  LDA $3027
3053  8D 04 30  STA $3004
3056  60        RTS
3057  4C 5A 30  JMP $305A
305A  A0 03     LDY #$03
305C  A2 02     LDX #$02
305E  A9 01     LDA #$01
3060  20 09 30  JSR $3009
3063  A9 44     LDA #$44
3065  85 A3     STA $A3
3067  A9 30     LDA #$30
3069  85 A5     STA $A5
306B  A9 00     LDA #$00
306D  85 A4     STA $A4
306F  A0 22     LDY #$22
3071  A2 33     LDX #$33
3073  A9 11     LDA #$11
3075  20 29 30  JSR $3029
3078  60        RTS
3079  60        RTS
