3000  00        .BYTE $00
3001  00        .BYTE $00
3002  00        .BYTE $00
3003  00        .BYTE $00
3004  00        .BYTE $00
3005  00        .BYTE $00
3006  00        .BYTE $00
3007  00        .BYTE $00
3008  00        .BYTE $00
3009  00        .BYTE $00
300A  4C 0D 30  JMP $300D
300D  8E 09 30  STX $3009
3010  8D 08 30  STA $3008
3013  AD 09 30  LDA $3009
3016  85 A0     STA $A0
3018  60        RTS
3019  00        .BYTE $00
301A  00        .BYTE $00
301B  00        .BYTE $00
301C  4C 1F 30  JMP $301F
301F  20 F5 A0  JSR $A0F5
3022  19 30 02  .BYTE $19,$30,$02
3025  AD 1B 30  LDA $301B
3028  85 A0     STA $A0
302A  60        RTS
302B  00        .BYTE $00
302C  00        .BYTE $00
302D  4C 30 30  JMP $3030
3030  8E 2C 30  STX $302C
3033  8D 2B 30  STA $302B
3036  AD 2C 30  LDA $302C
3039  85 A1     STA $A1
303B  AD 2B 30  LDA $302B
303E  85 A0     STA $A0
3040  60        RTS
3041  00        .BYTE $00
3042  00        .BYTE $00
3043  00        .BYTE $00
3044  4C 47 30  JMP $3047
3047  20 F5 A0  JSR $A0F5
304A  41 30 02  .BYTE $41,$30,$02
304D  AD 43 30  LDA $3043
3050  85 A1     STA $A1
3052  AD 42 30  LDA $3042
3055  85 A0     STA $A0
3057  60        RTS
3058  00        .BYTE $00
3059  00        .BYTE $00
305A  00        .BYTE $00
305B  4C 5E 30  JMP $305E
305E  20 F5 A0  JSR $A0F5
3061  58 30 02  .BYTE $58,$30,$02
3064  AD 59 30  LDA $3059
3067  85 A1     STA $A1
3069  AD 58 30  LDA $3058
306C  85 A0     STA $A0
306E  60        RTS
306F  4C 72 30  JMP $3072
3072  A2 02     LDX #$02
3074  A9 01     LDA #$01
3076  20 0A 30  JSR $300A
3079  A5 A0     LDA $A0
307B  8D 00 30  STA $3000
307E  A0 05     LDY #$05
3080  A2 04     LDX #$04
3082  A9 03     LDA #$03
3084  20 1C 30  JSR $301C
3087  A5 A0     LDA $A0
3089  8D 01 30  STA $3001
308C  A2 12     LDX #$12
308E  A9 34     LDA #$34
3090  20 2D 30  JSR $302D
3093  A5 A1     LDA $A1
3095  8D 03 30  STA $3003
3098  A5 A0     LDA $A0
309A  8D 02 30  STA $3002
309D  A0 20     LDY #$20
309F  A2 00     LDX #$00
30A1  A9 06     LDA #$06
30A3  20 44 30  JSR $3044
30A6  A5 A1     LDA $A1
30A8  8D 05 30  STA $3005
30AB  A5 A0     LDA $A0
30AD  8D 04 30  STA $3004
30B0  A0 07     LDY #$07
30B2  A2 30     LDX #$30
30B4  A9 00     LDA #$00
30B6  20 5B 30  JSR $305B
30B9  A5 A1     LDA $A1
30BB  8D 07 30  STA $3007
30BE  A5 A0     LDA $A0
30C0  8D 06 30  STA $3006
30C3  60        RTS
30C4  60        RTS
