3000  00        .BYTE $00
3001  00        .BYTE $00
3002  00        .BYTE $00
3003  00        .BYTE $00
3004  00        .BYTE $00
3005  00        .BYTE $00
3006  00        .BYTE $00
3007  00        .BYTE $00
3008  00        .BYTE $00
3009  00        .BYTE $00
300A  00        .BYTE $00
300B  00        .BYTE $00
300C  00        .BYTE $00
300D  00        .BYTE $00
300E  4C 11 30  JMP $3011
3011  A9 0F     LDA #$0F
3013  8D 00 30  STA $3000
3016  AD 00 30  LDA $3000
3019  29 03     AND #$03
301B  8D 01 30  STA $3001
301E  AD 00 30  LDA $3000
3021  09 80     ORA #$80
3023  8D 01 30  STA $3001
3026  AD 00 30  LDA $3000
3029  49 55     EOR #$55
302B  8D 01 30  STA $3001
302E  A9 12     LDA #$12
3030  8D 03 30  STA $3003
3033  A9 34     LDA #$34
3035  8D 02 30  STA $3002
3038  A0 01     LDY #$01
303A  8C 05 30  STY $3005
303D  A9 02     LDA #$02
303F  8D 04 30  STA $3004
3042  18        CLC
3043  AD 02 30  LDA $3002
3046  6D 04 30  ADC $3004
3049  8D 06 30  STA $3006
304C  AD 03 30  LDA $3003
304F  6D 05 30  ADC $3005
3052  8D 07 30  STA $3007
3055  38        SEC
3056  AD 02 30  LDA $3002
3059  ED 04 30  SBC $3004
305C  8D 06 30  STA $3006
305F  AD 03 30  LDA $3003
3062  ED 05 30  SBC $3005
3065  8D 07 30  STA $3007
3068  AD 02 30  LDA $3002
306B  29 F0     AND #$F0
306D  8D 06 30  STA $3006
3070  AD 03 30  LDA $3003
3073  29 0F     AND #$0F
3075  8D 07 30  STA $3007
3078  AD 02 30  LDA $3002
307B  09 F0     ORA #$F0
307D  8D 06 30  STA $3006
3080  AD 03 30  LDA $3003
3083  09 00     ORA #$00
3085  8D 07 30  STA $3007
3088  AD 02 30  LDA $3002
308B  49 0F     EOR #$0F
308D  8D 06 30  STA $3006
3090  AD 03 30  LDA $3003
3093  49 0F     EOR #$0F
3095  8D 07 30  STA $3007
3098  A9 01     LDA #$01
309A  85 84     STA $84
309C  AD 03 30  LDA $3003
309F  AA        TAX
30A0  AD 02 30  LDA $3002
30A3  20 C0 B5  JSR $B5C0
30A6  8D 06 30  STA $3006
30A9  8A        TXA
30AA  8D 07 30  STA $3007
30AD  A9 01     LDA #$01
30AF  85 84     STA $84
30B1  AD 03 30  LDA $3003
30B4  AA        TAX
30B5  AD 02 30  LDA $3002
30B8  20 E6 A0  JSR $A0E6
30BB  8D 06 30  STA $3006
30BE  8A        TXA
30BF  8D 07 30  STA $3007
30C2  A9 FF     LDA #$FF
30C4  8D 09 30  STA $3009
30C7  A9 EC     LDA #$EC
30C9  8D 08 30  STA $3008
30CC  A0 00     LDY #$00
30CE  8C 0B 30  STY $300B
30D1  A9 03     LDA #$03
30D3  8D 0A 30  STA $300A
30D6  AD 0B 30  LDA $300B
30D9  85 85     STA $85
30DB  AD 0A 30  LDA $300A
30DE  85 84     STA $84
30E0  AD 09 30  LDA $3009
30E3  AA        TAX
30E4  AD 08 30  LDA $3008
30E7  20 00 A0  JSR $A000
30EA  8D 0C 30  STA $300C
30ED  8A        TXA
30EE  8D 0D 30  STA $300D
30F1  AD 0B 30  LDA $300B
30F4  85 85     STA $85
30F6  AD 0A 30  LDA $300A
30F9  85 84     STA $84
30FB  AD 09 30  LDA $3009
30FE  AA        TAX
30FF  AD 08 30  LDA $3008
3102  20 90 A0  JSR $A090
3105  8D 0C 30  STA $300C
3108  8A        TXA
3109  8D 0D 30  STA $300D
310C  AD 0B 30  LDA $300B
310F  85 85     STA $85
3111  AD 0A 30  LDA $300A
3114  85 84     STA $84
3116  AD 09 30  LDA $3009
3119  AA        TAX
311A  AD 08 30  LDA $3008
311D  20 DE A0  JSR $A0DE
3120  8D 0C 30  STA $300C
3123  8A        TXA
3124  8D 0D 30  STA $300D
3127  60        RTS
3128  60        RTS
