3000  00        .BYTE $00
3001  00        .BYTE $00
3002  00        .BYTE $00
3003  00        .BYTE $00
3004  4C 07 30  JMP $3007
3007  4C 0E 30  JMP $300E
300A  03        .BYTE $03
300B  4F        .BYTE $4F
300C  4E        .BYTE $4E
300D  45 A9     EOR $A9
300F  30 8D     BMI $2F9E
3011  01        .BYTE $01
3012  30 A9     BMI $2FBD
3014  0A        ASL A
3015  8D 00 30  STA $3000
3018  AD 00 30  LDA $3000
301B  85 AE     STA $AE
301D  AD 01 30  LDA $3001
3020  85 AF     STA $AF
3022  A0 00     LDY #$00
3024  B1 AE     LDA ($AE),Y
3026  8D 02 30  STA $3002
3029  18        CLC
302A  AD 00 30  LDA $3000
302D  69 01     ADC #$01
302F  85 AE     STA $AE
3031  AD 01 30  LDA $3001
3034  69 00     ADC #$00
3036  85 AF     STA $AF
3038  B1 AE     LDA ($AE),Y
303A  8D 03 30  STA $3003
303D  4C 44 30  JMP $3044
3040  03        .BYTE $03
3041  54        .BYTE $54
3042  57        .BYTE $57
3043  4F        .BYTE $4F
3044  A9 30     LDA #$30
3046  8D 01 30  STA $3001
3049  A9 40     LDA #$40
304B  8D 00 30  STA $3000
304E  AD 00 30  LDA $3000
3051  85 AE     STA $AE
3053  AD 01 30  LDA $3001
3056  85 AF     STA $AF
3058  B1 AE     LDA ($AE),Y
305A  8D 02 30  STA $3002
305D  18        CLC
305E  AD 00 30  LDA $3000
3061  69 01     ADC #$01
3063  85 AE     STA $AE
3065  AD 01 30  LDA $3001
3068  69 00     ADC #$00
306A  85 AF     STA $AF
306C  B1 AE     LDA ($AE),Y
306E  8D 03 30  STA $3003
3071  60        RTS
3072  60        RTS
