3000  00        .BYTE $00
3001  00        .BYTE $00
3002  04        .BYTE $04
3003  00        .BYTE $00
3004  9B        .BYTE $9B
3005  30 08     BMI $300F
3007  00        .BYTE $00
3008  00        .BYTE $00
3009  00        .BYTE $00
300A  00        .BYTE $00
300B  00        .BYTE $00
300C  00        .BYTE $00
300D  00        .BYTE $00
300E  00        .BYTE $00
300F  00        .BYTE $00
3010  4C 13 30  JMP $3013
3013  20 F5 A0  JSR $A0F5
3016  0B 30 04  .BYTE $0B,$30,$04
3019  18        CLC
301A  AD 0B 30  LDA $300B
301D  6D 0F 30  ADC $300F
3020  85 AE     STA $AE
3022  AD 0C 30  LDA $300C
3025  69 00     ADC #$00
3027  85 AF     STA $AF
3029  A9 22     LDA #$22
302B  A0 00     LDY #$00
302D  91 AE     STA ($AE),Y
302F  18        CLC
3030  AD 0B 30  LDA $300B
3033  6D 0F 30  ADC $300F
3036  85 AE     STA $AE
3038  AD 0C 30  LDA $300C
303B  69 00     ADC #$00
303D  85 AF     STA $AF
303F  B1 AE     LDA ($AE),Y
3041  8D 08 30  STA $3008
3044  AD 0F 30  LDA $300F
3047  0A        ASL A
3048  08        PHP
3049  18        CLC
304A  6D 0D 30  ADC $300D
304D  85 AE     STA $AE
304F  A9 00     LDA #$00
3051  2A        ROL A
3052  28        PLP
3053  6D 0E 30  ADC $300E
3056  85 AF     STA $AF
3058  A9 33     LDA #$33
305A  C8        INY
305B  91 AE     STA ($AE),Y
305D  A9 44     LDA #$44
305F  88        DEY
3060  91 AE     STA ($AE),Y
3062  AD 0F 30  LDA $300F
3065  0A        ASL A
3066  08        PHP
3067  18        CLC
3068  6D 0D 30  ADC $300D
306B  85 AE     STA $AE
306D  A9 00     LDA #$00
306F  2A        ROL A
3070  28        PLP
3071  6D 0E 30  ADC $300E
3074  85 AF     STA $AF
3076  C8        INY
3077  B1 AE     LDA ($AE),Y
3079  8D 0A 30  STA $300A
307C  88        DEY
307D  B1 AE     LDA ($AE),Y
307F  8D 09 30  STA $3009
3082  60        RTS
3083  4C 86 30  JMP $3086
3086  AD 05 30  LDA $3005
3089  85 A3     STA $A3
308B  A9 01     LDA #$01
308D  85 A4     STA $A4
308F  AC 04 30  LDY $3004
3092  A2 30     LDX #$30
3094  A9 00     LDA #$00
3096  20 10 30  JSR $3010
3099  60        RTS
309A  60        RTS
