3000  00        .BYTE $00
3001  00        .BYTE $00
3002  00        .BYTE $00
3003  00        .BYTE $00
3004  00        .BYTE $00
3005  00        .BYTE $00
3006  00        .BYTE $00
3007  4C 0A 30  JMP $300A
300A  AD 00 30  LDA $3000
300D  85 AE     STA $AE
300F  AD 01 30  LDA $3001
3012  85 AF     STA $AF
3014  A9 11     LDA #$11
3016  A0 00     LDY #$00
3018  91 AE     STA ($AE),Y
301A  AD 00 30  LDA $3000
301D  85 AE     STA $AE
301F  AD 01 30  LDA $3001
3022  85 AF     STA $AF
3024  B1 AE     LDA ($AE),Y
3026  8D 04 30  STA $3004
3029  AD 02 30  LDA $3002
302C  85 AE     STA $AE
302E  AD 03 30  LDA $3003
3031  85 AF     STA $AF
3033  A9 12     LDA #$12
3035  C8        INY
3036  91 AE     STA ($AE),Y
3038  A9 34     LDA #$34
303A  88        DEY
303B  91 AE     STA ($AE),Y
303D  AD 02 30  LDA $3002
3040  85 AE     STA $AE
3042  AD 03 30  LDA $3003
3045  85 AF     STA $AF
3047  C8        INY
3048  B1 AE     LDA ($AE),Y
304A  8D 06 30  STA $3006
304D  88        DEY
304E  B1 AE     LDA ($AE),Y
3050  8D 05 30  STA $3005
3053  60        RTS
3054  60        RTS
