3000  00        BRK
3001  00        BRK
3002  FF        .BYTE $FF
3003  00        BRK
3004  00        BRK
3005  00        BRK
3006  00        BRK
3007  00        BRK
3008  00        BRK
3009  00        BRK
300A  00        BRK
300B  00        BRK
300C  00        BRK
300D  00        BRK
300E  00        BRK
300F  00        BRK
3010  00        BRK
3011  00        BRK
3012  00        BRK
3013  00        BRK
3014  00        BRK
3015  00        BRK
3016  00        BRK
3017  00        BRK
3018  00        BRK
3019  00        BRK
301A  00        BRK
301B  00        BRK
301C  00        BRK
301D  00        BRK
301E  00        BRK
301F  00        BRK
3020  00        BRK
3021  00        BRK
3022  00        BRK
3023  00        BRK
3024  00        BRK
3025  00        BRK
3026  00        BRK
3027  00        BRK
3028  00        BRK
3029  00        BRK
302A  00        BRK
302B  00        BRK
302C  00        BRK
302D  00        BRK
302E  00        BRK
302F  00        BRK
3030  00        BRK
3031  00        BRK
3032  00        BRK
3033  00        BRK
3034  00        BRK
3035  00        BRK
3036  00        BRK
3037  00        BRK
3038  00        BRK
3039  00        BRK
303A  00        BRK
303B  00        BRK
303C  00        BRK
303D  00        BRK
303E  00        BRK
303F  00        BRK
3040  00        BRK
3041  00        BRK
3042  00        BRK
3043  00        BRK
3044  00        BRK
3045  00        BRK
3046  00        BRK
3047  00        BRK
3048  00        BRK
3049  00        BRK
304A  00        BRK
304B  00        BRK
304C  00        BRK
304D  00        BRK
304E  00        BRK
304F  00        BRK
3050  00        BRK
3051  00        BRK
3052  00        BRK
3053  00        BRK
3054  00        BRK
3055  00        BRK
3056  00        BRK
3057  00        BRK
3058  00        BRK
3059  00        BRK
305A  00        BRK
305B  00        BRK
305C  00        BRK
305D  00        BRK
305E  00        BRK
305F  00        BRK
3060  00        BRK
3061  00        BRK
3062  00        BRK
3063  00        BRK
3064  00        BRK
3065  00        BRK
3066  00        BRK
3067  00        BRK
3068  00        BRK
3069  00        BRK
306A  00        BRK
306B  00        BRK
306C  00        BRK
306D  00        BRK
306E  00        BRK
306F  00        BRK
3070  00        BRK
3071  00        BRK
3072  00        BRK
3073  00        BRK
3074  00        BRK
3075  00        BRK
3076  00        BRK
3077  00        BRK
3078  00        BRK
3079  00        BRK
307A  00        BRK
307B  00        BRK
307C  00        BRK
307D  00        BRK
307E  00        BRK
307F  00        BRK
3080  00        BRK
3081  00        BRK
3082  00        BRK
3083  00        BRK
3084  00        BRK
3085  00        BRK
3086  00        BRK
3087  00        BRK
3088  00        BRK
3089  00        BRK
308A  00        BRK
308B  00        BRK
308C  00        BRK
308D  00        BRK
308E  00        BRK
308F  00        BRK
3090  00        BRK
3091  00        BRK
3092  00        BRK
3093  00        BRK
3094  00        BRK
3095  00        BRK
3096  00        BRK
3097  00        BRK
3098  00        BRK
3099  00        BRK
309A  00        BRK
309B  00        BRK
309C  00        BRK
309D  00        BRK
309E  00        BRK
309F  00        BRK
30A0  00        BRK
30A1  00        BRK
30A2  00        BRK
30A3  00        BRK
30A4  00        BRK
30A5  00        BRK
30A6  00        BRK
30A7  00        BRK
30A8  00        BRK
30A9  00        BRK
30AA  00        BRK
30AB  00        BRK
30AC  00        BRK
30AD  00        BRK
30AE  00        BRK
30AF  00        BRK
30B0  00        BRK
30B1  00        BRK
30B2  00        BRK
30B3  00        BRK
30B4  00        BRK
30B5  00        BRK
30B6  00        BRK
30B7  00        BRK
30B8  00        BRK
30B9  00        BRK
30BA  00        BRK
30BB  00        BRK
30BC  00        BRK
30BD  00        BRK
30BE  00        BRK
30BF  00        BRK
30C0  00        BRK
30C1  00        BRK
30C2  00        BRK
30C3  00        BRK
30C4  00        BRK
30C5  00        BRK
30C6  00        BRK
30C7  00        BRK
30C8  00        BRK
30C9  00        BRK
30CA  00        BRK
30CB  00        BRK
30CC  00        BRK
30CD  00        BRK
30CE  00        BRK
30CF  00        BRK
30D0  00        BRK
30D1  00        BRK
30D2  00        BRK
30D3  00        BRK
30D4  00        BRK
30D5  00        BRK
30D6  00        BRK
30D7  00        BRK
30D8  00        BRK
30D9  00        BRK
30DA  00        BRK
30DB  00        BRK
30DC  00        BRK
30DD  00        BRK
30DE  00        BRK
30DF  00        BRK
30E0  00        BRK
30E1  00        BRK
30E2  00        BRK
30E3  00        BRK
30E4  00        BRK
30E5  00        BRK
30E6  00        BRK
30E7  00        BRK
30E8  00        BRK
30E9  00        BRK
30EA  00        BRK
30EB  00        BRK
30EC  00        BRK
30ED  00        BRK
30EE  00        BRK
30EF  00        BRK
30F0  00        BRK
30F1  00        BRK
30F2  00        BRK
30F3  00        BRK
30F4  00        BRK
30F5  00        BRK
30F6  00        BRK
30F7  00        BRK
30F8  00        BRK
30F9  00        BRK
30FA  00        BRK
30FB  00        BRK
30FC  00        BRK
30FD  00        BRK
30FE  00        BRK
; ===== PROC MarkG255 $30FF..$3100 =====
30FF  60        RTS
; ===== END PROC MarkG255 =====
3100  00        BRK
3101  00        BRK
3102  00        BRK
3103  01 00     ORA ($00,X)
3105  00        BRK
3106  00        BRK
3107  00        BRK
3108  00        BRK
3109  00        BRK
310A  00        BRK
310B  00        BRK
310C  00        BRK
310D  00        BRK
310E  00        BRK
310F  00        BRK
3110  00        BRK
3111  00        BRK
3112  00        BRK
3113  00        BRK
3114  00        BRK
3115  00        BRK
3116  00        BRK
3117  00        BRK
3118  00        BRK
3119  00        BRK
311A  00        BRK
311B  00        BRK
311C  00        BRK
311D  00        BRK
311E  00        BRK
311F  00        BRK
3120  00        BRK
3121  00        BRK
3122  00        BRK
3123  00        BRK
3124  00        BRK
3125  00        BRK
3126  00        BRK
3127  00        BRK
3128  00        BRK
3129  00        BRK
312A  00        BRK
312B  00        BRK
312C  00        BRK
312D  00        BRK
312E  00        BRK
312F  00        BRK
3130  00        BRK
3131  00        BRK
3132  00        BRK
3133  00        BRK
3134  00        BRK
3135  00        BRK
3136  00        BRK
3137  00        BRK
3138  00        BRK
3139  00        BRK
313A  00        BRK
313B  00        BRK
313C  00        BRK
313D  00        BRK
313E  00        BRK
313F  00        BRK
3140  00        BRK
3141  00        BRK
3142  00        BRK
3143  00        BRK
3144  00        BRK
3145  00        BRK
3146  00        BRK
3147  00        BRK
3148  00        BRK
3149  00        BRK
314A  00        BRK
314B  00        BRK
314C  00        BRK
314D  00        BRK
314E  00        BRK
314F  00        BRK
3150  00        BRK
3151  00        BRK
3152  00        BRK
3153  00        BRK
3154  00        BRK
3155  00        BRK
3156  00        BRK
3157  00        BRK
3158  00        BRK
3159  00        BRK
315A  00        BRK
315B  00        BRK
315C  00        BRK
315D  00        BRK
315E  00        BRK
315F  00        BRK
3160  00        BRK
3161  00        BRK
3162  00        BRK
3163  00        BRK
3164  00        BRK
3165  00        BRK
3166  00        BRK
3167  00        BRK
3168  00        BRK
3169  00        BRK
316A  00        BRK
316B  00        BRK
316C  00        BRK
316D  00        BRK
316E  00        BRK
316F  00        BRK
3170  00        BRK
3171  00        BRK
3172  00        BRK
3173  00        BRK
3174  00        BRK
3175  00        BRK
3176  00        BRK
3177  00        BRK
3178  00        BRK
3179  00        BRK
317A  00        BRK
317B  00        BRK
317C  00        BRK
317D  00        BRK
317E  00        BRK
317F  00        BRK
3180  00        BRK
3181  00        BRK
3182  00        BRK
3183  00        BRK
3184  00        BRK
3185  00        BRK
3186  00        BRK
3187  00        BRK
3188  00        BRK
3189  00        BRK
318A  00        BRK
318B  00        BRK
318C  00        BRK
318D  00        BRK
318E  00        BRK
318F  00        BRK
3190  00        BRK
3191  00        BRK
3192  00        BRK
3193  00        BRK
3194  00        BRK
3195  00        BRK
3196  00        BRK
3197  00        BRK
3198  00        BRK
3199  00        BRK
319A  00        BRK
319B  00        BRK
319C  00        BRK
319D  00        BRK
319E  00        BRK
319F  00        BRK
31A0  00        BRK
31A1  00        BRK
31A2  00        BRK
31A3  00        BRK
31A4  00        BRK
31A5  00        BRK
31A6  00        BRK
31A7  00        BRK
31A8  00        BRK
31A9  00        BRK
31AA  00        BRK
31AB  00        BRK
31AC  00        BRK
31AD  00        BRK
31AE  00        BRK
31AF  00        BRK
31B0  00        BRK
31B1  00        BRK
31B2  00        BRK
31B3  00        BRK
31B4  00        BRK
31B5  00        BRK
31B6  00        BRK
31B7  00        BRK
31B8  00        BRK
31B9  00        BRK
31BA  00        BRK
31BB  00        BRK
31BC  00        BRK
31BD  00        BRK
31BE  00        BRK
31BF  00        BRK
31C0  00        BRK
31C1  00        BRK
31C2  00        BRK
31C3  00        BRK
31C4  00        BRK
31C5  00        BRK
31C6  00        BRK
31C7  00        BRK
31C8  00        BRK
31C9  00        BRK
31CA  00        BRK
31CB  00        BRK
31CC  00        BRK
31CD  00        BRK
31CE  00        BRK
31CF  00        BRK
31D0  00        BRK
31D1  00        BRK
31D2  00        BRK
31D3  00        BRK
31D4  00        BRK
31D5  00        BRK
31D6  00        BRK
31D7  00        BRK
31D8  00        BRK
31D9  00        BRK
31DA  00        BRK
31DB  00        BRK
31DC  00        BRK
31DD  00        BRK
31DE  00        BRK
31DF  00        BRK
31E0  00        BRK
31E1  00        BRK
31E2  00        BRK
31E3  00        BRK
31E4  00        BRK
31E5  00        BRK
31E6  00        BRK
31E7  00        BRK
31E8  00        BRK
31E9  00        BRK
31EA  00        BRK
31EB  00        BRK
31EC  00        BRK
31ED  00        BRK
31EE  00        BRK
31EF  00        BRK
31F0  00        BRK
31F1  00        BRK
31F2  00        BRK
31F3  00        BRK
31F4  00        BRK
31F5  00        BRK
31F6  00        BRK
31F7  00        BRK
31F8  00        BRK
31F9  00        BRK
31FA  00        BRK
31FB  00        BRK
31FC  00        BRK
31FD  00        BRK
31FE  00        BRK
31FF  00        BRK
; ===== PROC MarkG256 $3200..$3201 =====
3200  60        RTS
; ===== END PROC MarkG256 =====
3201  AE 35 01  LDX $0135
3204  01 60     ORA ($60,X)
; ===== END PROC MarkG257 =====
3206  00        BRK
; ===== PROC Local255 $3207..$331A entry $3306 =====
3207  00        BRK
3208  00        BRK
3209  FF        .BYTE $FF
320A  00        BRK
320B  00        BRK
320C  00        BRK
320D  00        BRK
320E  00        BRK
320F  00        BRK
3210  00        BRK
3211  00        BRK
3212  00        BRK
3213  00        BRK
3214  00        BRK
3215  00        BRK
3216  00        BRK
3217  00        BRK
3218  00        BRK
3219  00        BRK
321A  00        BRK
321B  00        BRK
321C  00        BRK
321D  00        BRK
321E  00        BRK
321F  00        BRK
3220  00        BRK
3221  00        BRK
3222  00        BRK
3223  00        BRK
3224  00        BRK
3225  00        BRK
3226  00        BRK
3227  00        BRK
3228  00        BRK
3229  00        BRK
322A  00        BRK
322B  00        BRK
322C  00        BRK
322D  00        BRK
322E  00        BRK
322F  00        BRK
3230  00        BRK
3231  00        BRK
3232  00        BRK
3233  00        BRK
3234  00        BRK
3235  00        BRK
3236  00        BRK
3237  00        BRK
3238  00        BRK
3239  00        BRK
323A  00        BRK
323B  00        BRK
323C  00        BRK
323D  00        BRK
323E  00        BRK
323F  00        BRK
3240  00        BRK
3241  00        BRK
3242  00        BRK
3243  00        BRK
3244  00        BRK
3245  00        BRK
3246  00        BRK
3247  00        BRK
3248  00        BRK
3249  00        BRK
324A  00        BRK
324B  00        BRK
324C  00        BRK
324D  00        BRK
324E  00        BRK
324F  00        BRK
3250  00        BRK
3251  00        BRK
3252  00        BRK
3253  00        BRK
3254  00        BRK
3255  00        BRK
3256  00        BRK
3257  00        BRK
3258  00        BRK
3259  00        BRK
325A  00        BRK
325B  00        BRK
325C  00        BRK
325D  00        BRK
325E  00        BRK
325F  00        BRK
3260  00        BRK
3261  00        BRK
3262  00        BRK
3263  00        BRK
3264  00        BRK
3265  00        BRK
3266  00        BRK
3267  00        BRK
3268  00        BRK
3269  00        BRK
326A  00        BRK
326B  00        BRK
326C  00        BRK
326D  00        BRK
326E  00        BRK
326F  00        BRK
3270  00        BRK
3271  00        BRK
3272  00        BRK
3273  00        BRK
3274  00        BRK
3275  00        BRK
3276  00        BRK
3277  00        BRK
3278  00        BRK
3279  00        BRK
327A  00        BRK
327B  00        BRK
327C  00        BRK
327D  00        BRK
327E  00        BRK
327F  00        BRK
3280  00        BRK
3281  00        BRK
3282  00        BRK
3283  00        BRK
3284  00        BRK
3285  00        BRK
3286  00        BRK
3287  00        BRK
3288  00        BRK
3289  00        BRK
328A  00        BRK
328B  00        BRK
328C  00        BRK
328D  00        BRK
328E  00        BRK
328F  00        BRK
3290  00        BRK
3291  00        BRK
3292  00        BRK
3293  00        BRK
3294  00        BRK
3295  00        BRK
3296  00        BRK
3297  00        BRK
3298  00        BRK
3299  00        BRK
329A  00        BRK
329B  00        BRK
329C  00        BRK
329D  00        BRK
329E  00        BRK
329F  00        BRK
32A0  00        BRK
32A1  00        BRK
32A2  00        BRK
32A3  00        BRK
32A4  00        BRK
32A5  00        BRK
32A6  00        BRK
32A7  00        BRK
32A8  00        BRK
32A9  00        BRK
32AA  00        BRK
32AB  00        BRK
32AC  00        BRK
32AD  00        BRK
32AE  00        BRK
32AF  00        BRK
32B0  00        BRK
32B1  00        BRK
32B2  00        BRK
32B3  00        BRK
32B4  00        BRK
32B5  00        BRK
32B6  00        BRK
32B7  00        BRK
32B8  00        BRK
32B9  00        BRK
32BA  00        BRK
32BB  00        BRK
32BC  00        BRK
32BD  00        BRK
32BE  00        BRK
32BF  00        BRK
32C0  00        BRK
32C1  00        BRK
32C2  00        BRK
32C3  00        BRK
32C4  00        BRK
32C5  00        BRK
32C6  00        BRK
32C7  00        BRK
32C8  00        BRK
32C9  00        BRK
32CA  00        BRK
32CB  00        BRK
32CC  00        BRK
32CD  00        BRK
32CE  00        BRK
32CF  00        BRK
32D0  00        BRK
32D1  00        BRK
32D2  00        BRK
32D3  00        BRK
32D4  00        BRK
32D5  00        BRK
32D6  00        BRK
32D7  00        BRK
32D8  00        BRK
32D9  00        BRK
32DA  00        BRK
32DB  00        BRK
32DC  00        BRK
32DD  00        BRK
32DE  00        BRK
32DF  00        BRK
32E0  00        BRK
32E1  00        BRK
32E2  00        BRK
32E3  00        BRK
32E4  00        BRK
32E5  00        BRK
32E6  00        BRK
32E7  00        BRK
32E8  00        BRK
32E9  00        BRK
32EA  00        BRK
32EB  00        BRK
32EC  00        BRK
32ED  00        BRK
32EE  00        BRK
32EF  00        BRK
32F0  00        BRK
32F1  00        BRK
32F2  00        BRK
32F3  00        BRK
32F4  00        BRK
32F5  00        BRK
32F6  00        BRK
32F7  00        BRK
32F8  00        BRK
32F9  00        BRK
32FA  00        BRK
32FB  00        BRK
32FC  00        BRK
32FD  00        BRK
32FE  00        BRK
32FF  00        BRK
3300  00        BRK
3301  00        BRK
3302  00        BRK
3303  00        BRK
3304  00        BRK
3305  00        BRK
3306  4C 09 33  JMP $3309
3309  A9 01     LDA #$01
330B  8D 07 32  STA $3207
330E  A9 02     LDA #$02
3310  8D 05 33  STA $3305
3313  AD 07 32  LDA $3207
3316  8D 06 32  STA $3206
3319  60        RTS
; ===== END PROC Local255 =====
; ===== PROC Local256 $331A..$342E entry $341A =====
331A  00        BRK
331B  00        BRK
331C  00        BRK
331D  01 00     ORA ($00,X)
331F  00        BRK
3320  00        BRK
3321  00        BRK
3322  00        BRK
3323  00        BRK
3324  00        BRK
3325  00        BRK
3326  00        BRK
3327  00        BRK
3328  00        BRK
3329  00        BRK
332A  00        BRK
332B  00        BRK
332C  00        BRK
332D  00        BRK
332E  00        BRK
332F  00        BRK
3330  00        BRK
3331  00        BRK
3332  00        BRK
3333  00        BRK
3334  00        BRK
3335  00        BRK
3336  00        BRK
3337  00        BRK
3338  00        BRK
3339  00        BRK
333A  00        BRK
333B  00        BRK
333C  00        BRK
333D  00        BRK
333E  00        BRK
333F  00        BRK
3340  00        BRK
3341  00        BRK
3342  00        BRK
3343  00        BRK
3344  00        BRK
3345  00        BRK
3346  00        BRK
3347  00        BRK
3348  00        BRK
3349  00        BRK
334A  00        BRK
334B  00        BRK
334C  00        BRK
334D  00        BRK
334E  00        BRK
334F  00        BRK
3350  00        BRK
3351  00        BRK
3352  00        BRK
3353  00        BRK
3354  00        BRK
3355  00        BRK
3356  00        BRK
3357  00        BRK
3358  00        BRK
3359  00        BRK
335A  00        BRK
335B  00        BRK
335C  00        BRK
335D  00        BRK
335E  00        BRK
335F  00        BRK
3360  00        BRK
3361  00        BRK
3362  00        BRK
3363  00        BRK
3364  00        BRK
3365  00        BRK
3366  00        BRK
3367  00        BRK
3368  00        BRK
3369  00        BRK
336A  00        BRK
336B  00        BRK
336C  00        BRK
336D  00        BRK
336E  00        BRK
336F  00        BRK
3370  00        BRK
3371  00        BRK
3372  00        BRK
3373  00        BRK
3374  00        BRK
3375  00        BRK
3376  00        BRK
3377  00        BRK
3378  00        BRK
3379  00        BRK
337A  00        BRK
337B  00        BRK
337C  00        BRK
337D  00        BRK
337E  00        BRK
337F  00        BRK
3380  00        BRK
3381  00        BRK
3382  00        BRK
3383  00        BRK
3384  00        BRK
3385  00        BRK
3386  00        BRK
3387  00        BRK
3388  00        BRK
3389  00        BRK
338A  00        BRK
338B  00        BRK
338C  00        BRK
338D  00        BRK
338E  00        BRK
338F  00        BRK
3390  00        BRK
3391  00        BRK
3392  00        BRK
3393  00        BRK
3394  00        BRK
3395  00        BRK
3396  00        BRK
3397  00        BRK
3398  00        BRK
3399  00        BRK
339A  00        BRK
339B  00        BRK
339C  00        BRK
339D  00        BRK
339E  00        BRK
339F  00        BRK
33A0  00        BRK
33A1  00        BRK
33A2  00        BRK
33A3  00        BRK
33A4  00        BRK
33A5  00        BRK
33A6  00        BRK
33A7  00        BRK
33A8  00        BRK
33A9  00        BRK
33AA  00        BRK
33AB  00        BRK
33AC  00        BRK
33AD  00        BRK
33AE  00        BRK
33AF  00        BRK
33B0  00        BRK
33B1  00        BRK
33B2  00        BRK
33B3  00        BRK
33B4  00        BRK
33B5  00        BRK
33B6  00        BRK
33B7  00        BRK
33B8  00        BRK
33B9  00        BRK
33BA  00        BRK
33BB  00        BRK
33BC  00        BRK
33BD  00        BRK
33BE  00        BRK
33BF  00        BRK
33C0  00        BRK
33C1  00        BRK
33C2  00        BRK
33C3  00        BRK
33C4  00        BRK
33C5  00        BRK
33C6  00        BRK
33C7  00        BRK
33C8  00        BRK
33C9  00        BRK
33CA  00        BRK
33CB  00        BRK
33CC  00        BRK
33CD  00        BRK
33CE  00        BRK
33CF  00        BRK
33D0  00        BRK
33D1  00        BRK
33D2  00        BRK
33D3  00        BRK
33D4  00        BRK
33D5  00        BRK
33D6  00        BRK
33D7  00        BRK
33D8  00        BRK
33D9  00        BRK
33DA  00        BRK
33DB  00        BRK
33DC  00        BRK
33DD  00        BRK
33DE  00        BRK
33DF  00        BRK
33E0  00        BRK
33E1  00        BRK
33E2  00        BRK
33E3  00        BRK
33E4  00        BRK
33E5  00        BRK
33E6  00        BRK
33E7  00        BRK
33E8  00        BRK
33E9  00        BRK
33EA  00        BRK
33EB  00        BRK
33EC  00        BRK
33ED  00        BRK
33EE  00        BRK
33EF  00        BRK
33F0  00        BRK
33F1  00        BRK
33F2  00        BRK
33F3  00        BRK
33F4  00        BRK
33F5  00        BRK
33F6  00        BRK
33F7  00        BRK
33F8  00        BRK
33F9  00        BRK
33FA  00        BRK
33FB  00        BRK
33FC  00        BRK
33FD  00        BRK
33FE  00        BRK
33FF  00        BRK
3400  00        BRK
3401  00        BRK
3402  00        BRK
3403  00        BRK
3404  00        BRK
3405  00        BRK
3406  00        BRK
3407  00        BRK
3408  00        BRK
3409  00        BRK
340A  00        BRK
340B  00        BRK
340C  00        BRK
340D  00        BRK
340E  00        BRK
340F  00        BRK
3410  00        BRK
3411  00        BRK
3412  00        BRK
3413  00        BRK
3414  00        BRK
3415  00        BRK
3416  00        BRK
3417  00        BRK
3418  00        BRK
3419  00        BRK
341A  4C 1D 34  JMP $341D
341D  A9 01     LDA #$01
341F  8D 1A 33  STA $331A
3422  A9 02     LDA #$02
3424  8D 19 34  STA $3419
3427  AD 1A 33  LDA $331A
342A  8D 06 32  STA $3206
342D  60        RTS
; ===== END PROC Local256 =====
; ===== PROC Local257 $342E..$3468 entry $3432 =====
342E  AD 34 01  LDA $0134
3431  01 4C     ORA ($4C,X)
3433  35 34     AND $34,X
3435  AD 2E 34  LDA $342E
3438  85 AE     STA $AE
343A  AD 2F 34  LDA $342F
343D  85 AF     STA $AF
343F  A9 01     LDA #$01
3441  A0 00     LDY #$00
3443  91 AE     STA ($AE),Y
3445  18        CLC
3446  AD 2E 34  LDA $342E
3449  69 00     ADC #$00
344B  85 AE     STA $AE
344D  AD 2F 34  LDA $342F
3450  69 01     ADC #$01
3452  85 AF     STA $AF
3454  A9 02     LDA #$02
3456  91 AE     STA ($AE),Y
3458  AD 2E 34  LDA $342E
345B  85 AE     STA $AE
345D  AD 2F 34  LDA $342F
3460  85 AF     STA $AF
3462  B1 AE     LDA ($AE),Y
3464  8D 06 32  STA $3206
3467  60        RTS
; ===== END PROC Local257 =====
; ===== PROC Main $3468..$34AC =====
3468  4C 6B 34  JMP $346B
346B  A9 01     LDA #$01
346D  8D 00 30  STA $3000
3470  A9 02     LDA #$02
3472  8D FE 30  STA $30FE
3475  A9 01     LDA #$01
3477  8D 00 31  STA $3100
347A  A9 02     LDA #$02
347C  8D FF 31  STA $31FF
347F  AD 01 32  LDA $3201
3482  85 AE     STA $AE
3484  AD 02 32  LDA $3202
3487  85 AF     STA $AF
3489  A9 01     LDA #$01
348B  A0 00     LDY #$00
348D  91 AE     STA ($AE),Y
348F  18        CLC
3490  AD 01 32  LDA $3201
3493  69 00     ADC #$00
3495  85 AE     STA $AE
3497  AD 02 32  LDA $3202
349A  69 01     ADC #$01
349C  85 AF     STA $AF
349E  A9 02     LDA #$02
34A0  91 AE     STA ($AE),Y
34A2  20 06 33  JSR $3306
34A5  20 1A 34  JSR $341A
34A8  20 32 34  JSR $3432
34AB  60        RTS
; ===== END PROC Main =====
34AC  60        RTS
