3000  00        .BYTE $00
3001  00        .BYTE $00
3002  08        PHP
3003  00        .BYTE $00
3004  00        .BYTE $00
3005  00        .BYTE $00
3006  00        .BYTE $00
3007  00        .BYTE $00
3008  D7        .BYTE $D7
3009  30 10     BMI $301B
300B  00        .BYTE $00
300C  00        .BYTE $00
300D  00        .BYTE $00
300E  00        .BYTE $00
300F  00        .BYTE $00
3010  00        .BYTE $00
3011  00        .BYTE $00
3012  4C 15 30  JMP $3015
3015  A9 11     LDA #$11
3017  8D 00 30  STA $3000
301A  A9 33     LDA #$33
301C  8D 03 30  STA $3003
301F  AD 03 30  LDA $3003
3022  8D 0D 30  STA $300D
3025  A9 02     LDA #$02
3027  8D 0C 30  STA $300C
302A  AD 0D 30  LDA $300D
302D  AE 0C 30  LDX $300C
3030  9D 00 30  STA $3000,X
3033  AE 0C 30  LDX $300C
3036  BD 00 30  LDA $3000,X
3039  8D 0D 30  STA $300D
303C  AD 08 30  LDA $3008
303F  85 AE     STA $AE
3041  AD 09 30  LDA $3009
3044  85 AF     STA $AF
3046  A9 12     LDA #$12
3048  A0 01     LDY #$01
304A  91 AE     STA ($AE),Y
304C  A9 34     LDA #$34
304E  88        DEY
304F  91 AE     STA ($AE),Y
3051  A9 02     LDA #$02
3053  0A        ASL A
3054  08        PHP
3055  18        CLC
3056  6D 08 30  ADC $3008
3059  85 AE     STA $AE
305B  A9 00     LDA #$00
305D  2A        ROL A
305E  28        PLP
305F  6D 09 30  ADC $3009
3062  85 AF     STA $AF
3064  A9 56     LDA #$56
3066  C8        INY
3067  91 AE     STA ($AE),Y
3069  A9 78     LDA #$78
306B  88        DEY
306C  91 AE     STA ($AE),Y
306E  A9 02     LDA #$02
3070  0A        ASL A
3071  08        PHP
3072  18        CLC
3073  6D 08 30  ADC $3008
3076  85 AE     STA $AE
3078  A9 00     LDA #$00
307A  2A        ROL A
307B  28        PLP
307C  6D 09 30  ADC $3009
307F  85 AF     STA $AF
3081  C8        INY
3082  B1 AE     LDA ($AE),Y
3084  8D 11 30  STA $3011
3087  88        DEY
3088  B1 AE     LDA ($AE),Y
308A  8D 10 30  STA $3010
308D  8C 0F 30  STY $300F
3090  C8        INY
3091  8C 0E 30  STY $300E
3094  AD 0E 30  LDA $300E
3097  0A        ASL A
3098  08        PHP
3099  18        CLC
309A  6D 08 30  ADC $3008
309D  85 AE     STA $AE
309F  AD 0F 30  LDA $300F
30A2  2A        ROL A
30A3  28        PLP
30A4  6D 09 30  ADC $3009
30A7  85 AF     STA $AF
30A9  AD 11 30  LDA $3011
30AC  91 AE     STA ($AE),Y
30AE  AD 10 30  LDA $3010
30B1  88        DEY
30B2  91 AE     STA ($AE),Y
30B4  AD 0E 30  LDA $300E
30B7  0A        ASL A
30B8  08        PHP
30B9  18        CLC
30BA  6D 08 30  ADC $3008
30BD  85 AE     STA $AE
30BF  AD 0F 30  LDA $300F
30C2  2A        ROL A
30C3  28        PLP
30C4  6D 09 30  ADC $3009
30C7  85 AF     STA $AF
30C9  C8        INY
30CA  B1 AE     LDA ($AE),Y
30CC  8D 11 30  STA $3011
30CF  88        DEY
30D0  B1 AE     LDA ($AE),Y
30D2  8D 10 30  STA $3010
30D5  60        RTS
30D6  60        RTS
