3000  00        .BYTE $00
3001  00        .BYTE $00
3002  00        .BYTE $00
3003  00        .BYTE $00
3004  00        .BYTE $00
3005  00        .BYTE $00
3006  4C 09 30  JMP $3009
3009  A0 01     LDY #$01
300B  8C 00 30  STY $3000
300E  8C 01 30  STY $3001
3011  AD 00 30  LDA $3000
3014  4D 01 30  EOR $3001
3017  F0 03     BEQ $301C
3019  4C 22 30  JMP $3022
301C  8C 02 30  STY $3002
301F  4C 27 30  JMP $3027
3022  A9 02     LDA #$02
3024  8D 02 30  STA $3002
3027  A9 02     LDA #$02
3029  8D 01 30  STA $3001
302C  AD 00 30  LDA $3000
302F  4D 01 30  EOR $3001
3032  F0 03     BEQ $3037
3034  4C 3F 30  JMP $303F
3037  A0 01     LDY #$01
3039  8C 03 30  STY $3003
303C  4C 44 30  JMP $3044
303F  A9 02     LDA #$02
3041  8D 03 30  STA $3003
3044  AD 00 30  LDA $3000
3047  4D 01 30  EOR $3001
304A  D0 03     BNE $304F
304C  4C 57 30  JMP $3057
304F  A0 01     LDY #$01
3051  8C 04 30  STY $3004
3054  4C 5C 30  JMP $305C
3057  A9 02     LDA #$02
3059  8D 04 30  STA $3004
305C  A0 01     LDY #$01
305E  8C 01 30  STY $3001
3061  AD 00 30  LDA $3000
3064  4D 01 30  EOR $3001
3067  D0 03     BNE $306C
3069  4C 72 30  JMP $3072
306C  8C 05 30  STY $3005
306F  4C 77 30  JMP $3077
3072  A9 02     LDA #$02
3074  8D 05 30  STA $3005
3077  60        RTS
3078  60        RTS
