3000  00        .BYTE $00
3001  00        .BYTE $00
3002  00        .BYTE $00
3003  00        .BYTE $00
3004  00        .BYTE $00
3005  4C 08 30  JMP $3008
3008  A9 FF     LDA #$FF
300A  8D 01 30  STA $3001
300D  A9 FF     LDA #$FF
300F  8D 00 30  STA $3000
3012  A0 00     LDY #$00
3014  8C 03 30  STY $3003
3017  C8        INY
3018  8C 02 30  STY $3002
301B  AD 00 30  LDA $3000
301E  CD 02 30  CMP $3002
3021  AD 01 30  LDA $3001
3024  ED 03 30  SBC $3003
3027  30 03     BMI $302C
3029  4C 2F 30  JMP $302F
302C  8C 04 30  STY $3004
302F  AD 00 30  LDA $3000
3032  CD 02 30  CMP $3002
3035  AD 01 30  LDA $3001
3038  ED 03 30  SBC $3003
303B  30 03     BMI $3040
303D  4C 4B 30  JMP $304B
3040  EE 00 30  INC $3000
3043  D0 03     BNE $3048
3045  EE 01 30  INC $3001
3048  4C 2F 30  JMP $302F
304B  38        SEC
304C  AD 02 30  LDA $3002
304F  E9 01     SBC #$01
3051  8D 02 30  STA $3002
3054  AD 03 30  LDA $3003
3057  E9 00     SBC #$00
3059  8D 03 30  STA $3003
305C  AD 02 30  LDA $3002
305F  0D 03 30  ORA $3003
3062  F0 03     BEQ $3067
3064  4C 4B 30  JMP $304B
3067  60        RTS
3068  60        RTS
