3000  00        .BYTE $00
3001  00        .BYTE $00
3002  00        .BYTE $00
3003  00        .BYTE $00
3004  00        .BYTE $00
3005  00        .BYTE $00
3006  00        .BYTE $00
3007  00        .BYTE $00
3008  4C 0B 30  JMP $300B
300B  A9 12     LDA #$12
300D  8D 01 30  STA $3001
3010  A9 34     LDA #$34
3012  8D 00 30  STA $3000
3015  A9 12     LDA #$12
3017  8D 03 30  STA $3003
301A  A9 34     LDA #$34
301C  8D 02 30  STA $3002
301F  AD 00 30  LDA $3000
3022  4D 02 30  EOR $3002
3025  D0 06     BNE $302D
3027  0D 01 30  ORA $3001
302A  4D 03 30  EOR $3003
302D  F0 03     BEQ $3032
302F  4C 3A 30  JMP $303A
3032  A0 01     LDY #$01
3034  8C 04 30  STY $3004
3037  4C 3F 30  JMP $303F
303A  A9 02     LDA #$02
303C  8D 04 30  STA $3004
303F  A9 12     LDA #$12
3041  8D 03 30  STA $3003
3044  A9 35     LDA #$35
3046  8D 02 30  STA $3002
3049  AD 00 30  LDA $3000
304C  4D 02 30  EOR $3002
304F  D0 06     BNE $3057
3051  0D 01 30  ORA $3001
3054  4D 03 30  EOR $3003
3057  F0 03     BEQ $305C
3059  4C 64 30  JMP $3064
305C  A0 01     LDY #$01
305E  8C 05 30  STY $3005
3061  4C 69 30  JMP $3069
3064  A9 02     LDA #$02
3066  8D 05 30  STA $3005
3069  AD 00 30  LDA $3000
306C  4D 02 30  EOR $3002
306F  D0 06     BNE $3077
3071  0D 01 30  ORA $3001
3074  4D 03 30  EOR $3003
3077  D0 03     BNE $307C
3079  4C 84 30  JMP $3084
307C  A0 01     LDY #$01
307E  8C 06 30  STY $3006
3081  4C 89 30  JMP $3089
3084  A9 02     LDA #$02
3086  8D 06 30  STA $3006
3089  A9 12     LDA #$12
308B  8D 03 30  STA $3003
308E  A9 34     LDA #$34
3090  8D 02 30  STA $3002
3093  AD 00 30  LDA $3000
3096  4D 02 30  EOR $3002
3099  D0 06     BNE $30A1
309B  0D 01 30  ORA $3001
309E  4D 03 30  EOR $3003
30A1  D0 03     BNE $30A6
30A3  4C AE 30  JMP $30AE
30A6  A0 01     LDY #$01
30A8  8C 07 30  STY $3007
30AB  4C B3 30  JMP $30B3
30AE  A9 02     LDA #$02
30B0  8D 07 30  STA $3007
30B3  60        RTS
30B4  60        RTS
