3000  00        .BYTE $00
3001  00        .BYTE $00
3002  00        .BYTE $00
3003  00        .BYTE $00
3004  4C 07 30  JMP $3007
3007  A0 01     LDY #$01
3009  8C 00 30  STY $3000
300C  8C 01 30  STY $3001
300F  AD 00 30  LDA $3000
3012  4D 01 30  EOR $3001
3015  F0 03     BEQ $301A
3017  4C 1D 30  JMP $301D
301A  8C 02 30  STY $3002
301D  AD 00 30  LDA $3000
3020  4D 01 30  EOR $3001
3023  D0 03     BNE $3028
3025  4C 2D 30  JMP $302D
3028  A0 01     LDY #$01
302A  8C 03 30  STY $3003
302D  60        RTS
302E  60        RTS
