3000  00        .BYTE $00
3001  00        .BYTE $00
3002  00        .BYTE $00
3003  00        .BYTE $00
3004  00        .BYTE $00
3005  00        .BYTE $00
3006  00        .BYTE $00
3007  00        .BYTE $00
3008  00        .BYTE $00
3009  00        .BYTE $00
300A  00        .BYTE $00
300B  00        .BYTE $00
300C  00        .BYTE $00
300D  00        .BYTE $00
300E  00        .BYTE $00
300F  00        .BYTE $00
3010  00        .BYTE $00
3011  00        .BYTE $00
3012  4C 15 30  JMP $3015
3015  A0 01     LDY #$01
3017  8C 00 30  STY $3000
301A  88        DEY
301B  8C 01 30  STY $3001
301E  C8        INY
301F  8C 0B 30  STY $300B
3022  88        DEY
3023  8C 0A 30  STY $300A
3026  A9 02     LDA #$02
3028  8D 0D 30  STA $300D
302B  A9 00     LDA #$00
302D  8D 0C 30  STA $300C
3030  A9 FF     LDA #$FF
3032  8D 0F 30  STA $300F
3035  A9 FF     LDA #$FF
3037  8D 0E 30  STA $300E
303A  8C 11 30  STY $3011
303D  C8        INY
303E  8C 10 30  STY $3010
3041  AD 00 30  LDA $3000
3044  4D 01 30  EOR $3001
3047  F0 03     BEQ $304C
3049  4C 52 30  JMP $3052
304C  8C 02 30  STY $3002
304F  4C 57 30  JMP $3057
3052  A9 02     LDA #$02
3054  8D 02 30  STA $3002
3057  AD 00 30  LDA $3000
305A  4D 01 30  EOR $3001
305D  D0 03     BNE $3062
305F  4C 6A 30  JMP $306A
3062  A0 01     LDY #$01
3064  8C 03 30  STY $3003
3067  4C 6F 30  JMP $306F
306A  A9 02     LDA #$02
306C  8D 03 30  STA $3003
306F  AD 0A 30  LDA $300A
3072  CD 0C 30  CMP $300C
3075  AD 0B 30  LDA $300B
3078  ED 0D 30  SBC $300D
307B  90 03     BCC $3080
307D  4C 88 30  JMP $3088
3080  A0 01     LDY #$01
3082  8C 04 30  STY $3004
3085  4C 8D 30  JMP $308D
3088  A9 02     LDA #$02
308A  8D 04 30  STA $3004
308D  AD 0A 30  LDA $300A
3090  CD 0C 30  CMP $300C
3093  AD 0B 30  LDA $300B
3096  ED 0D 30  SBC $300D
3099  B0 03     BCS $309E
309B  4C A6 30  JMP $30A6
309E  A0 01     LDY #$01
30A0  8C 05 30  STY $3005
30A3  4C AB 30  JMP $30AB
30A6  A9 02     LDA #$02
30A8  8D 05 30  STA $3005
30AB  AD 0E 30  LDA $300E
30AE  CD 10 30  CMP $3010
30B1  AD 0F 30  LDA $300F
30B4  ED 11 30  SBC $3011
30B7  30 03     BMI $30BC
30B9  4C C4 30  JMP $30C4
30BC  A0 01     LDY #$01
30BE  8C 06 30  STY $3006
30C1  4C C9 30  JMP $30C9
30C4  A9 02     LDA #$02
30C6  8D 06 30  STA $3006
30C9  AD 0E 30  LDA $300E
30CC  CD 10 30  CMP $3010
30CF  AD 0F 30  LDA $300F
30D2  ED 11 30  SBC $3011
30D5  10 03     BPL $30DA
30D7  4C E2 30  JMP $30E2
30DA  A0 01     LDY #$01
30DC  8C 07 30  STY $3007
30DF  4C E7 30  JMP $30E7
30E2  A9 02     LDA #$02
30E4  8D 07 30  STA $3007
30E7  AD 00 30  LDA $3000
30EA  2D 01 30  AND $3001
30ED  85 AE     STA $AE
30EF  A5 AE     LDA $AE
30F1  D0 03     BNE $30F6
30F3  4C FE 30  JMP $30FE
30F6  A0 01     LDY #$01
30F8  8C 08 30  STY $3008
30FB  4C 03 31  JMP $3103
30FE  A9 02     LDA #$02
3100  8D 08 30  STA $3008
3103  AD 00 30  LDA $3000
3106  0D 01 30  ORA $3001
3109  85 AE     STA $AE
310B  A5 AE     LDA $AE
310D  D0 03     BNE $3112
310F  4C 1A 31  JMP $311A
3112  A0 01     LDY #$01
3114  8C 09 30  STY $3009
3117  4C 1F 31  JMP $311F
311A  A9 02     LDA #$02
311C  8D 09 30  STA $3009
311F  60        RTS
3120  60        RTS
