3000  00        .BYTE $00
3001  00        .BYTE $00
3002  00        .BYTE $00
3003  00        .BYTE $00
3004  00        .BYTE $00
3005  00        .BYTE $00
3006  4C 09 30  JMP $3009
3009  AD 01 30  LDA $3001
300C  D0 03     BNE $3011
300E  4C 19 30  JMP $3019
3011  A0 01     LDY #$01
3013  8C 01 30  STY $3001
3016  4C 30 30  JMP $3030
3019  AD 01 30  LDA $3001
301C  49 01     EOR #$01
301E  F0 03     BEQ $3023
3020  4C 2B 30  JMP $302B
3023  A9 03     LDA #$03
3025  8D 01 30  STA $3001
3028  4C 30 30  JMP $3030
302B  A9 02     LDA #$02
302D  8D 01 30  STA $3001
3030  AD 01 30  LDA $3001
3033  C9 04     CMP #$04
3035  90 03     BCC $303A
3037  4C 40 30  JMP $3040
303A  EE 01 30  INC $3001
303D  4C 30 30  JMP $3030
3040  EE 01 30  INC $3001
3043  AD 01 30  LDA $3001
3046  49 06     EOR #$06
3048  F0 03     BEQ $304D
304A  4C 40 30  JMP $3040
304D  AD 01 30  LDA $3001
3050  D0 03     BNE $3055
3052  4C 5B 30  JMP $305B
3055  4C 5B 30  JMP $305B
3058  4C 4D 30  JMP $304D
305B  A0 01     LDY #$01
305D  8C 00 30  STY $3000
3060  A9 03     LDA #$03
3062  CD 00 30  CMP $3000
3065  B0 03     BCS $306A
3067  4C 73 30  JMP $3073
306A  EE 01 30  INC $3001
306D  EE 00 30  INC $3000
3070  4C 60 30  JMP $3060
3073  A9 03     LDA #$03
3075  8D 00 30  STA $3000
3078  A9 01     LDA #$01
307A  CD 00 30  CMP $3000
307D  B0 03     BCS $3082
307F  4C 91 30  JMP $3091
3082  EE 01 30  INC $3001
3085  18        CLC
3086  AD 00 30  LDA $3000
3089  69 FF     ADC #$FF
308B  8D 00 30  STA $3000
308E  4C 78 30  JMP $3078
3091  A9 00     LDA #$00
3093  85 85     STA $85
3095  A9 22     LDA #$22
3097  85 84     STA $84
3099  A9 0C     LDA #$0C
309B  A2 00     LDX #$00
309D  20 00 A0  JSR $A000
30A0  8D 02 30  STA $3002
30A3  8A        TXA
30A4  8D 03 30  STA $3003
30A7  A9 FF     LDA #$FF
30A9  8D 05 30  STA $3005
30AC  A9 FB     LDA #$FB
30AE  8D 04 30  STA $3004
30B1  60        RTS
30B2  60        RTS
