3000  00        .BYTE $00
3001  00        .BYTE $00
3002  00        .BYTE $00
3003  00        .BYTE $00
3004  00        .BYTE $00
3005  00        .BYTE $00
3006  04        .BYTE $04
3007  52        .BYTE $52
3008  4F        .BYTE $4F
3009  4F        .BYTE $4F
300A  54        .BYTE $54
300B  03        .BYTE $03
300C  53        .BYTE $53
300D  55        .BYTE $55
300E  42        .BYTE $42
300F  91 31     STA ($31),Y
3011  04        .BYTE $04
3012  00        .BYTE $00
3013  00        .BYTE $00
3014  00        .BYTE $00
3015  4C 18 30  JMP $3018
3018  8E 14 30  STX $3014
301B  8D 13 30  STA $3013
301E  60        RTS
301F  00        .BYTE $00
3020  4C 23 30  JMP $3023
3023  8D 1F 30  STA $301F
3026  60        RTS
3027  00        .BYTE $00
3028  00        .BYTE $00
3029  4C 2C 30  JMP $302C
302C  8E 28 30  STX $3028
302F  8D 27 30  STA $3027
3032  60        RTS
3033  00        .BYTE $00
3034  00        .BYTE $00
3035  4C 38 30  JMP $3038
3038  8E 34 30  STX $3034
303B  8D 33 30  STA $3033
303E  60        RTS
303F  00        .BYTE $00
3040  00        .BYTE $00
3041  00        .BYTE $00
3042  4C 45 30  JMP $3045
3045  20 F5 A0  JSR $A0F5
3048  3F 30 02  .BYTE $3F,$30,$02
304B  60        RTS
304C  4C 4F 30  JMP $304F
304F  AD 0F 30  LDA $300F
3052  85 AE     STA $AE
3054  AD 10 30  LDA $3010
3057  85 AF     STA $AF
3059  A9 30     LDA #$30
305B  A0 01     LDY #$01
305D  91 AE     STA ($AE),Y
305F  A9 06     LDA #$06
3061  88        DEY
3062  91 AE     STA ($AE),Y
3064  A9 01     LDA #$01
3066  0A        ASL A
3067  08        PHP
3068  18        CLC
3069  6D 0F 30  ADC $300F
306C  85 AE     STA $AE
306E  A9 00     LDA #$00
3070  2A        ROL A
3071  28        PLP
3072  6D 10 30  ADC $3010
3075  85 AF     STA $AF
3077  A9 30     LDA #$30
3079  C8        INY
307A  91 AE     STA ($AE),Y
307C  A9 0B     LDA #$0B
307E  88        DEY
307F  91 AE     STA ($AE),Y
3081  A9 00     LDA #$00
3083  85 85     STA $85
3085  AD 00 30  LDA $3000
3088  85 84     STA $84
308A  A9 14     LDA #$14
308C  A2 00     LDX #$00
308E  20 00 A0  JSR $A000
3091  8D 03 30  STA $3003
3094  A9 03     LDA #$03
3096  8D 04 30  STA $3004
3099  A2 FF     LDX #$FF
309B  A9 00     LDA #$00
309D  20 15 30  JSR $3015
30A0  4C A8 30  JMP $30A8
30A3  04        .BYTE $04
30A4  20 20 20  JSR $2020
30A7  44        .BYTE $44
30A8  A2 30     LDX #$30
30AA  A9 A3     LDA #$A3
30AC  20 29 30  JSR $3029
30AF  A9 30     LDA #$30
30B1  0D 01 30  ORA $3001
30B4  85 A0     STA $A0
30B6  A5 A0     LDA $A0
30B8  20 20 30  JSR $3020
30BB  4C CC 30  JMP $30CC
30BE  0D 3E 20  ORA $203E
30C1  20 20 20  JSR $2020
30C4  20 20 20  JSR $2020
30C7  20 20 20  JSR $2020
30CA  20 20 A2  JSR $A220
30CD  30 A9     BMI $3078
30CF  BE        .BYTE $BE
30D0  20 29 30  JSR $3029
30D3  A2 FF     LDX #$FF
30D5  A9 07     LDA #$07
30D7  20 15 30  JSR $3015
30DA  AD 02 30  LDA $3002
30DD  0A        ASL A
30DE  08        PHP
30DF  18        CLC
30E0  6D 0F 30  ADC $300F
30E3  85 AE     STA $AE
30E5  A9 00     LDA #$00
30E7  2A        ROL A
30E8  28        PLP
30E9  6D 10 30  ADC $3010
30EC  85 AF     STA $AF
30EE  A0 01     LDY #$01
30F0  B1 AE     LDA ($AE),Y
30F2  85 A1     STA $A1
30F4  88        DEY
30F5  B1 AE     LDA ($AE),Y
30F7  85 A0     STA $A0
30F9  A6 A1     LDX $A1
30FB  A5 A0     LDA $A0
30FD  20 29 30  JSR $3029
3100  A2 FF     LDX #$FF
3102  A9 00     LDA #$00
3104  20 15 30  JSR $3015
3107  A0 00     LDY #$00
3109  A2 13     LDX #$13
310B  A9 80     LDA #$80
310D  20 42 30  JSR $3042
3110  A2 00     LDX #$00
3112  A9 00     LDA #$00
3114  20 15 30  JSR $3015
3117  4C 2F 31  JMP $312F
311A  14        .BYTE $14
311B  2B        .BYTE $2B
311C  2D 2D 2D  AND $2D2D
311F  2D 2D 2D  AND $2D2D
3122  2D 2D 2D  AND $2D2D
3125  2D 2B 2D  AND $2D2B
3128  2D 2D 2B  AND $2B2D
312B  2D 2D 2D  AND $2D2D
312E  2B        .BYTE $2B
312F  A2 31     LDX #$31
3131  A9 1A     LDA #$1A
3133  20 35 30  JSR $3035
3136  A0 00     LDY #$00
3138  8C 05 30  STY $3005
313B  A9 03     LDA #$03
313D  CD 05 30  CMP $3005
3140  B0 03     BCS $3145
3142  4C 6A 31  JMP $316A
3145  4C 5D 31  JMP $315D
3148  14        .BYTE $14
3149  7C        .BYTE $7C
314A  20 20 20  JSR $2020
314D  20 20 20  JSR $2020
3150  20 20 20  JSR $2020
3153  20 7C 20  JSR $207C
3156  20 20 7C  JSR $7C20
3159  20 20 20  JSR $2020
315C  7C        .BYTE $7C
315D  A2 31     LDX #$31
315F  A9 48     LDA #$48
3161  20 35 30  JSR $3035
3164  EE 05 30  INC $3005
3167  4C 3B 31  JMP $313B
316A  4C 82 31  JMP $3182
316D  14        .BYTE $14
316E  2B        .BYTE $2B
316F  2D 2D 2D  AND $2D2D
3172  2D 2D 2D  AND $2D2D
3175  2D 2D 2D  AND $2D2D
3178  2D 2B 2D  AND $2D2B
317B  2D 2D 2B  AND $2B2D
317E  2D 2D 2D  AND $2D2D
3181  2B        .BYTE $2B
3182  A2 31     LDX #$31
3184  A9 6D     LDA #$6D
3186  20 35 30  JSR $3035
3189  EE 03 30  INC $3003
318C  EE 04 30  INC $3004
318F  60        RTS
3190  60        RTS
