3000  00        .BYTE $00
3001  00        .BYTE $00
3002  00        .BYTE $00
3003  01        .BYTE $01
3004  02        .BYTE $02
3005  03        .BYTE $03
3006  03        .BYTE $03
3007  30 4C     BMI $3055
3009  0B        .BYTE $0B
300A  30 A9     BMI $2FB5
300C  11        .BYTE $11
300D  8D 00 30  STA $3000
3010  A9 22     LDA #$22
3012  8D 02 30  STA $3002
3015  A9 33     LDA #$33
3017  8D 01 30  STA $3001
301A  AD 07 30  LDA $3007
301D  85 A4     STA $A4
301F  AD 06 30  LDA $3006
3022  85 A3     STA $A3
3024  AC 02 30  LDY $3002
3027  AE 01 30  LDX $3001
302A  AD 00 30  LDA $3000
302D  20 34 12  JSR $1234
3030  60        RTS
3031  60        RTS
