3000  00        .BYTE $00
3001  07        .BYTE $07
3002  44        .BYTE $44
3003  3A        .BYTE $3A
3004  41        .BYTE $41
3005  4C 50 48  JMP $4850
3008  41        .BYTE $41
3009  06        .BYTE $06
300A  44        .BYTE $44
300B  3A        .BYTE $3A
300C  42        .BYTE $42
300D  45 54     EOR $54
300F  41        .BYTE $41
3010  00        .BYTE $00
3011  00        .BYTE $00
3012  00        .BYTE $00
3013  00        .BYTE $00
3014  4C 17 30  JMP $3017
3017  20 F5 A0  JSR $A0F5
301A  10 30 03  .BYTE $10,$30,$03
301D  EE 10 30  INC $3010
3020  D0 03     BNE $3025
3022  EE 11 30  INC $3011
3025  EE 12 30  INC $3012
3028  D0 03     BNE $302D
302A  EE 13 30  INC $3013
302D  AD 12 30  LDA $3012
3030  85 AC     STA $AC
3032  AD 13 30  LDA $3013
3035  85 AD     STA $AD
3037  AD 10 30  LDA $3010
303A  85 AE     STA $AE
303C  AD 11 30  LDA $3011
303F  85 AF     STA $AF
3041  A0 00     LDY #$00
3043  B1 AE     LDA ($AE),Y
3045  51 AC     EOR ($AC),Y
3047  D0 03     BNE $304C
3049  4C 7F 30  JMP $307F
304C  AD 10 30  LDA $3010
304F  85 AE     STA $AE
3051  AD 11 30  LDA $3011
3054  85 AF     STA $AF
3056  B1 AE     LDA ($AE),Y
3058  49 3A     EOR #$3A
305A  F0 03     BEQ $305F
305C  4C 67 30  JMP $3067
305F  A9 00     LDA #$00
3061  85 A0     STA $A0
3063  60        RTS
3064  4C 7F 30  JMP $307F
3067  AD 12 30  LDA $3012
306A  85 AE     STA $AE
306C  AD 13 30  LDA $3013
306F  85 AF     STA $AF
3071  B1 AE     LDA ($AE),Y
3073  49 3A     EOR #$3A
3075  F0 03     BEQ $307A
3077  4C 7F 30  JMP $307F
307A  A9 01     LDA #$01
307C  85 A0     STA $A0
307E  60        RTS
307F  EE 10 30  INC $3010
3082  D0 03     BNE $3087
3084  EE 11 30  INC $3011
3087  EE 12 30  INC $3012
308A  D0 03     BNE $308F
308C  EE 13 30  INC $3013
308F  AD 12 30  LDA $3012
3092  85 AC     STA $AC
3094  AD 13 30  LDA $3013
3097  85 AD     STA $AD
3099  AD 10 30  LDA $3010
309C  85 AE     STA $AE
309E  AD 11 30  LDA $3011
30A1  85 AF     STA $AF
30A3  B1 AE     LDA ($AE),Y
30A5  51 AC     EOR ($AC),Y
30A7  F0 03     BEQ $30AC
30A9  4C BF 30  JMP $30BF
30AC  EE 10 30  INC $3010
30AF  D0 03     BNE $30B4
30B1  EE 11 30  INC $3011
30B4  EE 12 30  INC $3012
30B7  D0 03     BNE $30BC
30B9  EE 13 30  INC $3013
30BC  4C 8F 30  JMP $308F
30BF  AD 10 30  LDA $3010
30C2  85 AC     STA $AC
30C4  AD 11 30  LDA $3011
30C7  85 AD     STA $AD
30C9  AD 12 30  LDA $3012
30CC  85 AE     STA $AE
30CE  AD 13 30  LDA $3013
30D1  85 AF     STA $AF
30D3  B1 AE     LDA ($AE),Y
30D5  D1 AC     CMP ($AC),Y
30D7  90 03     BCC $30DC
30D9  4C E4 30  JMP $30E4
30DC  A9 01     LDA #$01
30DE  85 A0     STA $A0
30E0  60        RTS
30E1  4C E9 30  JMP $30E9
30E4  A9 00     LDA #$00
30E6  85 A0     STA $A0
30E8  60        RTS
30E9  60        RTS
30EA  4C ED 30  JMP $30ED
30ED  A9 30     LDA #$30
30EF  85 A3     STA $A3
30F1  A0 09     LDY #$09
30F3  A2 30     LDX #$30
30F5  A9 01     LDA #$01
30F7  20 14 30  JSR $3014
30FA  A5 A0     LDA $A0
30FC  8D 00 30  STA $3000
30FF  A9 30     LDA #$30
3101  85 A3     STA $A3
3103  A0 01     LDY #$01
3105  A2 30     LDX #$30
3107  A9 09     LDA #$09
3109  20 14 30  JSR $3014
310C  A5 A0     LDA $A0
310E  8D 00 30  STA $3000
3111  60        RTS
3112  60        RTS
