3000  00        .BYTE $00
3001  00        .BYTE $00
3002  00        .BYTE $00
3003  00        .BYTE $00
3004  00        .BYTE $00
3005  00        .BYTE $00
3006  00        .BYTE $00
3007  00        .BYTE $00
3008  4C 0B 30  JMP $300B
300B  8D 07 30  STA $3007
300E  18        CLC
300F  AD 07 30  LDA $3007
3012  69 01     ADC #$01
3014  85 A0     STA $A0
3016  60        RTS
3017  00        .BYTE $00
3018  4C 1B 30  JMP $301B
301B  8D 17 30  STA $3017
301E  AD 17 30  LDA $3017
3021  85 A0     STA $A0
3023  60        RTS
3024  00        .BYTE $00
3025  00        .BYTE $00
3026  00        .BYTE $00
3027  00        .BYTE $00
3028  4C 2B 30  JMP $302B
302B  20 F5 A0  JSR $A0F5
302E  24 30 03  .BYTE $24,$30,$03
3031  18        CLC
3032  AD 24 30  LDA $3024
3035  6D 26 30  ADC $3026
3038  85 A0     STA $A0
303A  AD 25 30  LDA $3025
303D  6D 27 30  ADC $3027
3040  85 A1     STA $A1
3042  60        RTS
3043  00        .BYTE $00
3044  00        .BYTE $00
3045  4C 48 30  JMP $3048
3048  8E 44 30  STX $3044
304B  8D 43 30  STA $3043
304E  38        SEC
304F  A9 00     LDA #$00
3051  ED 43 30  SBC $3043
3054  85 A0     STA $A0
3056  A9 00     LDA #$00
3058  ED 44 30  SBC $3044
305B  85 A1     STA $A1
305D  60        RTS
305E  4C 61 30  JMP $3061
3061  AD 00 30  LDA $3000
3064  20 08 30  JSR $3008
3067  A5 A0     LDA $A0
3069  8D 01 30  STA $3001
306C  A9 41     LDA #$41
306E  20 18 30  JSR $3018
3071  A5 A0     LDA $A0
3073  8D 02 30  STA $3002
3076  A9 00     LDA #$00
3078  85 A3     STA $A3
307A  A0 22     LDY #$22
307C  A2 12     LDX #$12
307E  A9 34     LDA #$34
3080  20 28 30  JSR $3028
3083  A5 A1     LDA $A1
3085  8D 04 30  STA $3004
3088  A5 A0     LDA $A0
308A  8D 03 30  STA $3003
308D  A2 00     LDX #$00
308F  A9 05     LDA #$05
3091  20 45 30  JSR $3045
3094  A5 A1     LDA $A1
3096  8D 06 30  STA $3006
3099  A5 A0     LDA $A0
309B  8D 05 30  STA $3005
309E  60        RTS
309F  60        RTS
