3000  00        .BYTE $00
3001  D3        .BYTE $D3
3002  39        .BYTE $39
3003  93        .BYTE $93
3004  04        .BYTE $04
3005  4C 08 30  JMP $3008
3008  AD 01 30  LDA $3001
300B  85 AE     STA $AE
300D  AD 02 30  LDA $3002
3010  85 AF     STA $AF
3012  A9 01     LDA #$01
3014  A0 00     LDY #$00
3016  91 AE     STA ($AE),Y
3018  18        CLC
3019  AD 01 30  LDA $3001
301C  69 92     ADC #$92
301E  85 AE     STA $AE
3020  AD 02 30  LDA $3002
3023  69 04     ADC #$04
3025  85 AF     STA $AF
3027  A9 02     LDA #$02
3029  91 AE     STA ($AE),Y
302B  AD 01 30  LDA $3001
302E  85 AE     STA $AE
3030  AD 02 30  LDA $3002
3033  85 AF     STA $AF
3035  B1 AE     LDA ($AE),Y
3037  8D 00 30  STA $3000
303A  60        RTS
303B  00        .BYTE $00
303C  00        .BYTE $00
303D  08        PHP
303E  00        .BYTE $00
303F  00        .BYTE $00
3040  00        .BYTE $00
3041  00        .BYTE $00
3042  00        .BYTE $00
3043  40        .BYTE $40
3044  35        .BYTE $35
3045  93        .BYTE $93
3046  04        .BYTE $04
3047  AD 30 93  LDA $9330
304A  04        .BYTE $04
304B  4C 4E 30  JMP $304E
304E  A9 03     LDA #$03
3050  8D 3B 30  STA $303B
3053  AD 43 30  LDA $3043
3056  85 AE     STA $AE
3058  AD 44 30  LDA $3044
305B  85 AF     STA $AF
305D  AD 3B 30  LDA $303B
3060  A0 00     LDY #$00
3062  91 AE     STA ($AE),Y
3064  18        CLC
3065  AD 47 30  LDA $3047
3068  69 92     ADC #$92
306A  85 AE     STA $AE
306C  AD 48 30  LDA $3048
306F  69 04     ADC #$04
3071  85 AF     STA $AF
3073  AD 43 30  LDA $3043
3076  85 AC     STA $AC
3078  AD 44 30  LDA $3044
307B  85 AD     STA $AD
307D  B1 AC     LDA ($AC),Y
307F  91 AE     STA ($AE),Y
3081  18        CLC
3082  AD 47 30  LDA $3047
3085  69 92     ADC #$92
3087  85 AE     STA $AE
3089  AD 48 30  LDA $3048
308C  69 04     ADC #$04
308E  85 AF     STA $AF
3090  B1 AE     LDA ($AE),Y
3092  8D 00 30  STA $3000
3095  60        RTS
3096  4C 99 30  JMP $3099
3099  A9 09     LDA #$09
309B  8D 00 30  STA $3000
309E  60        RTS
309F  4C A2 30  JMP $30A2
30A2  20 05 30  JSR $3005
30A5  20 4B 30  JSR $304B
30A8  20 96 30  JSR $3096
30AB  60        RTS
30AC  60        RTS
