3000  00        .BYTE $00
3001  00        .BYTE $00
3002  A9 11     LDA #$11
3004  60        RTS
3005  00        .BYTE $00
3006  07        .BYTE $07
3007  00        .BYTE $00
3008  00        .BYTE $00
3009  00        .BYTE $00
300A  00        .BYTE $00
300B  04        .BYTE $04
300C  00        .BYTE $00
300D  01        .BYTE $01
300E  02        .BYTE $02
300F  03        .BYTE $03
3010  0D 30 02  ORA $0230
3013  41        .BYTE $41
3014  42        .BYTE $42
3015  A9 22     LDA #$22
3017  60        RTS
3018  4C 1B 30  JMP $301B
301B  20 02 30  JSR $3002
301E  AD 06 30  LDA $3006
3021  8D 05 30  STA $3005
3024  AD 01 30  LDA $3001
3027  8D 08 30  STA $3008
302A  AD 00 30  LDA $3000
302D  8D 07 30  STA $3007
3030  AD 05 30  LDA $3005
3033  8D 09 30  STA $3009
3036  18        CLC
3037  AD 10 30  LDA $3010
303A  69 01     ADC #$01
303C  85 AE     STA $AE
303E  AD 11 30  LDA $3011
3041  69 00     ADC #$00
3043  85 AF     STA $AF
3045  A0 00     LDY #$00
3047  B1 AE     LDA ($AE),Y
3049  8D 05 30  STA $3005
304C  AD 05 30  LDA $3005
304F  8D 02 40  STA $4002
3052  AD 05 30  LDA $3005
3055  8D 00 30  STA $3000
3058  AD 05 30  LDA $3005
305B  8D 01 30  STA $3001
305E  8C 0A D4  STY $D40A
3061  20 15 30  JSR $3015
3064  60        RTS
3065  60        RTS
