3000  00        .BYTE $00
3001  00        .BYTE $00
3002  00        .BYTE $00
3003  00        .BYTE $00
3004  00        .BYTE $00
3005  00        .BYTE $00
3006  00        .BYTE $00
3007  00        .BYTE $00
3008  00        .BYTE $00
3009  00        .BYTE $00
300A  00        .BYTE $00
300B  00        .BYTE $00
300C  00        .BYTE $00
300D  03        .BYTE $03
300E  00        .BYTE $00
300F  00        .BYTE $00
3010  4C 13 30  JMP $3013
3013  A9 11     LDA #$11
3015  8D 08 30  STA $3008
3018  A9 22     LDA #$22
301A  8D 0A 30  STA $300A
301D  A9 33     LDA #$33
301F  8D 09 30  STA $3009
3022  AD 08 30  LDA $3008
3025  8D 0B 30  STA $300B
3028  A9 44     LDA #$44
302A  8D 0C 30  STA $300C
302D  A9 30     LDA #$30
302F  8D 0F 30  STA $300F
3032  A9 0B     LDA #$0B
3034  8D 0E 30  STA $300E
3037  AD 0E 30  LDA $300E
303A  85 AE     STA $AE
303C  AD 0F 30  LDA $300F
303F  85 AF     STA $AF
3041  A0 00     LDY #$00
3043  B1 AE     LDA ($AE),Y
3045  8D 00 30  STA $3000
3048  AD 0A 30  LDA $300A
304B  8D 03 30  STA $3003
304E  AD 09 30  LDA $3009
3051  8D 02 30  STA $3002
3054  AD 0F 30  LDA $300F
3057  8D 07 30  STA $3007
305A  AD 0E 30  LDA $300E
305D  8D 06 30  STA $3006
3060  60        RTS
3061  00        .BYTE $00
3062  00        .BYTE $00
3063  00        .BYTE $00
3064  00        .BYTE $00
3065  00        .BYTE $00
3066  00        .BYTE $00
3067  4C 6A 30  JMP $306A
306A  20 F5 A0  JSR $A0F5
306D  61 30 02  .BYTE $61,$30,$02
3070  AD 61 30  LDA $3061
3073  8D 64 30  STA $3064
3076  AD 63 30  LDA $3063
3079  8D 66 30  STA $3066
307C  AD 62 30  LDA $3062
307F  8D 65 30  STA $3065
3082  AD 64 30  LDA $3064
3085  8D 01 30  STA $3001
3088  AD 66 30  LDA $3066
308B  8D 05 30  STA $3005
308E  AD 65 30  LDA $3065
3091  8D 04 30  STA $3004
3094  AD 64 30  LDA $3064
3097  85 A0     STA $A0
3099  60        RTS
309A  00        .BYTE $00
309B  00        .BYTE $00
309C  00        .BYTE $00
309D  00        .BYTE $00
309E  00        .BYTE $00
309F  4C A2 30  JMP $30A2
30A2  8E 9B 30  STX $309B
30A5  8D 9A 30  STA $309A
30A8  AD 9B 30  LDA $309B
30AB  8D 9D 30  STA $309D
30AE  AD 9A 30  LDA $309A
30B1  8D 9C 30  STA $309C
30B4  A9 55     LDA #$55
30B6  8D 9E 30  STA $309E
30B9  AD 9E 30  LDA $309E
30BC  8D 00 30  STA $3000
30BF  AD 9D 30  LDA $309D
30C2  85 A1     STA $A1
30C4  AD 9C 30  LDA $309C
30C7  85 A0     STA $A0
30C9  60        RTS
30CA  4C CD 30  JMP $30CD
30CD  20 10 30  JSR $3010
30D0  A0 34     LDY #$34
30D2  A2 56     LDX #$56
30D4  A9 12     LDA #$12
30D6  20 67 30  JSR $3067
30D9  A5 A0     LDA $A0
30DB  8D 01 30  STA $3001
30DE  A2 78     LDX #$78
30E0  A9 9A     LDA #$9A
30E2  20 9F 30  JSR $309F
30E5  A5 A1     LDA $A1
30E7  8D 05 30  STA $3005
30EA  A5 A0     LDA $A0
30EC  8D 04 30  STA $3004
30EF  60        RTS
30F0  60        RTS
