3000  00        .BYTE $00
3001  00        .BYTE $00
3002  00        .BYTE $00
3003  00        .BYTE $00
3004  00        .BYTE $00
3005  00        .BYTE $00
3006  00        .BYTE $00
3007  00        .BYTE $00
3008  04        .BYTE $04
3009  00        .BYTE $00
300A  D3        .BYTE $D3
300B  30 06     BMI $3013
300D  00        .BYTE $00
300E  CF        .BYTE $CF
300F  30 04     BMI $3015
3011  00        .BYTE $00
3012  4C 15 30  JMP $3015
3015  A0 01     LDY #$01
3017  8C 05 30  STY $3005
301A  A9 11     LDA #$11
301C  8D 06 30  STA $3006
301F  A9 22     LDA #$22
3021  8D 07 30  STA $3007
3024  AE 05 30  LDX $3005
3027  BD 06 30  LDA $3006,X
302A  8D 00 30  STA $3000
302D  AD 0A 30  LDA $300A
3030  85 AE     STA $AE
3032  AD 0B 30  LDA $300B
3035  85 AF     STA $AF
3037  A9 12     LDA #$12
3039  91 AE     STA ($AE),Y
303B  A9 34     LDA #$34
303D  88        DEY
303E  91 AE     STA ($AE),Y
3040  AD 05 30  LDA $3005
3043  0A        ASL A
3044  08        PHP
3045  18        CLC
3046  6D 0A 30  ADC $300A
3049  85 AE     STA $AE
304B  A9 00     LDA #$00
304D  2A        ROL A
304E  28        PLP
304F  6D 0B 30  ADC $300B
3052  85 AF     STA $AF
3054  A9 56     LDA #$56
3056  C8        INY
3057  91 AE     STA ($AE),Y
3059  A9 78     LDA #$78
305B  88        DEY
305C  91 AE     STA ($AE),Y
305E  AD 05 30  LDA $3005
3061  0A        ASL A
3062  08        PHP
3063  18        CLC
3064  6D 0A 30  ADC $300A
3067  85 AE     STA $AE
3069  A9 00     LDA #$00
306B  2A        ROL A
306C  28        PLP
306D  6D 0B 30  ADC $300B
3070  85 AF     STA $AF
3072  C8        INY
3073  B1 AE     LDA ($AE),Y
3075  8D 02 30  STA $3002
3078  88        DEY
3079  B1 AE     LDA ($AE),Y
307B  8D 01 30  STA $3001
307E  AD 0E 30  LDA $300E
3081  85 AE     STA $AE
3083  AD 0F 30  LDA $300F
3086  85 AF     STA $AF
3088  A9 FF     LDA #$FF
308A  C8        INY
308B  91 AE     STA ($AE),Y
308D  A9 FE     LDA #$FE
308F  88        DEY
3090  91 AE     STA ($AE),Y
3092  AD 05 30  LDA $3005
3095  0A        ASL A
3096  08        PHP
3097  18        CLC
3098  6D 0E 30  ADC $300E
309B  85 AE     STA $AE
309D  A9 00     LDA #$00
309F  2A        ROL A
30A0  28        PLP
30A1  6D 0F 30  ADC $300F
30A4  85 AF     STA $AF
30A6  A9 FF     LDA #$FF
30A8  C8        INY
30A9  91 AE     STA ($AE),Y
30AB  A9 FD     LDA #$FD
30AD  88        DEY
30AE  91 AE     STA ($AE),Y
30B0  AD 0E 30  LDA $300E
30B3  85 AE     STA $AE
30B5  AD 0F 30  LDA $300F
30B8  85 AF     STA $AF
30BA  C8        INY
30BB  B1 AE     LDA ($AE),Y
30BD  8D 04 30  STA $3004
30C0  88        DEY
30C1  B1 AE     LDA ($AE),Y
30C3  8D 03 30  STA $3003
30C6  60        RTS
30C7  4C CA 30  JMP $30CA
30CA  20 12 30  JSR $3012
30CD  60        RTS
30CE  60        RTS
