3000  00        .BYTE $00
3001  00        .BYTE $00
3002  00        .BYTE $00
3003  4C 06 30  JMP $3006
3006  8D 02 30  STA $3002
3009  18        CLC
300A  AD 02 30  LDA $3002
300D  69 01     ADC #$01
300F  85 A0     STA $A0
3011  60        RTS
3012  00        .BYTE $00
3013  00        .BYTE $00
3014  00        .BYTE $00
3015  4C 18 30  JMP $3018
3018  8E 13 30  STX $3013
301B  8D 12 30  STA $3012
301E  AD 12 30  LDA $3012
3021  20 03 30  JSR $3003
3024  A5 A0     LDA $A0
3026  8D 14 30  STA $3014
3029  18        CLC
302A  AD 14 30  LDA $3014
302D  6D 13 30  ADC $3013
3030  85 A0     STA $A0
3032  60        RTS
3033  4C 36 30  JMP $3036
3036  A9 01     LDA #$01
3038  20 03 30  JSR $3003
303B  A5 A0     LDA $A0
303D  8D 00 30  STA $3000
3040  A2 03     LDX #$03
3042  AD 00 30  LDA $3000
3045  20 15 30  JSR $3015
3048  A5 A0     LDA $A0
304A  8D 01 30  STA $3001
304D  60        RTS
304E  60        RTS
