3000  00        .BYTE $00
3001  00        .BYTE $00
3002  00        .BYTE $00
3003  00        .BYTE $00
3004  00        .BYTE $00
3005  00        .BYTE $00
3006  4C 09 30  JMP $3009
3009  20 F5 A0  JSR $A0F5
300C  03 30 02  .BYTE $03,$30,$02
300F  AD 03 30  LDA $3003
3012  8D 00 30  STA $3000
3015  AD 04 30  LDA $3004
3018  8D 01 30  STA $3001
301B  AD 05 30  LDA $3005
301E  8D 02 30  STA $3002
3021  60        RTS
3022  4C 25 30  JMP $3025
3025  A9 01     LDA #$01
3027  20 06 30  JSR $3006
302A  A2 03     LDX #$03
302C  A9 02     LDA #$02
302E  20 06 30  JSR $3006
3031  60        RTS
3032  60        RTS
