3000  00        .BYTE $00
3001  00        .BYTE $00
3002  04        .BYTE $04
3003  00        .BYTE $00
3004  00        .BYTE $00
3005  00        .BYTE $00
3006  00        .BYTE $00
3007  00        .BYTE $00
3008  00        .BYTE $00
3009  00        .BYTE $00
300A  00        .BYTE $00
300B  00        .BYTE $00
300C  00        .BYTE $00
300D  00        .BYTE $00
300E  00        .BYTE $00
300F  00        .BYTE $00
3010  00        .BYTE $00
3011  00        .BYTE $00
3012  4C 15 30  JMP $3015
3015  20 F5 A0  JSR $A0F5
3018  0E 30 03  .BYTE $0E,$30,$03
301B  AD 0E 30  LDA $300E
301E  85 AE     STA $AE
3020  AD 0F 30  LDA $300F
3023  85 AF     STA $AF
3025  A9 22     LDA #$22
3027  A0 00     LDY #$00
3029  91 AE     STA ($AE),Y
302B  AD 0E 30  LDA $300E
302E  85 AE     STA $AE
3030  AD 0F 30  LDA $300F
3033  85 AF     STA $AF
3035  B1 AE     LDA ($AE),Y
3037  8D 08 30  STA $3008
303A  AD 10 30  LDA $3010
303D  85 AE     STA $AE
303F  AD 11 30  LDA $3011
3042  85 AF     STA $AF
3044  A9 33     LDA #$33
3046  C8        INY
3047  91 AE     STA ($AE),Y
3049  A9 44     LDA #$44
304B  88        DEY
304C  91 AE     STA ($AE),Y
304E  AD 10 30  LDA $3010
3051  85 AE     STA $AE
3053  AD 11 30  LDA $3011
3056  85 AF     STA $AF
3058  C8        INY
3059  B1 AE     LDA ($AE),Y
305B  8D 0B 30  STA $300B
305E  88        DEY
305F  B1 AE     LDA ($AE),Y
3061  8D 0A 30  STA $300A
3064  60        RTS
3065  4C 68 30  JMP $3068
3068  A9 30     LDA #$30
306A  8D 05 30  STA $3005
306D  A9 00     LDA #$00
306F  8D 04 30  STA $3004
3072  AD 04 30  LDA $3004
3075  85 AE     STA $AE
3077  AD 05 30  LDA $3005
307A  85 AF     STA $AF
307C  A9 11     LDA #$11
307E  A0 00     LDY #$00
3080  91 AE     STA ($AE),Y
3082  AD 04 30  LDA $3004
3085  85 AE     STA $AE
3087  AD 05 30  LDA $3005
308A  85 AF     STA $AF
308C  B1 AE     LDA ($AE),Y
308E  8D 08 30  STA $3008
3091  EE 04 30  INC $3004
3094  D0 03     BNE $3099
3096  EE 05 30  INC $3005
3099  AD 04 30  LDA $3004
309C  85 AE     STA $AE
309E  AD 05 30  LDA $3005
30A1  85 AF     STA $AF
30A3  A9 33     LDA #$33
30A5  91 AE     STA ($AE),Y
30A7  AD 04 30  LDA $3004
30AA  85 AE     STA $AE
30AC  AD 05 30  LDA $3005
30AF  85 AF     STA $AF
30B1  B1 AE     LDA ($AE),Y
30B3  8D 09 30  STA $3009
30B6  A9 30     LDA #$30
30B8  8D 07 30  STA $3007
30BB  A9 0C     LDA #$0C
30BD  8D 06 30  STA $3006
30C0  AD 06 30  LDA $3006
30C3  85 AE     STA $AE
30C5  AD 07 30  LDA $3007
30C8  85 AF     STA $AF
30CA  A9 12     LDA #$12
30CC  C8        INY
30CD  91 AE     STA ($AE),Y
30CF  A9 34     LDA #$34
30D1  88        DEY
30D2  91 AE     STA ($AE),Y
30D4  AD 06 30  LDA $3006
30D7  85 AE     STA $AE
30D9  AD 07 30  LDA $3007
30DC  85 AF     STA $AF
30DE  C8        INY
30DF  B1 AE     LDA ($AE),Y
30E1  8D 0B 30  STA $300B
30E4  88        DEY
30E5  B1 AE     LDA ($AE),Y
30E7  8D 0A 30  STA $300A
30EA  A9 30     LDA #$30
30EC  85 A3     STA $A3
30EE  A0 0C     LDY #$0C
30F0  A2 30     LDX #$30
30F2  A9 00     LDA #$00
30F4  20 12 30  JSR $3012
30F7  60        RTS
30F8  60        RTS
