3000  00        .BYTE $00
3001  00        .BYTE $00
3002  00        .BYTE $00
3003  00        .BYTE $00
3004  00        .BYTE $00
3005  00        .BYTE $00
3006  00        .BYTE $00
3007  04        .BYTE $04
3008  00        .BYTE $00
3009  00        .BYTE $00
300A  00        .BYTE $00
300B  00        .BYTE $00
300C  00        .BYTE $00
300D  00        .BYTE $00
300E  4C 11 30  JMP $3011
3011  8E 0D 30  STX $300D
3014  8D 0C 30  STA $300C
3017  AD 0C 30  LDA $300C
301A  85 AE     STA $AE
301C  AD 0D 30  LDA $300D
301F  85 AF     STA $AF
3021  A9 11     LDA #$11
3023  A0 00     LDY #$00
3025  91 AE     STA ($AE),Y
3027  18        CLC
3028  AD 0C 30  LDA $300C
302B  69 01     ADC #$01
302D  85 AE     STA $AE
302F  AD 0D 30  LDA $300D
3032  69 00     ADC #$00
3034  85 AF     STA $AF
3036  A9 22     LDA #$22
3038  C8        INY
3039  91 AE     STA ($AE),Y
303B  A9 33     LDA #$33
303D  88        DEY
303E  91 AE     STA ($AE),Y
3040  AD 0C 30  LDA $300C
3043  85 AE     STA $AE
3045  AD 0D 30  LDA $300D
3048  85 AF     STA $AF
304A  B1 AE     LDA ($AE),Y
304C  8D 00 30  STA $3000
304F  18        CLC
3050  AD 0C 30  LDA $300C
3053  69 01     ADC #$01
3055  85 AE     STA $AE
3057  AD 0D 30  LDA $300D
305A  69 00     ADC #$00
305C  85 AF     STA $AF
305E  C8        INY
305F  B1 AE     LDA ($AE),Y
3061  8D 02 30  STA $3002
3064  88        DEY
3065  B1 AE     LDA ($AE),Y
3067  8D 01 30  STA $3001
306A  60        RTS
306B  4C 6E 30  JMP $306E
306E  A9 44     LDA #$44
3070  8D 05 30  STA $3005
3073  A9 30     LDA #$30
3075  8D 04 30  STA $3004
3078  A9 05     LDA #$05
307A  8D 03 30  STA $3003
307D  A2 30     LDX #$30
307F  A9 09     LDA #$09
3081  20 0E 30  JSR $300E
3084  60        RTS
3085  60        RTS
