3000  00        .BYTE $00
3001  00        .BYTE $00
3002  00        .BYTE $00
3003  00        .BYTE $00
3004  00        .BYTE $00
3005  00        .BYTE $00
3006  00        .BYTE $00
3007  4C 0A 30  JMP $300A
300A  20 F5 A0  JSR $A0F5
300D  04 30 02  .BYTE $04,$30,$02
3010  18        CLC
3011  AD 04 30  LDA $3004
3014  AD 05 30  LDA $3005
3017  85 AE     STA $AE
3019  AD 06 30  LDA $3006
301C  85 AF     STA $AF
301E  A0 00     LDY #$00
3020  71 AE     ADC ($AE),Y
3022  8D 03 30  STA $3003
3025  60        RTS
3026  4C 29 30  JMP $3029
3029  A9 05     LDA #$05
302B  8D 00 30  STA $3000
302E  A0 30     LDY #$30
3030  A2 00     LDX #$00
3032  A9 07     LDA #$07
3034  20 07 30  JSR $3007
3037  60        RTS
3038  60        RTS
