3000  00        .BYTE $00
3001  00        .BYTE $00
3002  00        .BYTE $00
3003  00        .BYTE $00
3004  00        .BYTE $00
3005  00        .BYTE $00
3006  00        .BYTE $00
3007  00        .BYTE $00
3008  00        .BYTE $00
3009  4C 0C 30  JMP $300C
300C  20 F5 A0  JSR $A0F5
300F  06 30 02  .BYTE $06,$30,$02
3012  AD 06 30  LDA $3006
3015  8D 03 30  STA $3003
3018  AD 08 30  LDA $3008
301B  8D 05 30  STA $3005
301E  AD 07 30  LDA $3007
3021  8D 04 30  STA $3004
3024  60        RTS
3025  4C 28 30  JMP $3028
3028  A9 12     LDA #$12
302A  8D 00 30  STA $3000
302D  A9 34     LDA #$34
302F  8D 02 30  STA $3002
3032  A9 56     LDA #$56
3034  8D 01 30  STA $3001
3037  AC 02 30  LDY $3002
303A  AE 01 30  LDX $3001
303D  AD 00 30  LDA $3000
3040  20 09 30  JSR $3009
3043  60        RTS
3044  60        RTS
