3000  00        .BYTE $00
3001  00        .BYTE $00
3002  00        .BYTE $00
3003  00        .BYTE $00
3004  00        .BYTE $00
3005  4C 08 30  JMP $3008
3008  8D 04 30  STA $3004
300B  AD 04 30  LDA $3004
300E  F0 03     BEQ $3013
3010  4C 18 30  JMP $3018
3013  A9 01     LDA #$01
3015  85 A0     STA $A0
3017  60        RTS
3018  AD 04 30  LDA $3004
301B  49 01     EOR #$01
301D  F0 03     BEQ $3022
301F  4C 2A 30  JMP $302A
3022  A9 02     LDA #$02
3024  85 A0     STA $A0
3026  60        RTS
3027  4C 2F 30  JMP $302F
302A  A9 03     LDA #$03
302C  85 A0     STA $A0
302E  60        RTS
302F  A9 04     LDA #$04
3031  85 A0     STA $A0
3033  60        RTS
3034  00        .BYTE $00
3035  4C 38 30  JMP $3038
3038  8D 34 30  STA $3034
303B  AD 34 30  LDA $3034
303E  D0 03     BNE $3043
3040  4C 4C 30  JMP $304C
3043  A9 12     LDA #$12
3045  85 A1     STA $A1
3047  A9 34     LDA #$34
3049  85 A0     STA $A0
304B  60        RTS
304C  A9 56     LDA #$56
304E  85 A1     STA $A1
3050  A9 78     LDA #$78
3052  85 A0     STA $A0
3054  60        RTS
3055  00        .BYTE $00
3056  4C 59 30  JMP $3059
3059  8D 55 30  STA $3055
305C  AD 55 30  LDA $3055
305F  D0 03     BNE $3064
3061  4C 6A 30  JMP $306A
3064  A9 11     LDA #$11
3066  8D 00 30  STA $3000
3069  60        RTS
306A  A9 22     LDA #$22
306C  8D 00 30  STA $3000
306F  60        RTS
3070  00        .BYTE $00
3071  00        .BYTE $00
3072  4C 75 30  JMP $3075
3075  8D 70 30  STA $3070
3078  A0 00     LDY #$00
307A  8C 71 30  STY $3071
307D  AD 71 30  LDA $3071
3080  CD 70 30  CMP $3070
3083  90 03     BCC $3088
3085  4C 9E 30  JMP $309E
3088  AD 71 30  LDA $3071
308B  49 02     EOR #$02
308D  F0 03     BEQ $3092
308F  4C 98 30  JMP $3098
3092  AD 71 30  LDA $3071
3095  85 A0     STA $A0
3097  60        RTS
3098  EE 71 30  INC $3071
309B  4C 7D 30  JMP $307D
309E  A9 FF     LDA #$FF
30A0  85 A0     STA $A0
30A2  60        RTS
30A3  4C A6 30  JMP $30A6
30A6  A9 00     LDA #$00
30A8  20 05 30  JSR $3005
30AB  A5 A0     LDA $A0
30AD  8D 00 30  STA $3000
30B0  A9 02     LDA #$02
30B2  20 05 30  JSR $3005
30B5  A5 A0     LDA $A0
30B7  8D 01 30  STA $3001
30BA  A9 01     LDA #$01
30BC  20 35 30  JSR $3035
30BF  A5 A1     LDA $A1
30C1  8D 03 30  STA $3003
30C4  A5 A0     LDA $A0
30C6  8D 02 30  STA $3002
30C9  A9 01     LDA #$01
30CB  20 56 30  JSR $3056
30CE  A9 04     LDA #$04
30D0  20 72 30  JSR $3072
30D3  A5 A0     LDA $A0
30D5  8D 01 30  STA $3001
30D8  60        RTS
30D9  60        RTS
