3000  00        .BYTE $00
3001  00        .BYTE $00
3002  00        .BYTE $00
3003  00        .BYTE $00
3004  00        .BYTE $00
3005  00        .BYTE $00
3006  00        .BYTE $00
3007  00        .BYTE $00
3008  00        .BYTE $00
3009  00        .BYTE $00
300A  00        .BYTE $00
300B  4C 0E 30  JMP $300E
300E  A9 12     LDA #$12
3010  85 A0     STA $A0
3012  60        RTS
3013  4C 16 30  JMP $3016
3016  A9 41     LDA #$41
3018  85 A0     STA $A0
301A  60        RTS
301B  4C 1E 30  JMP $301E
301E  A9 12     LDA #$12
3020  85 A1     STA $A1
3022  A9 34     LDA #$34
3024  85 A0     STA $A0
3026  60        RTS
3027  4C 2A 30  JMP $302A
302A  A9 FF     LDA #$FF
302C  85 A1     STA $A1
302E  A9 FE     LDA #$FE
3030  85 A0     STA $A0
3032  60        RTS
3033  00        .BYTE $00
3034  4C 37 30  JMP $3037
3037  8D 33 30  STA $3033
303A  18        CLC
303B  AD 33 30  LDA $3033
303E  69 01     ADC #$01
3040  85 A0     STA $A0
3042  60        RTS
3043  00        .BYTE $00
3044  00        .BYTE $00
3045  00        .BYTE $00
3046  00        .BYTE $00
3047  4C 4A 30  JMP $304A
304A  20 F5 A0  JSR $A0F5
304D  43 30 03  .BYTE $43,$30,$03
3050  18        CLC
3051  AD 43 30  LDA $3043
3054  6D 45 30  ADC $3045
3057  85 A0     STA $A0
3059  AD 44 30  LDA $3044
305C  6D 46 30  ADC $3046
305F  85 A1     STA $A1
3061  60        RTS
3062  00        .BYTE $00
3063  00        .BYTE $00
3064  4C 67 30  JMP $3067
3067  8E 63 30  STX $3063
306A  8D 62 30  STA $3062
306D  38        SEC
306E  A9 00     LDA #$00
3070  ED 62 30  SBC $3062
3073  85 A0     STA $A0
3075  A9 00     LDA #$00
3077  ED 63 30  SBC $3063
307A  85 A1     STA $A1
307C  60        RTS
307D  4C 80 30  JMP $3080
3080  20 0B 30  JSR $300B
3083  A5 A0     LDA $A0
3085  8D 00 30  STA $3000
3088  20 13 30  JSR $3013
308B  A5 A0     LDA $A0
308D  8D 02 30  STA $3002
3090  20 1B 30  JSR $301B
3093  A5 A1     LDA $A1
3095  8D 04 30  STA $3004
3098  A5 A0     LDA $A0
309A  8D 03 30  STA $3003
309D  20 27 30  JSR $3027
30A0  A5 A1     LDA $A1
30A2  8D 08 30  STA $3008
30A5  A5 A0     LDA $A0
30A7  8D 07 30  STA $3007
30AA  A9 07     LDA #$07
30AC  20 34 30  JSR $3034
30AF  A5 A0     LDA $A0
30B1  8D 01 30  STA $3001
30B4  A9 03     LDA #$03
30B6  85 A3     STA $A3
30B8  A0 04     LDY #$04
30BA  A2 01     LDX #$01
30BC  A9 02     LDA #$02
30BE  20 47 30  JSR $3047
30C1  A5 A1     LDA $A1
30C3  8D 06 30  STA $3006
30C6  A5 A0     LDA $A0
30C8  8D 05 30  STA $3005
30CB  A2 FF     LDX #$FF
30CD  A9 FD     LDA #$FD
30CF  20 64 30  JSR $3064
30D2  A5 A1     LDA $A1
30D4  8D 0A 30  STA $300A
30D7  A5 A0     LDA $A0
30D9  8D 09 30  STA $3009
30DC  60        RTS
30DD  60        RTS
