3000  00        .BYTE $00
3001  00        .BYTE $00
3002  00        .BYTE $00
3003  00        .BYTE $00
3004  00        .BYTE $00
3005  00        .BYTE $00
3006  00        .BYTE $00
3007  00        .BYTE $00
3008  00        .BYTE $00
3009  00        .BYTE $00
300A  00        .BYTE $00
300B  00        .BYTE $00
300C  04        .BYTE $04
300D  00        .BYTE $00
300E  00        .BYTE $00
300F  00        .BYTE $00
3010  00        .BYTE $00
3011  00        .BYTE $00
3012  00        .BYTE $00
3013  00        .BYTE $00
3014  00        .BYTE $00
3015  4C 18 30  JMP $3018
3018  20 F5 A0  JSR $A0F5
301B  12 30 02  .BYTE $12,$30,$02
301E  AD 12 30  LDA $3012
3021  8D 00 30  STA $3000
3024  AD 13 30  LDA $3013
3027  8D 01 30  STA $3001
302A  AD 14 30  LDA $3014
302D  8D 02 30  STA $3002
3030  60        RTS
3031  00        .BYTE $00
3032  00        .BYTE $00
3033  00        .BYTE $00
3034  00        .BYTE $00
3035  4C 38 30  JMP $3038
3038  20 F5 A0  JSR $A0F5
303B  31 30 03  .BYTE $31,$30,$03
303E  AD 31 30  LDA $3031
3041  8D 00 30  STA $3000
3044  AD 32 30  LDA $3032
3047  8D 01 30  STA $3001
304A  AD 33 30  LDA $3033
304D  8D 02 30  STA $3002
3050  AD 34 30  LDA $3034
3053  8D 03 30  STA $3003
3056  60        RTS
3057  00        .BYTE $00
3058  00        .BYTE $00
3059  00        .BYTE $00
305A  00        .BYTE $00
305B  4C 5E 30  JMP $305E
305E  20 F5 A0  JSR $A0F5
3061  57 30 03  .BYTE $57,$30,$03
3064  AD 58 30  LDA $3058
3067  8D 07 30  STA $3007
306A  AD 57 30  LDA $3057
306D  8D 06 30  STA $3006
3070  AD 5A 30  LDA $305A
3073  8D 09 30  STA $3009
3076  AD 59 30  LDA $3059
3079  8D 08 30  STA $3008
307C  60        RTS
307D  00        .BYTE $00
307E  00        .BYTE $00
307F  00        .BYTE $00
3080  00        .BYTE $00
3081  4C 84 30  JMP $3084
3084  20 F5 A0  JSR $A0F5
3087  7D 30 03  .BYTE $7D,$30,$03
308A  AD 7D 30  LDA $307D
308D  8D 00 30  STA $3000
3090  AD 7F 30  LDA $307F
3093  8D 07 30  STA $3007
3096  AD 7E 30  LDA $307E
3099  8D 06 30  STA $3006
309C  AD 80 30  LDA $3080
309F  8D 01 30  STA $3001
30A2  60        RTS
30A3  00        .BYTE $00
30A4  00        .BYTE $00
30A5  00        .BYTE $00
30A6  00        .BYTE $00
30A7  4C AA 30  JMP $30AA
30AA  20 F5 A0  JSR $A0F5
30AD  A3 30 03  .BYTE $A3,$30,$03
30B0  AD A4 30  LDA $30A4
30B3  8D 0F 30  STA $300F
30B6  AD A3 30  LDA $30A3
30B9  8D 0E 30  STA $300E
30BC  AD A6 30  LDA $30A6
30BF  8D 11 30  STA $3011
30C2  AD A5 30  LDA $30A5
30C5  8D 10 30  STA $3010
30C8  60        RTS
30C9  4C CC 30  JMP $30CC
30CC  A0 03     LDY #$03
30CE  A2 02     LDX #$02
30D0  A9 01     LDA #$01
30D2  20 15 30  JSR $3015
30D5  A9 07     LDA #$07
30D7  85 A3     STA $A3
30D9  A0 06     LDY #$06
30DB  A2 05     LDX #$05
30DD  A9 04     LDA #$04
30DF  20 35 30  JSR $3035
30E2  A9 56     LDA #$56
30E4  85 A3     STA $A3
30E6  A0 78     LDY #$78
30E8  A2 12     LDX #$12
30EA  A9 34     LDA #$34
30EC  20 5B 30  JSR $305B
30EF  A9 09     LDA #$09
30F1  85 A3     STA $A3
30F3  A0 9A     LDY #$9A
30F5  A2 BC     LDX #$BC
30F7  A9 08     LDA #$08
30F9  20 81 30  JSR $3081
30FC  A9 30     LDA #$30
30FE  85 A3     STA $A3
3100  A0 08     LDY #$08
3102  A2 30     LDX #$30
3104  A9 0A     LDA #$0A
3106  20 A7 30  JSR $30A7
3109  60        RTS
310A  4C 0D 31  JMP $310D
310D  20 C9 30  JSR $30C9
3110  60        RTS
3111  60        RTS
