3000  00        .BYTE $00
3001  00        .BYTE $00
3002  00        .BYTE $00
3003  00        .BYTE $00
3004  00        .BYTE $00
3005  00        .BYTE $00
3006  00        .BYTE $00
3007  00        .BYTE $00
3008  00        .BYTE $00
3009  00        .BYTE $00
300A  00        .BYTE $00
300B  00        .BYTE $00
300C  00        .BYTE $00
300D  00        .BYTE $00
300E  00        .BYTE $00
300F  00        .BYTE $00
3010  00        .BYTE $00
3011  00        .BYTE $00
3012  4C 15 30  JMP $3015
3015  A9 80     LDA #$80
3017  8D 01 30  STA $3001
301A  A9 00     LDA #$00
301C  8D 00 30  STA $3000
301F  A9 7F     LDA #$7F
3021  8D 03 30  STA $3003
3024  A9 FF     LDA #$FF
3026  8D 02 30  STA $3002
3029  A9 FF     LDA #$FF
302B  8D 05 30  STA $3005
302E  A9 FF     LDA #$FF
3030  8D 04 30  STA $3004
3033  A0 00     LDY #$00
3035  8C 07 30  STY $3007
3038  C8        INY
3039  8C 06 30  STY $3006
303C  A9 FF     LDA #$FF
303E  8D 09 30  STA $3009
3041  A9 FF     LDA #$FF
3043  8D 08 30  STA $3008
3046  AD 02 30  LDA $3002
3049  CD 04 30  CMP $3004
304C  AD 03 30  LDA $3003
304F  ED 05 30  SBC $3005
3052  30 03     BMI $3057
3054  4C 5D 30  JMP $305D
3057  8C 0A 30  STY $300A
305A  4C 62 30  JMP $3062
305D  A9 02     LDA #$02
305F  8D 0A 30  STA $300A
3062  AD 04 30  LDA $3004
3065  CD 02 30  CMP $3002
3068  AD 05 30  LDA $3005
306B  ED 03 30  SBC $3003
306E  30 03     BMI $3073
3070  4C 7B 30  JMP $307B
3073  A0 01     LDY #$01
3075  8C 0B 30  STY $300B
3078  4C 80 30  JMP $3080
307B  A9 02     LDA #$02
307D  8D 0B 30  STA $300B
3080  AD 00 30  LDA $3000
3083  CD 06 30  CMP $3006
3086  AD 01 30  LDA $3001
3089  ED 07 30  SBC $3007
308C  30 03     BMI $3091
308E  4C 99 30  JMP $3099
3091  A0 01     LDY #$01
3093  8C 0C 30  STY $300C
3096  4C 9E 30  JMP $309E
3099  A9 02     LDA #$02
309B  8D 0C 30  STA $300C
309E  AD 06 30  LDA $3006
30A1  CD 00 30  CMP $3000
30A4  AD 07 30  LDA $3007
30A7  ED 01 30  SBC $3001
30AA  30 03     BMI $30AF
30AC  4C B7 30  JMP $30B7
30AF  A0 01     LDY #$01
30B1  8C 0D 30  STY $300D
30B4  4C BC 30  JMP $30BC
30B7  A9 02     LDA #$02
30B9  8D 0D 30  STA $300D
30BC  AD 02 30  LDA $3002
30BF  CD 04 30  CMP $3004
30C2  AD 03 30  LDA $3003
30C5  ED 05 30  SBC $3005
30C8  10 03     BPL $30CD
30CA  4C D5 30  JMP $30D5
30CD  A0 01     LDY #$01
30CF  8C 0E 30  STY $300E
30D2  4C DA 30  JMP $30DA
30D5  A9 02     LDA #$02
30D7  8D 0E 30  STA $300E
30DA  AD 04 30  LDA $3004
30DD  CD 02 30  CMP $3002
30E0  AD 05 30  LDA $3005
30E3  ED 03 30  SBC $3003
30E6  10 03     BPL $30EB
30E8  4C F3 30  JMP $30F3
30EB  A0 01     LDY #$01
30ED  8C 0F 30  STY $300F
30F0  4C F8 30  JMP $30F8
30F3  A9 02     LDA #$02
30F5  8D 0F 30  STA $300F
30F8  AD 04 30  LDA $3004
30FB  4D 08 30  EOR $3008
30FE  D0 06     BNE $3106
3100  0D 05 30  ORA $3005
3103  4D 09 30  EOR $3009
3106  F0 03     BEQ $310B
3108  4C 13 31  JMP $3113
310B  A0 01     LDY #$01
310D  8C 10 30  STY $3010
3110  4C 18 31  JMP $3118
3113  A9 02     LDA #$02
3115  8D 10 30  STA $3010
3118  AD 00 30  LDA $3000
311B  4D 02 30  EOR $3002
311E  D0 06     BNE $3126
3120  0D 01 30  ORA $3001
3123  4D 03 30  EOR $3003
3126  D0 03     BNE $312B
3128  4C 33 31  JMP $3133
312B  A0 01     LDY #$01
312D  8C 11 30  STY $3011
3130  4C 38 31  JMP $3138
3133  A9 02     LDA #$02
3135  8D 11 30  STA $3011
3138  60        RTS
3139  60        RTS
