3000  00        .BYTE $00
3001  01        .BYTE $01
3002  41        .BYTE $41
3003  05 48     ORA $48
3005  45 4C     EOR $4C
3007  4C 4F 03  JMP $034F
300A  41        .BYTE $41
300B  22        .BYTE $22
300C  42        .BYTE $42
300D  06        .BYTE $06
300E  41        .BYTE $41
300F  54        .BYTE $54
3010  41        .BYTE $41
3011  52        .BYTE $52
3012  49 21     EOR #$21
3014  00        .BYTE $00
3015  00        .BYTE $00
3016  00        .BYTE $00
3017  00        .BYTE $00
3018  00        .BYTE $00
3019  00        .BYTE $00
301A  00        .BYTE $00
301B  00        .BYTE $00
301C  00        .BYTE $00
301D  00        .BYTE $00
301E  4C 21 30  JMP $3021
3021  AD 00 30  LDA $3000
3024  8D 14 30  STA $3014
3027  AD 01 30  LDA $3001
302A  8D 15 30  STA $3015
302D  AD 03 30  LDA $3003
3030  8D 16 30  STA $3016
3033  AD 04 30  LDA $3004
3036  8D 17 30  STA $3017
3039  AD 07 30  LDA $3007
303C  8D 18 30  STA $3018
303F  AD 09 30  LDA $3009
3042  8D 19 30  STA $3019
3045  AD 0A 30  LDA $300A
3048  8D 1A 30  STA $301A
304B  AD 0B 30  LDA $300B
304E  8D 1B 30  STA $301B
3051  AD 0D 30  LDA $300D
3054  8D 1C 30  STA $301C
3057  AD 12 30  LDA $3012
305A  8D 1D 30  STA $301D
305D  60        RTS
305E  60        RTS
