3000  00        .BYTE $00
3001  00        .BYTE $00
3002  00        .BYTE $00
3003  00        .BYTE $00
3004  05 4C     ORA $4C
3006  4F        .BYTE $4F
3007  43        .BYTE $43
3008  41        .BYTE $41
3009  4C 03 58  JMP $5803
300C  59        .BYTE $59
300D  5A        .BYTE $5A
300E  4C 11 30  JMP $3011
3011  AD 04 30  LDA $3004
3014  8D 00 30  STA $3000
3017  AD 05 30  LDA $3005
301A  8D 01 30  STA $3001
301D  AD 0A 30  LDA $300A
3020  8D 02 30  STA $3002
3023  AD 0C 30  LDA $300C
3026  8D 03 30  STA $3003
3029  60        RTS
302A  4C 2D 30  JMP $302D
302D  20 0E 30  JSR $300E
3030  60        RTS
3031  60        RTS
