3000  00        .BYTE $00
3001  00        .BYTE $00
3002  00        .BYTE $00
3003  00        .BYTE $00
3004  4C 07 30  JMP $3007
3007  8E 03 30  STX $3003
300A  8D 02 30  STA $3002
300D  AD 02 30  LDA $3002
3010  85 AE     STA $AE
3012  AD 03 30  LDA $3003
3015  85 AF     STA $AF
3017  A0 00     LDY #$00
3019  B1 AE     LDA ($AE),Y
301B  8D 00 30  STA $3000
301E  18        CLC
301F  AD 02 30  LDA $3002
3022  69 01     ADC #$01
3024  85 AE     STA $AE
3026  AD 03 30  LDA $3003
3029  69 00     ADC #$00
302B  85 AF     STA $AF
302D  B1 AE     LDA ($AE),Y
302F  8D 01 30  STA $3001
3032  60        RTS
3033  4C 36 30  JMP $3036
3036  4C 3C 30  JMP $303C
3039  02        .BYTE $02
303A  48        PHA
303B  49 A2     EOR #$A2
303D  30 A9     BMI $2FE8
303F  39        .BYTE $39
3040  20 04 30  JSR $3004
3043  60        RTS
3044  60        RTS
