3000  04        .BYTE $04
3001  41        .BYTE $41
3002  42        .BYTE $42
3003  43        .BYTE $43
3004  44        .BYTE $44
3005  00        .BYTE $00
3006  00        .BYTE $00
3007  04        .BYTE $04
3008  00        .BYTE $00
3009  00        .BYTE $00
300A  00        .BYTE $00
300B  00        .BYTE $00
300C  4C 0F 30  JMP $300F
300F  A9 5A     LDA #$5A
3011  8D 01 30  STA $3001
3014  AD 01 30  LDA $3001
3017  8D 09 30  STA $3009
301A  AD 00 30  LDA $3000
301D  8D 05 30  STA $3005
3020  AD 01 30  LDA $3001
3023  8D 06 30  STA $3006
3026  AD 05 30  LDA $3005
3029  8D 0A 30  STA $300A
302C  AD 06 30  LDA $3006
302F  8D 0B 30  STA $300B
3032  60        RTS
3033  60        RTS
