3000  00        .BYTE $00
3001  00        .BYTE $00
3002  00        .BYTE $00
3003  0F        .BYTE $0F
3004  00        .BYTE $00
3005  00        .BYTE $00
3006  00        .BYTE $00
3007  00        .BYTE $00
3008  00        .BYTE $00
3009  00        .BYTE $00
300A  00        .BYTE $00
300B  00        .BYTE $00
300C  00        .BYTE $00
300D  00        .BYTE $00
300E  00        .BYTE $00
300F  00        .BYTE $00
3010  00        .BYTE $00
3011  00        .BYTE $00
3012  4C 15 30  JMP $3015
3015  60        RTS
3016  20 56 E4  JSR $E456
3019  8C 00 30  STY $3000
301C  10 03     BPL $3021
301E  4C 12 30  JMP $3012
3021  60        RTS
3022  0A        ASL A
3023  0A        ASL A
3024  0A        ASL A
3025  0A        ASL A
3026  AA        TAX
3027  60        RTS
3028  00        .BYTE $00
3029  00        .BYTE $00
302A  28        PLP
302B  00        .BYTE $00
302C  00        .BYTE $00
302D  00        .BYTE $00
302E  00        .BYTE $00
302F  00        .BYTE $00
3030  00        .BYTE $00
3031  00        .BYTE $00
3032  00        .BYTE $00
3033  00        .BYTE $00
3034  00        .BYTE $00
3035  00        .BYTE $00
3036  00        .BYTE $00
3037  00        .BYTE $00
3038  00        .BYTE $00
3039  00        .BYTE $00
303A  00        .BYTE $00
303B  00        .BYTE $00
303C  00        .BYTE $00
303D  00        .BYTE $00
303E  00        .BYTE $00
303F  00        .BYTE $00
3040  00        .BYTE $00
3041  00        .BYTE $00
3042  00        .BYTE $00
3043  00        .BYTE $00
3044  00        .BYTE $00
3045  00        .BYTE $00
3046  00        .BYTE $00
3047  00        .BYTE $00
3048  00        .BYTE $00
3049  00        .BYTE $00
304A  00        .BYTE $00
304B  00        .BYTE $00
304C  00        .BYTE $00
304D  00        .BYTE $00
304E  00        .BYTE $00
304F  00        .BYTE $00
3050  4C 53 30  JMP $3053
3053  85 86     STA $86
3055  84 87     STY $87
3057  A0 00     LDY #$00
3059  B1 86     LDA ($86),Y
305B  85 88     STA $88
305D  C8        INY
305E  B1 86     LDA ($86),Y
3060  99        .BYTE $99
3061  27        .BYTE $27
3062  30 C4     BMI $3028
3064  88        DEY
3065  D0 F6     BNE $305D
3067  C8        INY
3068  A9 9B     LDA #$9B
306A  99        .BYTE $99
306B  27        .BYTE $27
306C  30 A9     BMI $3017
306E  30 85     BMI $2FF5
3070  87        .BYTE $87
3071  A9 28     LDA #$28
3073  85 86     STA $86
3075  9D 44 03  STA $0344,X
3078  A5 87     LDA $87
307A  9D 45 03  STA $0345,X
307D  60        RTS
307E  86 A1     STX $A1
3080  20 22 30  JSR $3022
3083  A5 A1     LDA $A1
3085  20 50 30  JSR $3050
3088  A5 A3     LDA $A3
308A  9D 4A 03  STA $034A,X
308D  A5 A4     LDA $A4
308F  9D 4B 03  STA $034B,X
3092  A9 03     LDA #$03
3094  9D 42 03  STA $0342,X
3097  4C 16 30  JMP $3016
309A  86 A1     STX $A1
309C  20 22 30  JSR $3022
309F  A5 A1     LDA $A1
30A1  9D 42 03  STA $0342,X
30A4  98        .BYTE $98
30A5  9D 4A 03  STA $034A,X
30A8  A5 A3     LDA $A3
30AA  9D 4B 03  STA $034B,X
30AD  A5 A4     LDA $A4
30AF  A4 A5     LDY $A5
30B1  20 50 30  JSR $3050
30B4  4C 16 30  JMP $3016
30B7  4C BA 30  JMP $30BA
30BA  A9 02     LDA #$02
30BC  8D 01 30  STA $3001
30BF  A9 44     LDA #$44
30C1  8D 02 30  STA $3002
30C4  A9 3A     LDA #$3A
30C6  8D 03 30  STA $3003
30C9  A9 30     LDA #$30
30CB  8D 11 30  STA $3011
30CE  A9 01     LDA #$01
30D0  8D 10 30  STA $3010
30D3  A9 04     LDA #$04
30D5  85 A3     STA $A3
30D7  A9 00     LDA #$00
30D9  85 A4     STA $A4
30DB  AC 11 30  LDY $3011
30DE  AE 10 30  LDX $3010
30E1  A9 01     LDA #$01
30E3  20 7E 30  JSR $307E
30E6  A9 00     LDA #$00
30E8  85 A3     STA $A3
30EA  AD 11 30  LDA $3011
30ED  85 A5     STA $A5
30EF  AD 10 30  LDA $3010
30F2  85 A4     STA $A4
30F4  A0 00     LDY #$00
30F6  A2 29     LDX #$29
30F8  A9 01     LDA #$01
30FA  20 9A 30  JSR $309A
30FD  60        RTS
30FE  60        RTS
