3000  00        .BYTE $00
3001  00        .BYTE $00
3002  00        .BYTE $00
3003  00        .BYTE $00
3004  00        .BYTE $00
3005  31        .BYTE $31
3006  00        .BYTE $00
3007  32        .BYTE $32
3008  00        .BYTE $00
3009  33        .BYTE $33
300A  00        .BYTE $00
300B  34        .BYTE $34
300C  04        .BYTE $04
300D  30 00     BMI $300F
300F  00        .BYTE $00
3010  4C 13 30  JMP $3013
3013  8E 0F 30  STX $300F
3016  8D 0E 30  STA $300E
3019  85 A0     STA $A0
301B  86 A1     STX $A1
301D  A0 00     LDY #$00
301F  B1 A0     LDA ($A0),Y
3021  85 A0     STA $A0
3023  60        RTS
3024  00        .BYTE $00
3025  4C 28 30  JMP $3028
3028  8D 24 30  STA $3024
302B  AD 24 30  LDA $3024
302E  0A        ASL A
302F  08        PHP
3030  18        CLC
3031  6D 02 30  ADC $3002
3034  85 AE     STA $AE
3036  A9 00     LDA #$00
3038  2A        ROL A
3039  28        PLP
303A  6D 03 30  ADC $3003
303D  85 AF     STA $AF
303F  A0 01     LDY #$01
3041  B1 AE     LDA ($AE),Y
3043  85 A1     STA $A1
3045  88        DEY
3046  B1 AE     LDA ($AE),Y
3048  85 A0     STA $A0
304A  A6 A1     LDX $A1
304C  A5 A0     LDA $A0
304E  20 10 30  JSR $3010
3051  A5 A0     LDA $A0
3053  85 A0     STA $A0
3055  60        RTS
3056  00        .BYTE $00
3057  4C 5A 30  JMP $305A
305A  8D 56 30  STA $3056
305D  AD 56 30  LDA $3056
3060  0A        ASL A
3061  08        PHP
3062  18        CLC
3063  6D 02 30  ADC $3002
3066  85 AE     STA $AE
3068  A9 00     LDA #$00
306A  2A        ROL A
306B  28        PLP
306C  6D 03 30  ADC $3003
306F  85 AF     STA $AF
3071  18        CLC
3072  A0 00     LDY #$00
3074  B1 AE     LDA ($AE),Y
3076  69 01     ADC #$01
3078  85 A0     STA $A0
307A  C8        INY
307B  B1 AE     LDA ($AE),Y
307D  69 00     ADC #$00
307F  85 A1     STA $A1
3081  A6 A1     LDX $A1
3083  A5 A0     LDA $A0
3085  20 10 30  JSR $3010
3088  A5 A0     LDA $A0
308A  49 0A     EOR #$0A
308C  F0 03     BEQ $3091
308E  4C 99 30  JMP $3099
3091  A9 01     LDA #$01
3093  85 A0     STA $A0
3095  60        RTS
3096  4C 9E 30  JMP $309E
3099  A9 00     LDA #$00
309B  85 A0     STA $A0
309D  60        RTS
309E  60        RTS
309F  00        .BYTE $00
30A0  00        .BYTE $00
30A1  00        .BYTE $00
30A2  4C A5 30  JMP $30A5
30A5  20 F5 A0  JSR $A0F5
30A8  9F 30 02  .BYTE $9F,$30,$02
30AB  A0 01     LDY #$01
30AD  8C 00 30  STY $3000
30B0  AD 9F 30  LDA $309F
30B3  85 AE     STA $AE
30B5  AD A0 30  LDA $30A0
30B8  85 AF     STA $AF
30BA  88        DEY
30BB  B1 AE     LDA ($AE),Y
30BD  8D CB 30  STA $30CB
30C0  AD CB 30  LDA $30CB
30C3  CD 00 30  CMP $3000
30C6  B0 04     BCS $30CC
30C8  4C F2 30  JMP $30F2
30CB  00        .BYTE $00
30CC  18        CLC
30CD  AD 9F 30  LDA $309F
30D0  6D 00 30  ADC $3000
30D3  85 AE     STA $AE
30D5  AD A0 30  LDA $30A0
30D8  69 00     ADC #$00
30DA  85 AF     STA $AF
30DC  B1 AE     LDA ($AE),Y
30DE  4D A1 30  EOR $30A1
30E1  F0 03     BEQ $30E6
30E3  4C EC 30  JMP $30EC
30E6  AD 00 30  LDA $3000
30E9  85 A0     STA $A0
30EB  60        RTS
30EC  EE 00 30  INC $3000
30EF  4C C0 30  JMP $30C0
30F2  A9 00     LDA #$00
30F4  85 A0     STA $A0
30F6  60        RTS
30F7  4C FA 30  JMP $30FA
30FA  AD 0C 30  LDA $300C
30FD  8D 02 30  STA $3002
3100  AD 0D 30  LDA $300D
3103  8D 03 30  STA $3003
3106  A9 01     LDA #$01
3108  20 25 30  JSR $3025
310B  A5 A0     LDA $A0
310D  8D 01 30  STA $3001
3110  A9 02     LDA #$02
3112  20 57 30  JSR $3057
3115  A5 A0     LDA $A0
3117  8D 01 30  STA $3001
311A  4C 22 31  JMP $3122
311D  04        .BYTE $04
311E  56        .BYTE $56
311F  41        .BYTE $41
3120  44        .BYTE $44
3121  52        .BYTE $52
3122  A0 41     LDY #$41
3124  A2 31     LDX #$31
3126  A9 1D     LDA #$1D
3128  20 A2 30  JSR $30A2
312B  A5 A0     LDA $A0
312D  8D 01 30  STA $3001
3130  60        RTS
3131  60        RTS
